

================================================================
== Vitis HLS Report for 'seq_align_Pipeline_local_Ixmem_loop_VITIS_LOOP_93_4'
================================================================
* Date:           Sun Apr 16 22:11:18 2023

* Version:        2022.1 (Build 3526262 on Mon Apr 18 15:47:01 MDT 2022)
* Project:        local_seq_align_multiple_sa
* Solution:       solution1 (Vivado IP Flow Target)
* Product family: virtexuplus
* Target device:  xcvu5p-flva2104-1-e


================================================================
== Performance Estimates
================================================================
+ Timing: 
    * Summary: 
    +--------+---------+----------+------------+
    |  Clock |  Target | Estimated| Uncertainty|
    +--------+---------+----------+------------+
    |ap_clk  |  4.00 ns|  2.380 ns|     1.08 ns|
    +--------+---------+----------+------------+

+ Latency: 
    * Summary: 
    +---------+---------+----------+----------+-----+-----+---------+
    |  Latency (cycles) |  Latency (absolute) |  Interval | Pipeline|
    |   min   |   max   |    min   |    max   | min | max |   Type  |
    +---------+---------+----------+----------+-----+-----+---------+
    |       66|       66|  0.264 us|  0.264 us|   66|   66|       no|
    +---------+---------+----------+----------+-----+-----+---------+

    + Detail: 
        * Instance: 
        N/A

        * Loop: 
        +------------------------------------+---------+---------+----------+-----------+-----------+------+----------+
        |                                    |  Latency (cycles) | Iteration|  Initiation Interval  | Trip |          |
        |              Loop Name             |   min   |   max   |  Latency |  achieved |   target  | Count| Pipelined|
        +------------------------------------+---------+---------+----------+-----------+-----------+------+----------+
        |- local_Ixmem_loop_VITIS_LOOP_93_4  |       64|       64|         1|          1|          1|    64|       yes|
        +------------------------------------+---------+---------+----------+-----------+-----------+------+----------+



================================================================
== Utilization Estimates
================================================================
* Summary: 
+---------------------+---------+------+---------+--------+-----+
|         Name        | BRAM_18K|  DSP |    FF   |   LUT  | URAM|
+---------------------+---------+------+---------+--------+-----+
|DSP                  |        -|     -|        -|       -|    -|
|Expression           |        -|     -|        0|      65|    -|
|FIFO                 |        -|     -|        -|       -|    -|
|Instance             |        -|     -|        -|       -|    -|
|Memory               |        -|     -|        -|       -|    -|
|Multiplexer          |        -|     -|        -|      63|    -|
|Register             |        -|     -|       17|       -|    -|
+---------------------+---------+------+---------+--------+-----+
|Total                |        0|     0|       17|     128|    0|
+---------------------+---------+------+---------+--------+-----+
|Available SLR        |     1024|  1737|   600577|  300288|  235|
+---------------------+---------+------+---------+--------+-----+
|Utilization SLR (%)  |        0|     0|       ~0|      ~0|    0|
+---------------------+---------+------+---------+--------+-----+
|Available            |     2048|  3474|  1201154|  600577|  470|
+---------------------+---------+------+---------+--------+-----+
|Utilization (%)      |        0|     0|       ~0|      ~0|    0|
+---------------------+---------+------+---------+--------+-----+

+ Detail: 
    * Instance: 
    N/A

    * DSP: 
    N/A

    * Memory: 
    N/A

    * FIFO: 
    N/A

    * Expression: 
    +-------------------------+----------+----+---+----+------------+------------+
    |      Variable Name      | Operation| DSP| FF| LUT| Bitwidth P0| Bitwidth P1|
    +-------------------------+----------+----+---+----+------------+------------+
    |add_ln92_1_fu_957_p2     |         +|   0|  0|  14|           7|           1|
    |add_ln92_fu_969_p2       |         +|   0|  0|   9|           2|           1|
    |add_ln93_fu_1320_p2      |         +|   0|  0|  13|           6|           1|
    |icmp_ln92_fu_951_p2      |      icmp|   0|  0|  11|           7|           8|
    |icmp_ln93_fu_975_p2      |      icmp|   0|  0|  10|           6|           7|
    |select_ln92_1_fu_989_p3  |    select|   0|  0|   2|           1|           2|
    |select_ln92_fu_981_p3    |    select|   0|  0|   6|           1|           1|
    +-------------------------+----------+----+---+----+------------+------------+
    |Total                    |          |   0|  0|  65|          30|          21|
    +-------------------------+----------+----+---+----+------------+------------+

    * Multiplexer: 
    +-----------------------------------------+----+-----------+-----+-----------+
    |                   Name                  | LUT| Input Size| Bits| Total Bits|
    +-----------------------------------------+----+-----------+-----+-----------+
    |ap_done_int                              |   9|          2|    1|          2|
    |ap_sig_allocacmp_indvar_flatten139_load  |   9|          2|    7|         14|
    |ap_sig_allocacmp_mm_load                 |   9|          2|    2|          4|
    |ap_sig_allocacmp_nn_load                 |   9|          2|    6|         12|
    |indvar_flatten139_fu_236                 |   9|          2|    7|         14|
    |mm_fu_232                                |   9|          2|    2|          4|
    |nn_fu_228                                |   9|          2|    6|         12|
    +-----------------------------------------+----+-----------+-----+-----------+
    |Total                                    |  63|         14|   31|         62|
    +-----------------------------------------+----+-----------+-----+-----------+

    * Register: 
    +--------------------------+---+----+-----+-----------+
    |           Name           | FF| LUT| Bits| Const Bits|
    +--------------------------+---+----+-----+-----------+
    |ap_CS_fsm                 |  1|   0|    1|          0|
    |ap_done_reg               |  1|   0|    1|          0|
    |indvar_flatten139_fu_236  |  7|   0|    7|          0|
    |mm_fu_232                 |  2|   0|    2|          0|
    |nn_fu_228                 |  6|   0|    6|          0|
    +--------------------------+---+----+-----+-----------+
    |Total                     | 17|   0|   17|          0|
    +--------------------------+---+----+-----+-----------+



================================================================
== Interface
================================================================
* Summary: 
+----------------+-----+-----+------------+-----------------------------------------------------+--------------+
|    RTL Ports   | Dir | Bits|  Protocol  |                    Source Object                    |    C Type    |
+----------------+-----+-----+------------+-----------------------------------------------------+--------------+
|ap_clk          |   in|    1|  ap_ctrl_hs|  seq_align_Pipeline_local_Ixmem_loop_VITIS_LOOP_93_4|  return value|
|ap_rst          |   in|    1|  ap_ctrl_hs|  seq_align_Pipeline_local_Ixmem_loop_VITIS_LOOP_93_4|  return value|
|ap_start        |   in|    1|  ap_ctrl_hs|  seq_align_Pipeline_local_Ixmem_loop_VITIS_LOOP_93_4|  return value|
|ap_done         |  out|    1|  ap_ctrl_hs|  seq_align_Pipeline_local_Ixmem_loop_VITIS_LOOP_93_4|  return value|
|ap_idle         |  out|    1|  ap_ctrl_hs|  seq_align_Pipeline_local_Ixmem_loop_VITIS_LOOP_93_4|  return value|
|ap_ready        |  out|    1|  ap_ctrl_hs|  seq_align_Pipeline_local_Ixmem_loop_VITIS_LOOP_93_4|  return value|
|p_out           |  out|   10|      ap_vld|                                                p_out|       pointer|
|p_out_ap_vld    |  out|    1|      ap_vld|                                                p_out|       pointer|
|p_out1          |  out|   10|      ap_vld|                                               p_out1|       pointer|
|p_out1_ap_vld   |  out|    1|      ap_vld|                                               p_out1|       pointer|
|p_out2          |  out|   10|      ap_vld|                                               p_out2|       pointer|
|p_out2_ap_vld   |  out|    1|      ap_vld|                                               p_out2|       pointer|
|p_out3          |  out|   10|      ap_vld|                                               p_out3|       pointer|
|p_out3_ap_vld   |  out|    1|      ap_vld|                                               p_out3|       pointer|
|p_out4          |  out|   10|      ap_vld|                                               p_out4|       pointer|
|p_out4_ap_vld   |  out|    1|      ap_vld|                                               p_out4|       pointer|
|p_out5          |  out|   10|      ap_vld|                                               p_out5|       pointer|
|p_out5_ap_vld   |  out|    1|      ap_vld|                                               p_out5|       pointer|
|p_out6          |  out|   10|      ap_vld|                                               p_out6|       pointer|
|p_out6_ap_vld   |  out|    1|      ap_vld|                                               p_out6|       pointer|
|p_out7          |  out|   10|      ap_vld|                                               p_out7|       pointer|
|p_out7_ap_vld   |  out|    1|      ap_vld|                                               p_out7|       pointer|
|p_out8          |  out|   10|      ap_vld|                                               p_out8|       pointer|
|p_out8_ap_vld   |  out|    1|      ap_vld|                                               p_out8|       pointer|
|p_out9          |  out|   10|      ap_vld|                                               p_out9|       pointer|
|p_out9_ap_vld   |  out|    1|      ap_vld|                                               p_out9|       pointer|
|p_out10         |  out|   10|      ap_vld|                                              p_out10|       pointer|
|p_out10_ap_vld  |  out|    1|      ap_vld|                                              p_out10|       pointer|
|p_out11         |  out|   10|      ap_vld|                                              p_out11|       pointer|
|p_out11_ap_vld  |  out|    1|      ap_vld|                                              p_out11|       pointer|
|p_out12         |  out|   10|      ap_vld|                                              p_out12|       pointer|
|p_out12_ap_vld  |  out|    1|      ap_vld|                                              p_out12|       pointer|
|p_out13         |  out|   10|      ap_vld|                                              p_out13|       pointer|
|p_out13_ap_vld  |  out|    1|      ap_vld|                                              p_out13|       pointer|
|p_out14         |  out|   10|      ap_vld|                                              p_out14|       pointer|
|p_out14_ap_vld  |  out|    1|      ap_vld|                                              p_out14|       pointer|
|p_out15         |  out|   10|      ap_vld|                                              p_out15|       pointer|
|p_out15_ap_vld  |  out|    1|      ap_vld|                                              p_out15|       pointer|
|p_out16         |  out|   10|      ap_vld|                                              p_out16|       pointer|
|p_out16_ap_vld  |  out|    1|      ap_vld|                                              p_out16|       pointer|
|p_out17         |  out|   10|      ap_vld|                                              p_out17|       pointer|
|p_out17_ap_vld  |  out|    1|      ap_vld|                                              p_out17|       pointer|
|p_out18         |  out|   10|      ap_vld|                                              p_out18|       pointer|
|p_out18_ap_vld  |  out|    1|      ap_vld|                                              p_out18|       pointer|
|p_out19         |  out|   10|      ap_vld|                                              p_out19|       pointer|
|p_out19_ap_vld  |  out|    1|      ap_vld|                                              p_out19|       pointer|
|p_out20         |  out|   10|      ap_vld|                                              p_out20|       pointer|
|p_out20_ap_vld  |  out|    1|      ap_vld|                                              p_out20|       pointer|
|p_out21         |  out|   10|      ap_vld|                                              p_out21|       pointer|
|p_out21_ap_vld  |  out|    1|      ap_vld|                                              p_out21|       pointer|
|p_out22         |  out|   10|      ap_vld|                                              p_out22|       pointer|
|p_out22_ap_vld  |  out|    1|      ap_vld|                                              p_out22|       pointer|
|p_out23         |  out|   10|      ap_vld|                                              p_out23|       pointer|
|p_out23_ap_vld  |  out|    1|      ap_vld|                                              p_out23|       pointer|
|p_out24         |  out|   10|      ap_vld|                                              p_out24|       pointer|
|p_out24_ap_vld  |  out|    1|      ap_vld|                                              p_out24|       pointer|
|p_out25         |  out|   10|      ap_vld|                                              p_out25|       pointer|
|p_out25_ap_vld  |  out|    1|      ap_vld|                                              p_out25|       pointer|
|p_out26         |  out|   10|      ap_vld|                                              p_out26|       pointer|
|p_out26_ap_vld  |  out|    1|      ap_vld|                                              p_out26|       pointer|
|p_out27         |  out|   10|      ap_vld|                                              p_out27|       pointer|
|p_out27_ap_vld  |  out|    1|      ap_vld|                                              p_out27|       pointer|
|p_out28         |  out|   10|      ap_vld|                                              p_out28|       pointer|
|p_out28_ap_vld  |  out|    1|      ap_vld|                                              p_out28|       pointer|
|p_out29         |  out|   10|      ap_vld|                                              p_out29|       pointer|
|p_out29_ap_vld  |  out|    1|      ap_vld|                                              p_out29|       pointer|
|p_out30         |  out|   10|      ap_vld|                                              p_out30|       pointer|
|p_out30_ap_vld  |  out|    1|      ap_vld|                                              p_out30|       pointer|
|p_out31         |  out|   10|      ap_vld|                                              p_out31|       pointer|
|p_out31_ap_vld  |  out|    1|      ap_vld|                                              p_out31|       pointer|
|p_out32         |  out|   10|      ap_vld|                                              p_out32|       pointer|
|p_out32_ap_vld  |  out|    1|      ap_vld|                                              p_out32|       pointer|
|p_out33         |  out|   10|      ap_vld|                                              p_out33|       pointer|
|p_out33_ap_vld  |  out|    1|      ap_vld|                                              p_out33|       pointer|
|p_out34         |  out|   10|      ap_vld|                                              p_out34|       pointer|
|p_out34_ap_vld  |  out|    1|      ap_vld|                                              p_out34|       pointer|
|p_out35         |  out|   10|      ap_vld|                                              p_out35|       pointer|
|p_out35_ap_vld  |  out|    1|      ap_vld|                                              p_out35|       pointer|
|p_out36         |  out|   10|      ap_vld|                                              p_out36|       pointer|
|p_out36_ap_vld  |  out|    1|      ap_vld|                                              p_out36|       pointer|
|p_out37         |  out|   10|      ap_vld|                                              p_out37|       pointer|
|p_out37_ap_vld  |  out|    1|      ap_vld|                                              p_out37|       pointer|
|p_out38         |  out|   10|      ap_vld|                                              p_out38|       pointer|
|p_out38_ap_vld  |  out|    1|      ap_vld|                                              p_out38|       pointer|
|p_out39         |  out|   10|      ap_vld|                                              p_out39|       pointer|
|p_out39_ap_vld  |  out|    1|      ap_vld|                                              p_out39|       pointer|
|p_out40         |  out|   10|      ap_vld|                                              p_out40|       pointer|
|p_out40_ap_vld  |  out|    1|      ap_vld|                                              p_out40|       pointer|
|p_out41         |  out|   10|      ap_vld|                                              p_out41|       pointer|
|p_out41_ap_vld  |  out|    1|      ap_vld|                                              p_out41|       pointer|
|p_out42         |  out|   10|      ap_vld|                                              p_out42|       pointer|
|p_out42_ap_vld  |  out|    1|      ap_vld|                                              p_out42|       pointer|
|p_out43         |  out|   10|      ap_vld|                                              p_out43|       pointer|
|p_out43_ap_vld  |  out|    1|      ap_vld|                                              p_out43|       pointer|
|p_out44         |  out|   10|      ap_vld|                                              p_out44|       pointer|
|p_out44_ap_vld  |  out|    1|      ap_vld|                                              p_out44|       pointer|
|p_out45         |  out|   10|      ap_vld|                                              p_out45|       pointer|
|p_out45_ap_vld  |  out|    1|      ap_vld|                                              p_out45|       pointer|
|p_out46         |  out|   10|      ap_vld|                                              p_out46|       pointer|
|p_out46_ap_vld  |  out|    1|      ap_vld|                                              p_out46|       pointer|
|p_out47         |  out|   10|      ap_vld|                                              p_out47|       pointer|
|p_out47_ap_vld  |  out|    1|      ap_vld|                                              p_out47|       pointer|
|p_out48         |  out|   10|      ap_vld|                                              p_out48|       pointer|
|p_out48_ap_vld  |  out|    1|      ap_vld|                                              p_out48|       pointer|
|p_out49         |  out|   10|      ap_vld|                                              p_out49|       pointer|
|p_out49_ap_vld  |  out|    1|      ap_vld|                                              p_out49|       pointer|
|p_out50         |  out|   10|      ap_vld|                                              p_out50|       pointer|
|p_out50_ap_vld  |  out|    1|      ap_vld|                                              p_out50|       pointer|
|p_out51         |  out|   10|      ap_vld|                                              p_out51|       pointer|
|p_out51_ap_vld  |  out|    1|      ap_vld|                                              p_out51|       pointer|
|p_out52         |  out|   10|      ap_vld|                                              p_out52|       pointer|
|p_out52_ap_vld  |  out|    1|      ap_vld|                                              p_out52|       pointer|
|p_out53         |  out|   10|      ap_vld|                                              p_out53|       pointer|
|p_out53_ap_vld  |  out|    1|      ap_vld|                                              p_out53|       pointer|
|p_out54         |  out|   10|      ap_vld|                                              p_out54|       pointer|
|p_out54_ap_vld  |  out|    1|      ap_vld|                                              p_out54|       pointer|
|p_out55         |  out|   10|      ap_vld|                                              p_out55|       pointer|
|p_out55_ap_vld  |  out|    1|      ap_vld|                                              p_out55|       pointer|
|p_out56         |  out|   10|      ap_vld|                                              p_out56|       pointer|
|p_out56_ap_vld  |  out|    1|      ap_vld|                                              p_out56|       pointer|
|p_out57         |  out|   10|      ap_vld|                                              p_out57|       pointer|
|p_out57_ap_vld  |  out|    1|      ap_vld|                                              p_out57|       pointer|
|p_out58         |  out|   10|      ap_vld|                                              p_out58|       pointer|
|p_out58_ap_vld  |  out|    1|      ap_vld|                                              p_out58|       pointer|
|p_out59         |  out|   10|      ap_vld|                                              p_out59|       pointer|
|p_out59_ap_vld  |  out|    1|      ap_vld|                                              p_out59|       pointer|
|p_out60         |  out|   10|      ap_vld|                                              p_out60|       pointer|
|p_out60_ap_vld  |  out|    1|      ap_vld|                                              p_out60|       pointer|
|p_out61         |  out|   10|      ap_vld|                                              p_out61|       pointer|
|p_out61_ap_vld  |  out|    1|      ap_vld|                                              p_out61|       pointer|
|p_out62         |  out|   10|      ap_vld|                                              p_out62|       pointer|
|p_out62_ap_vld  |  out|    1|      ap_vld|                                              p_out62|       pointer|
+----------------+-----+-----+------------+-----------------------------------------------------+--------------+

