

================================================================
== Vitis HLS Report for 'seq_align'
================================================================
* Date:           Sun Apr 16 22:10:53 2023

* Version:        2022.1 (Build 3526262 on Mon Apr 18 15:47:01 MDT 2022)
* Project:        local_seq_align_multiple_sa
* Solution:       solution1 (Vivado IP Flow Target)
* Product family: virtexuplus
* Target device:  xcvu5p-flva2104-1-e


================================================================
== Performance Estimates
================================================================
+ Timing: 
    * Summary: 
    +--------+---------+----------+------------+
    |  Clock |  Target | Estimated| Uncertainty|
    +--------+---------+----------+------------+
    |ap_clk  |  4.00 ns|  6.044 ns|     1.08 ns|
    +--------+---------+----------+------------+

+ Latency: 
    * Summary: 
    +---------+---------+----------+----------+---------+---------+---------+
    |  Latency (cycles) |  Latency (absolute) |      Interval     | Pipeline|
    |   min   |   max   |    min   |    max   |   min   |   max   |   Type  |
    +---------+---------+----------+----------+---------+---------+---------+
    |  1082351|  1082351|  6.542 ms|  6.542 ms|  1082351|  1082351|       no|
    +---------+---------+----------+----------+---------+---------+---------+

    + Detail: 
        * Instance: 
        N/A

        * Loop: 
        N/A

============================================================
+ Verbose Summary: Synthesis Manager
============================================================
InlineROM: 1
ExposeGlobal: 0
============================================================
+ Verbose Summary: CDFG Model
============================================================
IsTopModel: 0
ResetActiveHigh: 1
IsCombinational: 0
IsDatapathOnly: 0
HasWiredReturn: 1
HasMFsm: 0
HasVarLatency: 1
IsPipeline: 0
IsRtlPipelined: 0
IsInstanceOverlapped: 0
IsDontTouch: 0
HasImplIP: 0
IsGatedGlobalClock: 0


============================================================
+ Verbose Summary: Schedule
============================================================
* Number of FSM states : 6
* Pipeline : 0
* Dataflow Pipeline: 0

* FSM state transitions: 
1 --> 2 
2 --> 3 
3 --> 4 
4 --> 5 
5 --> 6 
6 --> 

* FSM state operations: 

State 1 <SV = 0> <Delay = 0.00>
ST_1 : Operation 7 [1/1] (0.00ns)   --->   "%p_loc480 = alloca i64 1"   --->   Operation 7 'alloca' 'p_loc480' <Predicate = true> <Delay = 0.00>
ST_1 : Operation 8 [1/1] (0.00ns)   --->   "%p_loc479 = alloca i64 1"   --->   Operation 8 'alloca' 'p_loc479' <Predicate = true> <Delay = 0.00>
ST_1 : Operation 9 [1/1] (0.00ns)   --->   "%p_loc478 = alloca i64 1"   --->   Operation 9 'alloca' 'p_loc478' <Predicate = true> <Delay = 0.00>
ST_1 : Operation 10 [1/1] (0.00ns)   --->   "%p_loc477 = alloca i64 1"   --->   Operation 10 'alloca' 'p_loc477' <Predicate = true> <Delay = 0.00>
ST_1 : Operation 11 [1/1] (0.00ns)   --->   "%p_loc476 = alloca i64 1"   --->   Operation 11 'alloca' 'p_loc476' <Predicate = true> <Delay = 0.00>
ST_1 : Operation 12 [1/1] (0.00ns)   --->   "%p_loc475 = alloca i64 1"   --->   Operation 12 'alloca' 'p_loc475' <Predicate = true> <Delay = 0.00>
ST_1 : Operation 13 [1/1] (0.00ns)   --->   "%p_loc474 = alloca i64 1"   --->   Operation 13 'alloca' 'p_loc474' <Predicate = true> <Delay = 0.00>
ST_1 : Operation 14 [1/1] (0.00ns)   --->   "%p_loc473 = alloca i64 1"   --->   Operation 14 'alloca' 'p_loc473' <Predicate = true> <Delay = 0.00>
ST_1 : Operation 15 [1/1] (0.00ns)   --->   "%p_loc472 = alloca i64 1"   --->   Operation 15 'alloca' 'p_loc472' <Predicate = true> <Delay = 0.00>
ST_1 : Operation 16 [1/1] (0.00ns)   --->   "%p_loc471 = alloca i64 1"   --->   Operation 16 'alloca' 'p_loc471' <Predicate = true> <Delay = 0.00>
ST_1 : Operation 17 [1/1] (0.00ns)   --->   "%p_loc470 = alloca i64 1"   --->   Operation 17 'alloca' 'p_loc470' <Predicate = true> <Delay = 0.00>
ST_1 : Operation 18 [1/1] (0.00ns)   --->   "%p_loc469 = alloca i64 1"   --->   Operation 18 'alloca' 'p_loc469' <Predicate = true> <Delay = 0.00>
ST_1 : Operation 19 [1/1] (0.00ns)   --->   "%p_loc468 = alloca i64 1"   --->   Operation 19 'alloca' 'p_loc468' <Predicate = true> <Delay = 0.00>
ST_1 : Operation 20 [1/1] (0.00ns)   --->   "%p_loc467 = alloca i64 1"   --->   Operation 20 'alloca' 'p_loc467' <Predicate = true> <Delay = 0.00>
ST_1 : Operation 21 [1/1] (0.00ns)   --->   "%p_loc466 = alloca i64 1"   --->   Operation 21 'alloca' 'p_loc466' <Predicate = true> <Delay = 0.00>
ST_1 : Operation 22 [1/1] (0.00ns)   --->   "%p_loc465 = alloca i64 1"   --->   Operation 22 'alloca' 'p_loc465' <Predicate = true> <Delay = 0.00>
ST_1 : Operation 23 [1/1] (0.00ns)   --->   "%p_loc464 = alloca i64 1"   --->   Operation 23 'alloca' 'p_loc464' <Predicate = true> <Delay = 0.00>
ST_1 : Operation 24 [1/1] (0.00ns)   --->   "%p_loc463 = alloca i64 1"   --->   Operation 24 'alloca' 'p_loc463' <Predicate = true> <Delay = 0.00>
ST_1 : Operation 25 [1/1] (0.00ns)   --->   "%p_loc462 = alloca i64 1"   --->   Operation 25 'alloca' 'p_loc462' <Predicate = true> <Delay = 0.00>
ST_1 : Operation 26 [1/1] (0.00ns)   --->   "%p_loc461 = alloca i64 1"   --->   Operation 26 'alloca' 'p_loc461' <Predicate = true> <Delay = 0.00>
ST_1 : Operation 27 [1/1] (0.00ns)   --->   "%p_loc460 = alloca i64 1"   --->   Operation 27 'alloca' 'p_loc460' <Predicate = true> <Delay = 0.00>
ST_1 : Operation 28 [1/1] (0.00ns)   --->   "%p_loc459 = alloca i64 1"   --->   Operation 28 'alloca' 'p_loc459' <Predicate = true> <Delay = 0.00>
ST_1 : Operation 29 [1/1] (0.00ns)   --->   "%p_loc458 = alloca i64 1"   --->   Operation 29 'alloca' 'p_loc458' <Predicate = true> <Delay = 0.00>
ST_1 : Operation 30 [1/1] (0.00ns)   --->   "%p_loc457 = alloca i64 1"   --->   Operation 30 'alloca' 'p_loc457' <Predicate = true> <Delay = 0.00>
ST_1 : Operation 31 [1/1] (0.00ns)   --->   "%p_loc456 = alloca i64 1"   --->   Operation 31 'alloca' 'p_loc456' <Predicate = true> <Delay = 0.00>
ST_1 : Operation 32 [1/1] (0.00ns)   --->   "%p_loc455 = alloca i64 1"   --->   Operation 32 'alloca' 'p_loc455' <Predicate = true> <Delay = 0.00>
ST_1 : Operation 33 [1/1] (0.00ns)   --->   "%p_loc454 = alloca i64 1"   --->   Operation 33 'alloca' 'p_loc454' <Predicate = true> <Delay = 0.00>
ST_1 : Operation 34 [1/1] (0.00ns)   --->   "%p_loc453 = alloca i64 1"   --->   Operation 34 'alloca' 'p_loc453' <Predicate = true> <Delay = 0.00>
ST_1 : Operation 35 [1/1] (0.00ns)   --->   "%p_loc452 = alloca i64 1"   --->   Operation 35 'alloca' 'p_loc452' <Predicate = true> <Delay = 0.00>
ST_1 : Operation 36 [1/1] (0.00ns)   --->   "%p_loc451 = alloca i64 1"   --->   Operation 36 'alloca' 'p_loc451' <Predicate = true> <Delay = 0.00>
ST_1 : Operation 37 [1/1] (0.00ns)   --->   "%p_loc450 = alloca i64 1"   --->   Operation 37 'alloca' 'p_loc450' <Predicate = true> <Delay = 0.00>
ST_1 : Operation 38 [1/1] (0.00ns)   --->   "%p_loc449 = alloca i64 1"   --->   Operation 38 'alloca' 'p_loc449' <Predicate = true> <Delay = 0.00>
ST_1 : Operation 39 [1/1] (0.00ns)   --->   "%p_loc448 = alloca i64 1"   --->   Operation 39 'alloca' 'p_loc448' <Predicate = true> <Delay = 0.00>
ST_1 : Operation 40 [1/1] (0.00ns)   --->   "%p_loc447 = alloca i64 1"   --->   Operation 40 'alloca' 'p_loc447' <Predicate = true> <Delay = 0.00>
ST_1 : Operation 41 [1/1] (0.00ns)   --->   "%p_loc446 = alloca i64 1"   --->   Operation 41 'alloca' 'p_loc446' <Predicate = true> <Delay = 0.00>
ST_1 : Operation 42 [1/1] (0.00ns)   --->   "%p_loc445 = alloca i64 1"   --->   Operation 42 'alloca' 'p_loc445' <Predicate = true> <Delay = 0.00>
ST_1 : Operation 43 [1/1] (0.00ns)   --->   "%p_loc444 = alloca i64 1"   --->   Operation 43 'alloca' 'p_loc444' <Predicate = true> <Delay = 0.00>
ST_1 : Operation 44 [1/1] (0.00ns)   --->   "%p_loc443 = alloca i64 1"   --->   Operation 44 'alloca' 'p_loc443' <Predicate = true> <Delay = 0.00>
ST_1 : Operation 45 [1/1] (0.00ns)   --->   "%p_loc442 = alloca i64 1"   --->   Operation 45 'alloca' 'p_loc442' <Predicate = true> <Delay = 0.00>
ST_1 : Operation 46 [1/1] (0.00ns)   --->   "%p_loc441 = alloca i64 1"   --->   Operation 46 'alloca' 'p_loc441' <Predicate = true> <Delay = 0.00>
ST_1 : Operation 47 [1/1] (0.00ns)   --->   "%p_loc440 = alloca i64 1"   --->   Operation 47 'alloca' 'p_loc440' <Predicate = true> <Delay = 0.00>
ST_1 : Operation 48 [1/1] (0.00ns)   --->   "%p_loc439 = alloca i64 1"   --->   Operation 48 'alloca' 'p_loc439' <Predicate = true> <Delay = 0.00>
ST_1 : Operation 49 [1/1] (0.00ns)   --->   "%p_loc438 = alloca i64 1"   --->   Operation 49 'alloca' 'p_loc438' <Predicate = true> <Delay = 0.00>
ST_1 : Operation 50 [1/1] (0.00ns)   --->   "%p_loc437 = alloca i64 1"   --->   Operation 50 'alloca' 'p_loc437' <Predicate = true> <Delay = 0.00>
ST_1 : Operation 51 [1/1] (0.00ns)   --->   "%p_loc436 = alloca i64 1"   --->   Operation 51 'alloca' 'p_loc436' <Predicate = true> <Delay = 0.00>
ST_1 : Operation 52 [1/1] (0.00ns)   --->   "%p_loc435 = alloca i64 1"   --->   Operation 52 'alloca' 'p_loc435' <Predicate = true> <Delay = 0.00>
ST_1 : Operation 53 [1/1] (0.00ns)   --->   "%p_loc434 = alloca i64 1"   --->   Operation 53 'alloca' 'p_loc434' <Predicate = true> <Delay = 0.00>
ST_1 : Operation 54 [1/1] (0.00ns)   --->   "%p_loc433 = alloca i64 1"   --->   Operation 54 'alloca' 'p_loc433' <Predicate = true> <Delay = 0.00>
ST_1 : Operation 55 [1/1] (0.00ns)   --->   "%p_loc432 = alloca i64 1"   --->   Operation 55 'alloca' 'p_loc432' <Predicate = true> <Delay = 0.00>
ST_1 : Operation 56 [1/1] (0.00ns)   --->   "%p_loc431 = alloca i64 1"   --->   Operation 56 'alloca' 'p_loc431' <Predicate = true> <Delay = 0.00>
ST_1 : Operation 57 [1/1] (0.00ns)   --->   "%p_loc430 = alloca i64 1"   --->   Operation 57 'alloca' 'p_loc430' <Predicate = true> <Delay = 0.00>
ST_1 : Operation 58 [1/1] (0.00ns)   --->   "%p_loc429 = alloca i64 1"   --->   Operation 58 'alloca' 'p_loc429' <Predicate = true> <Delay = 0.00>
ST_1 : Operation 59 [1/1] (0.00ns)   --->   "%p_loc428 = alloca i64 1"   --->   Operation 59 'alloca' 'p_loc428' <Predicate = true> <Delay = 0.00>
ST_1 : Operation 60 [1/1] (0.00ns)   --->   "%p_loc427 = alloca i64 1"   --->   Operation 60 'alloca' 'p_loc427' <Predicate = true> <Delay = 0.00>
ST_1 : Operation 61 [1/1] (0.00ns)   --->   "%p_loc426 = alloca i64 1"   --->   Operation 61 'alloca' 'p_loc426' <Predicate = true> <Delay = 0.00>
ST_1 : Operation 62 [1/1] (0.00ns)   --->   "%p_loc425 = alloca i64 1"   --->   Operation 62 'alloca' 'p_loc425' <Predicate = true> <Delay = 0.00>
ST_1 : Operation 63 [1/1] (0.00ns)   --->   "%p_loc424 = alloca i64 1"   --->   Operation 63 'alloca' 'p_loc424' <Predicate = true> <Delay = 0.00>
ST_1 : Operation 64 [1/1] (0.00ns)   --->   "%p_loc423 = alloca i64 1"   --->   Operation 64 'alloca' 'p_loc423' <Predicate = true> <Delay = 0.00>
ST_1 : Operation 65 [1/1] (0.00ns)   --->   "%p_loc422 = alloca i64 1"   --->   Operation 65 'alloca' 'p_loc422' <Predicate = true> <Delay = 0.00>
ST_1 : Operation 66 [1/1] (0.00ns)   --->   "%p_loc421 = alloca i64 1"   --->   Operation 66 'alloca' 'p_loc421' <Predicate = true> <Delay = 0.00>
ST_1 : Operation 67 [1/1] (0.00ns)   --->   "%p_loc420 = alloca i64 1"   --->   Operation 67 'alloca' 'p_loc420' <Predicate = true> <Delay = 0.00>
ST_1 : Operation 68 [1/1] (0.00ns)   --->   "%p_loc419 = alloca i64 1"   --->   Operation 68 'alloca' 'p_loc419' <Predicate = true> <Delay = 0.00>
ST_1 : Operation 69 [1/1] (0.00ns)   --->   "%p_loc418 = alloca i64 1"   --->   Operation 69 'alloca' 'p_loc418' <Predicate = true> <Delay = 0.00>
ST_1 : Operation 70 [1/1] (0.00ns)   --->   "%p_loc354 = alloca i64 1"   --->   Operation 70 'alloca' 'p_loc354' <Predicate = true> <Delay = 0.00>
ST_1 : Operation 71 [1/1] (0.00ns)   --->   "%p_loc353 = alloca i64 1"   --->   Operation 71 'alloca' 'p_loc353' <Predicate = true> <Delay = 0.00>
ST_1 : Operation 72 [1/1] (0.00ns)   --->   "%p_loc352 = alloca i64 1"   --->   Operation 72 'alloca' 'p_loc352' <Predicate = true> <Delay = 0.00>
ST_1 : Operation 73 [1/1] (0.00ns)   --->   "%p_loc351 = alloca i64 1"   --->   Operation 73 'alloca' 'p_loc351' <Predicate = true> <Delay = 0.00>
ST_1 : Operation 74 [1/1] (0.00ns)   --->   "%p_loc350 = alloca i64 1"   --->   Operation 74 'alloca' 'p_loc350' <Predicate = true> <Delay = 0.00>
ST_1 : Operation 75 [1/1] (0.00ns)   --->   "%p_loc349 = alloca i64 1"   --->   Operation 75 'alloca' 'p_loc349' <Predicate = true> <Delay = 0.00>
ST_1 : Operation 76 [1/1] (0.00ns)   --->   "%p_loc348 = alloca i64 1"   --->   Operation 76 'alloca' 'p_loc348' <Predicate = true> <Delay = 0.00>
ST_1 : Operation 77 [1/1] (0.00ns)   --->   "%p_loc347 = alloca i64 1"   --->   Operation 77 'alloca' 'p_loc347' <Predicate = true> <Delay = 0.00>
ST_1 : Operation 78 [1/1] (0.00ns)   --->   "%p_loc346 = alloca i64 1"   --->   Operation 78 'alloca' 'p_loc346' <Predicate = true> <Delay = 0.00>
ST_1 : Operation 79 [1/1] (0.00ns)   --->   "%p_loc345 = alloca i64 1"   --->   Operation 79 'alloca' 'p_loc345' <Predicate = true> <Delay = 0.00>
ST_1 : Operation 80 [1/1] (0.00ns)   --->   "%p_loc344 = alloca i64 1"   --->   Operation 80 'alloca' 'p_loc344' <Predicate = true> <Delay = 0.00>
ST_1 : Operation 81 [1/1] (0.00ns)   --->   "%p_loc343 = alloca i64 1"   --->   Operation 81 'alloca' 'p_loc343' <Predicate = true> <Delay = 0.00>
ST_1 : Operation 82 [1/1] (0.00ns)   --->   "%p_loc342 = alloca i64 1"   --->   Operation 82 'alloca' 'p_loc342' <Predicate = true> <Delay = 0.00>
ST_1 : Operation 83 [1/1] (0.00ns)   --->   "%p_loc341 = alloca i64 1"   --->   Operation 83 'alloca' 'p_loc341' <Predicate = true> <Delay = 0.00>
ST_1 : Operation 84 [1/1] (0.00ns)   --->   "%p_loc340 = alloca i64 1"   --->   Operation 84 'alloca' 'p_loc340' <Predicate = true> <Delay = 0.00>
ST_1 : Operation 85 [1/1] (0.00ns)   --->   "%p_loc339 = alloca i64 1"   --->   Operation 85 'alloca' 'p_loc339' <Predicate = true> <Delay = 0.00>
ST_1 : Operation 86 [1/1] (0.00ns)   --->   "%p_loc338 = alloca i64 1"   --->   Operation 86 'alloca' 'p_loc338' <Predicate = true> <Delay = 0.00>
ST_1 : Operation 87 [1/1] (0.00ns)   --->   "%p_loc337 = alloca i64 1"   --->   Operation 87 'alloca' 'p_loc337' <Predicate = true> <Delay = 0.00>
ST_1 : Operation 88 [1/1] (0.00ns)   --->   "%p_loc336 = alloca i64 1"   --->   Operation 88 'alloca' 'p_loc336' <Predicate = true> <Delay = 0.00>
ST_1 : Operation 89 [1/1] (0.00ns)   --->   "%p_loc335 = alloca i64 1"   --->   Operation 89 'alloca' 'p_loc335' <Predicate = true> <Delay = 0.00>
ST_1 : Operation 90 [1/1] (0.00ns)   --->   "%p_loc334 = alloca i64 1"   --->   Operation 90 'alloca' 'p_loc334' <Predicate = true> <Delay = 0.00>
ST_1 : Operation 91 [1/1] (0.00ns)   --->   "%p_loc333 = alloca i64 1"   --->   Operation 91 'alloca' 'p_loc333' <Predicate = true> <Delay = 0.00>
ST_1 : Operation 92 [1/1] (0.00ns)   --->   "%p_loc332 = alloca i64 1"   --->   Operation 92 'alloca' 'p_loc332' <Predicate = true> <Delay = 0.00>
ST_1 : Operation 93 [1/1] (0.00ns)   --->   "%p_loc331 = alloca i64 1"   --->   Operation 93 'alloca' 'p_loc331' <Predicate = true> <Delay = 0.00>
ST_1 : Operation 94 [1/1] (0.00ns)   --->   "%p_loc330 = alloca i64 1"   --->   Operation 94 'alloca' 'p_loc330' <Predicate = true> <Delay = 0.00>
ST_1 : Operation 95 [1/1] (0.00ns)   --->   "%p_loc329 = alloca i64 1"   --->   Operation 95 'alloca' 'p_loc329' <Predicate = true> <Delay = 0.00>
ST_1 : Operation 96 [1/1] (0.00ns)   --->   "%p_loc328 = alloca i64 1"   --->   Operation 96 'alloca' 'p_loc328' <Predicate = true> <Delay = 0.00>
ST_1 : Operation 97 [1/1] (0.00ns)   --->   "%p_loc327 = alloca i64 1"   --->   Operation 97 'alloca' 'p_loc327' <Predicate = true> <Delay = 0.00>
ST_1 : Operation 98 [1/1] (0.00ns)   --->   "%p_loc326 = alloca i64 1"   --->   Operation 98 'alloca' 'p_loc326' <Predicate = true> <Delay = 0.00>
ST_1 : Operation 99 [1/1] (0.00ns)   --->   "%p_loc325 = alloca i64 1"   --->   Operation 99 'alloca' 'p_loc325' <Predicate = true> <Delay = 0.00>
ST_1 : Operation 100 [1/1] (0.00ns)   --->   "%p_loc324 = alloca i64 1"   --->   Operation 100 'alloca' 'p_loc324' <Predicate = true> <Delay = 0.00>
ST_1 : Operation 101 [1/1] (0.00ns)   --->   "%p_loc323 = alloca i64 1"   --->   Operation 101 'alloca' 'p_loc323' <Predicate = true> <Delay = 0.00>
ST_1 : Operation 102 [1/1] (0.00ns)   --->   "%p_loc322 = alloca i64 1"   --->   Operation 102 'alloca' 'p_loc322' <Predicate = true> <Delay = 0.00>
ST_1 : Operation 103 [1/1] (0.00ns)   --->   "%p_loc321 = alloca i64 1"   --->   Operation 103 'alloca' 'p_loc321' <Predicate = true> <Delay = 0.00>
ST_1 : Operation 104 [1/1] (0.00ns)   --->   "%p_loc320 = alloca i64 1"   --->   Operation 104 'alloca' 'p_loc320' <Predicate = true> <Delay = 0.00>
ST_1 : Operation 105 [1/1] (0.00ns)   --->   "%p_loc319 = alloca i64 1"   --->   Operation 105 'alloca' 'p_loc319' <Predicate = true> <Delay = 0.00>
ST_1 : Operation 106 [1/1] (0.00ns)   --->   "%p_loc318 = alloca i64 1"   --->   Operation 106 'alloca' 'p_loc318' <Predicate = true> <Delay = 0.00>
ST_1 : Operation 107 [1/1] (0.00ns)   --->   "%p_loc317 = alloca i64 1"   --->   Operation 107 'alloca' 'p_loc317' <Predicate = true> <Delay = 0.00>
ST_1 : Operation 108 [1/1] (0.00ns)   --->   "%p_loc316 = alloca i64 1"   --->   Operation 108 'alloca' 'p_loc316' <Predicate = true> <Delay = 0.00>
ST_1 : Operation 109 [1/1] (0.00ns)   --->   "%p_loc315 = alloca i64 1"   --->   Operation 109 'alloca' 'p_loc315' <Predicate = true> <Delay = 0.00>
ST_1 : Operation 110 [1/1] (0.00ns)   --->   "%p_loc314 = alloca i64 1"   --->   Operation 110 'alloca' 'p_loc314' <Predicate = true> <Delay = 0.00>
ST_1 : Operation 111 [1/1] (0.00ns)   --->   "%p_loc313 = alloca i64 1"   --->   Operation 111 'alloca' 'p_loc313' <Predicate = true> <Delay = 0.00>
ST_1 : Operation 112 [1/1] (0.00ns)   --->   "%p_loc312 = alloca i64 1"   --->   Operation 112 'alloca' 'p_loc312' <Predicate = true> <Delay = 0.00>
ST_1 : Operation 113 [1/1] (0.00ns)   --->   "%p_loc311 = alloca i64 1"   --->   Operation 113 'alloca' 'p_loc311' <Predicate = true> <Delay = 0.00>
ST_1 : Operation 114 [1/1] (0.00ns)   --->   "%p_loc310 = alloca i64 1"   --->   Operation 114 'alloca' 'p_loc310' <Predicate = true> <Delay = 0.00>
ST_1 : Operation 115 [1/1] (0.00ns)   --->   "%p_loc309 = alloca i64 1"   --->   Operation 115 'alloca' 'p_loc309' <Predicate = true> <Delay = 0.00>
ST_1 : Operation 116 [1/1] (0.00ns)   --->   "%p_loc308 = alloca i64 1"   --->   Operation 116 'alloca' 'p_loc308' <Predicate = true> <Delay = 0.00>
ST_1 : Operation 117 [1/1] (0.00ns)   --->   "%p_loc307 = alloca i64 1"   --->   Operation 117 'alloca' 'p_loc307' <Predicate = true> <Delay = 0.00>
ST_1 : Operation 118 [1/1] (0.00ns)   --->   "%p_loc306 = alloca i64 1"   --->   Operation 118 'alloca' 'p_loc306' <Predicate = true> <Delay = 0.00>
ST_1 : Operation 119 [1/1] (0.00ns)   --->   "%p_loc305 = alloca i64 1"   --->   Operation 119 'alloca' 'p_loc305' <Predicate = true> <Delay = 0.00>
ST_1 : Operation 120 [1/1] (0.00ns)   --->   "%p_loc304 = alloca i64 1"   --->   Operation 120 'alloca' 'p_loc304' <Predicate = true> <Delay = 0.00>
ST_1 : Operation 121 [1/1] (0.00ns)   --->   "%p_loc303 = alloca i64 1"   --->   Operation 121 'alloca' 'p_loc303' <Predicate = true> <Delay = 0.00>
ST_1 : Operation 122 [1/1] (0.00ns)   --->   "%p_loc302 = alloca i64 1"   --->   Operation 122 'alloca' 'p_loc302' <Predicate = true> <Delay = 0.00>
ST_1 : Operation 123 [1/1] (0.00ns)   --->   "%p_loc301 = alloca i64 1"   --->   Operation 123 'alloca' 'p_loc301' <Predicate = true> <Delay = 0.00>
ST_1 : Operation 124 [1/1] (0.00ns)   --->   "%p_loc300 = alloca i64 1"   --->   Operation 124 'alloca' 'p_loc300' <Predicate = true> <Delay = 0.00>
ST_1 : Operation 125 [1/1] (0.00ns)   --->   "%p_loc299 = alloca i64 1"   --->   Operation 125 'alloca' 'p_loc299' <Predicate = true> <Delay = 0.00>
ST_1 : Operation 126 [1/1] (0.00ns)   --->   "%p_loc298 = alloca i64 1"   --->   Operation 126 'alloca' 'p_loc298' <Predicate = true> <Delay = 0.00>
ST_1 : Operation 127 [1/1] (0.00ns)   --->   "%p_loc297 = alloca i64 1"   --->   Operation 127 'alloca' 'p_loc297' <Predicate = true> <Delay = 0.00>
ST_1 : Operation 128 [1/1] (0.00ns)   --->   "%p_loc296 = alloca i64 1"   --->   Operation 128 'alloca' 'p_loc296' <Predicate = true> <Delay = 0.00>
ST_1 : Operation 129 [1/1] (0.00ns)   --->   "%p_loc295 = alloca i64 1"   --->   Operation 129 'alloca' 'p_loc295' <Predicate = true> <Delay = 0.00>
ST_1 : Operation 130 [1/1] (0.00ns)   --->   "%p_loc294 = alloca i64 1"   --->   Operation 130 'alloca' 'p_loc294' <Predicate = true> <Delay = 0.00>
ST_1 : Operation 131 [1/1] (0.00ns)   --->   "%p_loc293 = alloca i64 1"   --->   Operation 131 'alloca' 'p_loc293' <Predicate = true> <Delay = 0.00>
ST_1 : Operation 132 [1/1] (0.00ns)   --->   "%p_loc = alloca i64 1"   --->   Operation 132 'alloca' 'p_loc' <Predicate = true> <Delay = 0.00>
ST_1 : Operation 133 [1/1] (0.00ns)   --->   "%dp_matrix_V = alloca i64 1" [seq_align_multiple.cpp:68]   --->   Operation 133 'alloca' 'dp_matrix_V' <Predicate = true> <Delay = 0.00> <CoreInst = "RAM">   --->   Core 83 'RAM' <Latency = 1> <II = 1> <Delay = 1.29> <Storage> <Opcode : 'load' 'store'> <Ports = 2> <Width = 9> <Depth = 65536> <RAM>
ST_1 : Operation 134 [1/1] (0.00ns)   --->   "%last_pe_score_V = alloca i64 1" [seq_align_multiple.cpp:72]   --->   Operation 134 'alloca' 'last_pe_score_V' <Predicate = true> <Delay = 0.00>
ST_1 : Operation 135 [1/1] (0.00ns)   --->   "%last_pe_scoreIx_V = alloca i64 1" [seq_align_multiple.cpp:73]   --->   Operation 135 'alloca' 'last_pe_scoreIx_V' <Predicate = true> <Delay = 0.00>
ST_1 : Operation 136 [1/1] (0.00ns)   --->   "%local_reference_V = alloca i64 1" [seq_align_multiple.cpp:115]   --->   Operation 136 'alloca' 'local_reference_V' <Predicate = true> <Delay = 0.00>
ST_1 : Operation 137 [1/1] (0.00ns)   --->   "%local_reference_V_1 = alloca i64 1" [seq_align_multiple.cpp:115]   --->   Operation 137 'alloca' 'local_reference_V_1' <Predicate = true> <Delay = 0.00>
ST_1 : Operation 138 [1/1] (0.00ns)   --->   "%local_reference_V_2 = alloca i64 1" [seq_align_multiple.cpp:115]   --->   Operation 138 'alloca' 'local_reference_V_2' <Predicate = true> <Delay = 0.00>
ST_1 : Operation 139 [1/1] (0.00ns)   --->   "%local_reference_V_3 = alloca i64 1" [seq_align_multiple.cpp:115]   --->   Operation 139 'alloca' 'local_reference_V_3' <Predicate = true> <Delay = 0.00>
ST_1 : Operation 140 [1/1] (0.00ns)   --->   "%local_reference_V_4 = alloca i64 1" [seq_align_multiple.cpp:115]   --->   Operation 140 'alloca' 'local_reference_V_4' <Predicate = true> <Delay = 0.00>
ST_1 : Operation 141 [1/1] (0.00ns)   --->   "%local_reference_V_5 = alloca i64 1" [seq_align_multiple.cpp:115]   --->   Operation 141 'alloca' 'local_reference_V_5' <Predicate = true> <Delay = 0.00>
ST_1 : Operation 142 [1/1] (0.00ns)   --->   "%local_reference_V_6 = alloca i64 1" [seq_align_multiple.cpp:115]   --->   Operation 142 'alloca' 'local_reference_V_6' <Predicate = true> <Delay = 0.00>
ST_1 : Operation 143 [1/1] (0.00ns)   --->   "%local_reference_V_7 = alloca i64 1" [seq_align_multiple.cpp:115]   --->   Operation 143 'alloca' 'local_reference_V_7' <Predicate = true> <Delay = 0.00>
ST_1 : Operation 144 [1/1] (0.00ns)   --->   "%local_reference_V_8 = alloca i64 1" [seq_align_multiple.cpp:115]   --->   Operation 144 'alloca' 'local_reference_V_8' <Predicate = true> <Delay = 0.00>
ST_1 : Operation 145 [1/1] (0.00ns)   --->   "%local_reference_V_9 = alloca i64 1" [seq_align_multiple.cpp:115]   --->   Operation 145 'alloca' 'local_reference_V_9' <Predicate = true> <Delay = 0.00>
ST_1 : Operation 146 [1/1] (0.00ns)   --->   "%local_reference_V_10 = alloca i64 1" [seq_align_multiple.cpp:115]   --->   Operation 146 'alloca' 'local_reference_V_10' <Predicate = true> <Delay = 0.00>
ST_1 : Operation 147 [1/1] (0.00ns)   --->   "%local_reference_V_11 = alloca i64 1" [seq_align_multiple.cpp:115]   --->   Operation 147 'alloca' 'local_reference_V_11' <Predicate = true> <Delay = 0.00>
ST_1 : Operation 148 [1/1] (0.00ns)   --->   "%local_reference_V_12 = alloca i64 1" [seq_align_multiple.cpp:115]   --->   Operation 148 'alloca' 'local_reference_V_12' <Predicate = true> <Delay = 0.00>
ST_1 : Operation 149 [1/1] (0.00ns)   --->   "%local_reference_V_13 = alloca i64 1" [seq_align_multiple.cpp:115]   --->   Operation 149 'alloca' 'local_reference_V_13' <Predicate = true> <Delay = 0.00>
ST_1 : Operation 150 [1/1] (0.00ns)   --->   "%local_reference_V_14 = alloca i64 1" [seq_align_multiple.cpp:115]   --->   Operation 150 'alloca' 'local_reference_V_14' <Predicate = true> <Delay = 0.00>
ST_1 : Operation 151 [1/1] (0.00ns)   --->   "%local_reference_V_15 = alloca i64 1" [seq_align_multiple.cpp:115]   --->   Operation 151 'alloca' 'local_reference_V_15' <Predicate = true> <Delay = 0.00>
ST_1 : Operation 152 [2/2] (0.00ns)   --->   "%call_ln0 = call void @seq_align_Pipeline_VITIS_LOOP_78_1_VITIS_LOOP_79_2, i9 %dp_matrix_V"   --->   Operation 152 'call' 'call_ln0' <Predicate = true> <Delay = 0.00> <CoreType = "Generic">   --->   Core 0 '' <Latency = 0> <II = 1> <Delay = 1.00> <Generic> <Opcode : >
ST_1 : Operation 153 [2/2] (0.00ns)   --->   "%call_ln0 = call void @seq_align_Pipeline_local_dpmem_loop_VITIS_LOOP_86_3, i10 %p_loc, i10 %p_loc293, i10 %p_loc294, i10 %p_loc295, i10 %p_loc296, i10 %p_loc297, i10 %p_loc298, i10 %p_loc299, i10 %p_loc300, i10 %p_loc301, i10 %p_loc302, i10 %p_loc303, i10 %p_loc304, i10 %p_loc305, i10 %p_loc306, i10 %p_loc307, i10 %p_loc308, i10 %p_loc309, i10 %p_loc310, i10 %p_loc311, i10 %p_loc312, i10 %p_loc313, i10 %p_loc314, i10 %p_loc315, i10 %p_loc316, i10 %p_loc317, i10 %p_loc318, i10 %p_loc319, i10 %p_loc320, i10 %p_loc321, i10 %p_loc322, i10 %p_loc323, i10 %p_loc324, i10 %p_loc325, i10 %p_loc326, i10 %p_loc327, i10 %p_loc328, i10 %p_loc329, i10 %p_loc330, i10 %p_loc331, i10 %p_loc332, i10 %p_loc333, i10 %p_loc334, i10 %p_loc335, i10 %p_loc336, i10 %p_loc337, i10 %p_loc338, i10 %p_loc339, i10 %p_loc340, i10 %p_loc341, i10 %p_loc342, i10 %p_loc343, i10 %p_loc344, i10 %p_loc345, i10 %p_loc346, i10 %p_loc347, i10 %p_loc348, i10 %p_loc349, i10 %p_loc350, i10 %p_loc351, i10 %p_loc352, i10 %p_loc353, i10 %p_loc354"   --->   Operation 153 'call' 'call_ln0' <Predicate = true> <Delay = 0.00> <CoreType = "Generic">   --->   Core 0 '' <Latency = 0> <II = 1> <Delay = 1.00> <Generic> <Opcode : >
ST_1 : Operation 154 [2/2] (0.00ns)   --->   "%call_ln0 = call void @seq_align_Pipeline_local_Ixmem_loop_VITIS_LOOP_93_4, i10 %p_loc418, i10 %p_loc419, i10 %p_loc420, i10 %p_loc421, i10 %p_loc422, i10 %p_loc423, i10 %p_loc424, i10 %p_loc425, i10 %p_loc426, i10 %p_loc427, i10 %p_loc428, i10 %p_loc429, i10 %p_loc430, i10 %p_loc431, i10 %p_loc432, i10 %p_loc433, i10 %p_loc434, i10 %p_loc435, i10 %p_loc436, i10 %p_loc437, i10 %p_loc438, i10 %p_loc439, i10 %p_loc440, i10 %p_loc441, i10 %p_loc442, i10 %p_loc443, i10 %p_loc444, i10 %p_loc445, i10 %p_loc446, i10 %p_loc447, i10 %p_loc448, i10 %p_loc449, i10 %p_loc450, i10 %p_loc451, i10 %p_loc452, i10 %p_loc453, i10 %p_loc454, i10 %p_loc455, i10 %p_loc456, i10 %p_loc457, i10 %p_loc458, i10 %p_loc459, i10 %p_loc460, i10 %p_loc461, i10 %p_loc462, i10 %p_loc463, i10 %p_loc464, i10 %p_loc465, i10 %p_loc466, i10 %p_loc467, i10 %p_loc468, i10 %p_loc469, i10 %p_loc470, i10 %p_loc471, i10 %p_loc472, i10 %p_loc473, i10 %p_loc474, i10 %p_loc475, i10 %p_loc476, i10 %p_loc477, i10 %p_loc478, i10 %p_loc479, i10 %p_loc480"   --->   Operation 154 'call' 'call_ln0' <Predicate = true> <Delay = 0.00> <CoreType = "Generic">   --->   Core 0 '' <Latency = 0> <II = 1> <Delay = 1.00> <Generic> <Opcode : >
ST_1 : Operation 155 [2/2] (0.00ns)   --->   "%call_ln0 = call void @seq_align_Pipeline_VITIS_LOOP_100_5, i9 %last_pe_score_V, i10 %last_pe_scoreIx_V"   --->   Operation 155 'call' 'call_ln0' <Predicate = true> <Delay = 0.00> <CoreType = "Generic">   --->   Core 0 '' <Latency = 0> <II = 1> <Delay = 1.00> <Generic> <Opcode : >
ST_1 : Operation 156 [2/2] (0.00ns)   --->   "%call_ln0 = call void @seq_align_Pipeline_VITIS_LOOP_117_6, i2 %local_reference_V, i2 %local_reference_V_1, i2 %local_reference_V_2, i2 %local_reference_V_3, i2 %local_reference_V_4, i2 %local_reference_V_5, i2 %local_reference_V_6, i2 %local_reference_V_7, i2 %local_reference_V_8, i2 %local_reference_V_9, i2 %local_reference_V_10, i2 %local_reference_V_11, i2 %local_reference_V_12, i2 %local_reference_V_13, i2 %local_reference_V_14, i2 %local_reference_V_15, i2 %ref1"   --->   Operation 156 'call' 'call_ln0' <Predicate = true> <Delay = 0.00> <CoreType = "Generic">   --->   Core 0 '' <Latency = 0> <II = 1> <Delay = 1.00> <Generic> <Opcode : >

State 2 <SV = 1> <Delay = 1.17>
ST_2 : Operation 157 [1/2] (0.00ns)   --->   "%call_ln0 = call void @seq_align_Pipeline_VITIS_LOOP_78_1_VITIS_LOOP_79_2, i9 %dp_matrix_V"   --->   Operation 157 'call' 'call_ln0' <Predicate = true> <Delay = 0.00> <CoreType = "Generic">   --->   Core 0 '' <Latency = 0> <II = 1> <Delay = 1.00> <Generic> <Opcode : >
ST_2 : Operation 158 [1/2] (1.17ns)   --->   "%call_ln0 = call void @seq_align_Pipeline_local_dpmem_loop_VITIS_LOOP_86_3, i10 %p_loc, i10 %p_loc293, i10 %p_loc294, i10 %p_loc295, i10 %p_loc296, i10 %p_loc297, i10 %p_loc298, i10 %p_loc299, i10 %p_loc300, i10 %p_loc301, i10 %p_loc302, i10 %p_loc303, i10 %p_loc304, i10 %p_loc305, i10 %p_loc306, i10 %p_loc307, i10 %p_loc308, i10 %p_loc309, i10 %p_loc310, i10 %p_loc311, i10 %p_loc312, i10 %p_loc313, i10 %p_loc314, i10 %p_loc315, i10 %p_loc316, i10 %p_loc317, i10 %p_loc318, i10 %p_loc319, i10 %p_loc320, i10 %p_loc321, i10 %p_loc322, i10 %p_loc323, i10 %p_loc324, i10 %p_loc325, i10 %p_loc326, i10 %p_loc327, i10 %p_loc328, i10 %p_loc329, i10 %p_loc330, i10 %p_loc331, i10 %p_loc332, i10 %p_loc333, i10 %p_loc334, i10 %p_loc335, i10 %p_loc336, i10 %p_loc337, i10 %p_loc338, i10 %p_loc339, i10 %p_loc340, i10 %p_loc341, i10 %p_loc342, i10 %p_loc343, i10 %p_loc344, i10 %p_loc345, i10 %p_loc346, i10 %p_loc347, i10 %p_loc348, i10 %p_loc349, i10 %p_loc350, i10 %p_loc351, i10 %p_loc352, i10 %p_loc353, i10 %p_loc354"   --->   Operation 158 'call' 'call_ln0' <Predicate = true> <Delay = 1.17> <CoreType = "Generic">   --->   Core 0 '' <Latency = 0> <II = 1> <Delay = 1.00> <Generic> <Opcode : >
ST_2 : Operation 159 [1/2] (1.17ns)   --->   "%call_ln0 = call void @seq_align_Pipeline_local_Ixmem_loop_VITIS_LOOP_93_4, i10 %p_loc418, i10 %p_loc419, i10 %p_loc420, i10 %p_loc421, i10 %p_loc422, i10 %p_loc423, i10 %p_loc424, i10 %p_loc425, i10 %p_loc426, i10 %p_loc427, i10 %p_loc428, i10 %p_loc429, i10 %p_loc430, i10 %p_loc431, i10 %p_loc432, i10 %p_loc433, i10 %p_loc434, i10 %p_loc435, i10 %p_loc436, i10 %p_loc437, i10 %p_loc438, i10 %p_loc439, i10 %p_loc440, i10 %p_loc441, i10 %p_loc442, i10 %p_loc443, i10 %p_loc444, i10 %p_loc445, i10 %p_loc446, i10 %p_loc447, i10 %p_loc448, i10 %p_loc449, i10 %p_loc450, i10 %p_loc451, i10 %p_loc452, i10 %p_loc453, i10 %p_loc454, i10 %p_loc455, i10 %p_loc456, i10 %p_loc457, i10 %p_loc458, i10 %p_loc459, i10 %p_loc460, i10 %p_loc461, i10 %p_loc462, i10 %p_loc463, i10 %p_loc464, i10 %p_loc465, i10 %p_loc466, i10 %p_loc467, i10 %p_loc468, i10 %p_loc469, i10 %p_loc470, i10 %p_loc471, i10 %p_loc472, i10 %p_loc473, i10 %p_loc474, i10 %p_loc475, i10 %p_loc476, i10 %p_loc477, i10 %p_loc478, i10 %p_loc479, i10 %p_loc480"   --->   Operation 159 'call' 'call_ln0' <Predicate = true> <Delay = 1.17> <CoreType = "Generic">   --->   Core 0 '' <Latency = 0> <II = 1> <Delay = 1.00> <Generic> <Opcode : >
ST_2 : Operation 160 [1/2] (0.00ns)   --->   "%call_ln0 = call void @seq_align_Pipeline_VITIS_LOOP_100_5, i9 %last_pe_score_V, i10 %last_pe_scoreIx_V"   --->   Operation 160 'call' 'call_ln0' <Predicate = true> <Delay = 0.00> <CoreType = "Generic">   --->   Core 0 '' <Latency = 0> <II = 1> <Delay = 1.00> <Generic> <Opcode : >
ST_2 : Operation 161 [1/2] (0.00ns)   --->   "%call_ln0 = call void @seq_align_Pipeline_VITIS_LOOP_117_6, i2 %local_reference_V, i2 %local_reference_V_1, i2 %local_reference_V_2, i2 %local_reference_V_3, i2 %local_reference_V_4, i2 %local_reference_V_5, i2 %local_reference_V_6, i2 %local_reference_V_7, i2 %local_reference_V_8, i2 %local_reference_V_9, i2 %local_reference_V_10, i2 %local_reference_V_11, i2 %local_reference_V_12, i2 %local_reference_V_13, i2 %local_reference_V_14, i2 %local_reference_V_15, i2 %ref1"   --->   Operation 161 'call' 'call_ln0' <Predicate = true> <Delay = 0.00> <CoreType = "Generic">   --->   Core 0 '' <Latency = 0> <II = 1> <Delay = 1.00> <Generic> <Opcode : >

State 3 <SV = 2> <Delay = 0.50>
ST_3 : Operation 162 [1/1] (0.00ns)   --->   "%p_loc_load = load i10 %p_loc"   --->   Operation 162 'load' 'p_loc_load' <Predicate = true> <Delay = 0.00>
ST_3 : Operation 163 [1/1] (0.00ns)   --->   "%p_loc293_load = load i10 %p_loc293"   --->   Operation 163 'load' 'p_loc293_load' <Predicate = true> <Delay = 0.00>
ST_3 : Operation 164 [1/1] (0.00ns)   --->   "%p_loc294_load = load i10 %p_loc294"   --->   Operation 164 'load' 'p_loc294_load' <Predicate = true> <Delay = 0.00>
ST_3 : Operation 165 [1/1] (0.00ns)   --->   "%p_loc295_load = load i10 %p_loc295"   --->   Operation 165 'load' 'p_loc295_load' <Predicate = true> <Delay = 0.00>
ST_3 : Operation 166 [1/1] (0.00ns)   --->   "%p_loc296_load = load i10 %p_loc296"   --->   Operation 166 'load' 'p_loc296_load' <Predicate = true> <Delay = 0.00>
ST_3 : Operation 167 [1/1] (0.00ns)   --->   "%p_loc297_load = load i10 %p_loc297"   --->   Operation 167 'load' 'p_loc297_load' <Predicate = true> <Delay = 0.00>
ST_3 : Operation 168 [1/1] (0.00ns)   --->   "%p_loc298_load = load i10 %p_loc298"   --->   Operation 168 'load' 'p_loc298_load' <Predicate = true> <Delay = 0.00>
ST_3 : Operation 169 [1/1] (0.00ns)   --->   "%p_loc299_load = load i10 %p_loc299"   --->   Operation 169 'load' 'p_loc299_load' <Predicate = true> <Delay = 0.00>
ST_3 : Operation 170 [1/1] (0.00ns)   --->   "%p_loc300_load = load i10 %p_loc300"   --->   Operation 170 'load' 'p_loc300_load' <Predicate = true> <Delay = 0.00>
ST_3 : Operation 171 [1/1] (0.00ns)   --->   "%p_loc301_load = load i10 %p_loc301"   --->   Operation 171 'load' 'p_loc301_load' <Predicate = true> <Delay = 0.00>
ST_3 : Operation 172 [1/1] (0.00ns)   --->   "%p_loc302_load = load i10 %p_loc302"   --->   Operation 172 'load' 'p_loc302_load' <Predicate = true> <Delay = 0.00>
ST_3 : Operation 173 [1/1] (0.00ns)   --->   "%p_loc303_load = load i10 %p_loc303"   --->   Operation 173 'load' 'p_loc303_load' <Predicate = true> <Delay = 0.00>
ST_3 : Operation 174 [1/1] (0.00ns)   --->   "%p_loc304_load = load i10 %p_loc304"   --->   Operation 174 'load' 'p_loc304_load' <Predicate = true> <Delay = 0.00>
ST_3 : Operation 175 [1/1] (0.00ns)   --->   "%p_loc305_load = load i10 %p_loc305"   --->   Operation 175 'load' 'p_loc305_load' <Predicate = true> <Delay = 0.00>
ST_3 : Operation 176 [1/1] (0.00ns)   --->   "%p_loc306_load = load i10 %p_loc306"   --->   Operation 176 'load' 'p_loc306_load' <Predicate = true> <Delay = 0.00>
ST_3 : Operation 177 [1/1] (0.00ns)   --->   "%p_loc307_load = load i10 %p_loc307"   --->   Operation 177 'load' 'p_loc307_load' <Predicate = true> <Delay = 0.00>
ST_3 : Operation 178 [1/1] (0.00ns)   --->   "%p_loc308_load = load i10 %p_loc308"   --->   Operation 178 'load' 'p_loc308_load' <Predicate = true> <Delay = 0.00>
ST_3 : Operation 179 [1/1] (0.00ns)   --->   "%p_loc309_load = load i10 %p_loc309"   --->   Operation 179 'load' 'p_loc309_load' <Predicate = true> <Delay = 0.00>
ST_3 : Operation 180 [1/1] (0.00ns)   --->   "%p_loc310_load = load i10 %p_loc310"   --->   Operation 180 'load' 'p_loc310_load' <Predicate = true> <Delay = 0.00>
ST_3 : Operation 181 [1/1] (0.00ns)   --->   "%p_loc311_load = load i10 %p_loc311"   --->   Operation 181 'load' 'p_loc311_load' <Predicate = true> <Delay = 0.00>
ST_3 : Operation 182 [1/1] (0.00ns)   --->   "%p_loc312_load = load i10 %p_loc312"   --->   Operation 182 'load' 'p_loc312_load' <Predicate = true> <Delay = 0.00>
ST_3 : Operation 183 [1/1] (0.00ns)   --->   "%p_loc313_load = load i10 %p_loc313"   --->   Operation 183 'load' 'p_loc313_load' <Predicate = true> <Delay = 0.00>
ST_3 : Operation 184 [1/1] (0.00ns)   --->   "%p_loc314_load = load i10 %p_loc314"   --->   Operation 184 'load' 'p_loc314_load' <Predicate = true> <Delay = 0.00>
ST_3 : Operation 185 [1/1] (0.00ns)   --->   "%p_loc315_load = load i10 %p_loc315"   --->   Operation 185 'load' 'p_loc315_load' <Predicate = true> <Delay = 0.00>
ST_3 : Operation 186 [1/1] (0.00ns)   --->   "%p_loc316_load = load i10 %p_loc316"   --->   Operation 186 'load' 'p_loc316_load' <Predicate = true> <Delay = 0.00>
ST_3 : Operation 187 [1/1] (0.00ns)   --->   "%p_loc317_load = load i10 %p_loc317"   --->   Operation 187 'load' 'p_loc317_load' <Predicate = true> <Delay = 0.00>
ST_3 : Operation 188 [1/1] (0.00ns)   --->   "%p_loc318_load = load i10 %p_loc318"   --->   Operation 188 'load' 'p_loc318_load' <Predicate = true> <Delay = 0.00>
ST_3 : Operation 189 [1/1] (0.00ns)   --->   "%p_loc319_load = load i10 %p_loc319"   --->   Operation 189 'load' 'p_loc319_load' <Predicate = true> <Delay = 0.00>
ST_3 : Operation 190 [1/1] (0.00ns)   --->   "%p_loc320_load = load i10 %p_loc320"   --->   Operation 190 'load' 'p_loc320_load' <Predicate = true> <Delay = 0.00>
ST_3 : Operation 191 [1/1] (0.00ns)   --->   "%p_loc321_load = load i10 %p_loc321"   --->   Operation 191 'load' 'p_loc321_load' <Predicate = true> <Delay = 0.00>
ST_3 : Operation 192 [1/1] (0.00ns)   --->   "%p_loc322_load = load i10 %p_loc322"   --->   Operation 192 'load' 'p_loc322_load' <Predicate = true> <Delay = 0.00>
ST_3 : Operation 193 [1/1] (0.00ns)   --->   "%p_loc323_load = load i10 %p_loc323"   --->   Operation 193 'load' 'p_loc323_load' <Predicate = true> <Delay = 0.00>
ST_3 : Operation 194 [1/1] (0.00ns)   --->   "%p_loc324_load = load i10 %p_loc324"   --->   Operation 194 'load' 'p_loc324_load' <Predicate = true> <Delay = 0.00>
ST_3 : Operation 195 [1/1] (0.00ns)   --->   "%p_loc325_load = load i10 %p_loc325"   --->   Operation 195 'load' 'p_loc325_load' <Predicate = true> <Delay = 0.00>
ST_3 : Operation 196 [1/1] (0.00ns)   --->   "%p_loc326_load = load i10 %p_loc326"   --->   Operation 196 'load' 'p_loc326_load' <Predicate = true> <Delay = 0.00>
ST_3 : Operation 197 [1/1] (0.00ns)   --->   "%p_loc327_load = load i10 %p_loc327"   --->   Operation 197 'load' 'p_loc327_load' <Predicate = true> <Delay = 0.00>
ST_3 : Operation 198 [1/1] (0.00ns)   --->   "%p_loc328_load = load i10 %p_loc328"   --->   Operation 198 'load' 'p_loc328_load' <Predicate = true> <Delay = 0.00>
ST_3 : Operation 199 [1/1] (0.00ns)   --->   "%p_loc329_load = load i10 %p_loc329"   --->   Operation 199 'load' 'p_loc329_load' <Predicate = true> <Delay = 0.00>
ST_3 : Operation 200 [1/1] (0.00ns)   --->   "%p_loc330_load = load i10 %p_loc330"   --->   Operation 200 'load' 'p_loc330_load' <Predicate = true> <Delay = 0.00>
ST_3 : Operation 201 [1/1] (0.00ns)   --->   "%p_loc331_load = load i10 %p_loc331"   --->   Operation 201 'load' 'p_loc331_load' <Predicate = true> <Delay = 0.00>
ST_3 : Operation 202 [1/1] (0.00ns)   --->   "%p_loc332_load = load i10 %p_loc332"   --->   Operation 202 'load' 'p_loc332_load' <Predicate = true> <Delay = 0.00>
ST_3 : Operation 203 [1/1] (0.00ns)   --->   "%p_loc333_load = load i10 %p_loc333"   --->   Operation 203 'load' 'p_loc333_load' <Predicate = true> <Delay = 0.00>
ST_3 : Operation 204 [1/1] (0.00ns)   --->   "%p_loc334_load = load i10 %p_loc334"   --->   Operation 204 'load' 'p_loc334_load' <Predicate = true> <Delay = 0.00>
ST_3 : Operation 205 [1/1] (0.00ns)   --->   "%p_loc335_load = load i10 %p_loc335"   --->   Operation 205 'load' 'p_loc335_load' <Predicate = true> <Delay = 0.00>
ST_3 : Operation 206 [1/1] (0.00ns)   --->   "%p_loc336_load = load i10 %p_loc336"   --->   Operation 206 'load' 'p_loc336_load' <Predicate = true> <Delay = 0.00>
ST_3 : Operation 207 [1/1] (0.00ns)   --->   "%p_loc337_load = load i10 %p_loc337"   --->   Operation 207 'load' 'p_loc337_load' <Predicate = true> <Delay = 0.00>
ST_3 : Operation 208 [1/1] (0.00ns)   --->   "%p_loc338_load = load i10 %p_loc338"   --->   Operation 208 'load' 'p_loc338_load' <Predicate = true> <Delay = 0.00>
ST_3 : Operation 209 [1/1] (0.00ns)   --->   "%p_loc339_load = load i10 %p_loc339"   --->   Operation 209 'load' 'p_loc339_load' <Predicate = true> <Delay = 0.00>
ST_3 : Operation 210 [1/1] (0.00ns)   --->   "%p_loc340_load = load i10 %p_loc340"   --->   Operation 210 'load' 'p_loc340_load' <Predicate = true> <Delay = 0.00>
ST_3 : Operation 211 [1/1] (0.00ns)   --->   "%p_loc341_load = load i10 %p_loc341"   --->   Operation 211 'load' 'p_loc341_load' <Predicate = true> <Delay = 0.00>
ST_3 : Operation 212 [1/1] (0.00ns)   --->   "%p_loc342_load = load i10 %p_loc342"   --->   Operation 212 'load' 'p_loc342_load' <Predicate = true> <Delay = 0.00>
ST_3 : Operation 213 [1/1] (0.00ns)   --->   "%p_loc343_load = load i10 %p_loc343"   --->   Operation 213 'load' 'p_loc343_load' <Predicate = true> <Delay = 0.00>
ST_3 : Operation 214 [1/1] (0.00ns)   --->   "%p_loc344_load = load i10 %p_loc344"   --->   Operation 214 'load' 'p_loc344_load' <Predicate = true> <Delay = 0.00>
ST_3 : Operation 215 [1/1] (0.00ns)   --->   "%p_loc345_load = load i10 %p_loc345"   --->   Operation 215 'load' 'p_loc345_load' <Predicate = true> <Delay = 0.00>
ST_3 : Operation 216 [1/1] (0.00ns)   --->   "%p_loc346_load = load i10 %p_loc346"   --->   Operation 216 'load' 'p_loc346_load' <Predicate = true> <Delay = 0.00>
ST_3 : Operation 217 [1/1] (0.00ns)   --->   "%p_loc347_load = load i10 %p_loc347"   --->   Operation 217 'load' 'p_loc347_load' <Predicate = true> <Delay = 0.00>
ST_3 : Operation 218 [1/1] (0.00ns)   --->   "%p_loc348_load = load i10 %p_loc348"   --->   Operation 218 'load' 'p_loc348_load' <Predicate = true> <Delay = 0.00>
ST_3 : Operation 219 [1/1] (0.00ns)   --->   "%p_loc349_load = load i10 %p_loc349"   --->   Operation 219 'load' 'p_loc349_load' <Predicate = true> <Delay = 0.00>
ST_3 : Operation 220 [1/1] (0.00ns)   --->   "%p_loc350_load = load i10 %p_loc350"   --->   Operation 220 'load' 'p_loc350_load' <Predicate = true> <Delay = 0.00>
ST_3 : Operation 221 [1/1] (0.00ns)   --->   "%p_loc351_load = load i10 %p_loc351"   --->   Operation 221 'load' 'p_loc351_load' <Predicate = true> <Delay = 0.00>
ST_3 : Operation 222 [1/1] (0.00ns)   --->   "%p_loc352_load = load i10 %p_loc352"   --->   Operation 222 'load' 'p_loc352_load' <Predicate = true> <Delay = 0.00>
ST_3 : Operation 223 [1/1] (0.00ns)   --->   "%p_loc353_load = load i10 %p_loc353"   --->   Operation 223 'load' 'p_loc353_load' <Predicate = true> <Delay = 0.00>
ST_3 : Operation 224 [1/1] (0.00ns)   --->   "%p_loc354_load = load i10 %p_loc354"   --->   Operation 224 'load' 'p_loc354_load' <Predicate = true> <Delay = 0.00>
ST_3 : Operation 225 [1/1] (0.00ns)   --->   "%p_loc418_load = load i10 %p_loc418"   --->   Operation 225 'load' 'p_loc418_load' <Predicate = true> <Delay = 0.00>
ST_3 : Operation 226 [1/1] (0.00ns)   --->   "%p_loc419_load = load i10 %p_loc419"   --->   Operation 226 'load' 'p_loc419_load' <Predicate = true> <Delay = 0.00>
ST_3 : Operation 227 [1/1] (0.00ns)   --->   "%p_loc420_load = load i10 %p_loc420"   --->   Operation 227 'load' 'p_loc420_load' <Predicate = true> <Delay = 0.00>
ST_3 : Operation 228 [1/1] (0.00ns)   --->   "%p_loc421_load = load i10 %p_loc421"   --->   Operation 228 'load' 'p_loc421_load' <Predicate = true> <Delay = 0.00>
ST_3 : Operation 229 [1/1] (0.00ns)   --->   "%p_loc422_load = load i10 %p_loc422"   --->   Operation 229 'load' 'p_loc422_load' <Predicate = true> <Delay = 0.00>
ST_3 : Operation 230 [1/1] (0.00ns)   --->   "%p_loc423_load = load i10 %p_loc423"   --->   Operation 230 'load' 'p_loc423_load' <Predicate = true> <Delay = 0.00>
ST_3 : Operation 231 [1/1] (0.00ns)   --->   "%p_loc424_load = load i10 %p_loc424"   --->   Operation 231 'load' 'p_loc424_load' <Predicate = true> <Delay = 0.00>
ST_3 : Operation 232 [1/1] (0.00ns)   --->   "%p_loc425_load = load i10 %p_loc425"   --->   Operation 232 'load' 'p_loc425_load' <Predicate = true> <Delay = 0.00>
ST_3 : Operation 233 [1/1] (0.00ns)   --->   "%p_loc426_load = load i10 %p_loc426"   --->   Operation 233 'load' 'p_loc426_load' <Predicate = true> <Delay = 0.00>
ST_3 : Operation 234 [1/1] (0.00ns)   --->   "%p_loc427_load = load i10 %p_loc427"   --->   Operation 234 'load' 'p_loc427_load' <Predicate = true> <Delay = 0.00>
ST_3 : Operation 235 [1/1] (0.00ns)   --->   "%p_loc428_load = load i10 %p_loc428"   --->   Operation 235 'load' 'p_loc428_load' <Predicate = true> <Delay = 0.00>
ST_3 : Operation 236 [1/1] (0.00ns)   --->   "%p_loc429_load = load i10 %p_loc429"   --->   Operation 236 'load' 'p_loc429_load' <Predicate = true> <Delay = 0.00>
ST_3 : Operation 237 [1/1] (0.00ns)   --->   "%p_loc430_load = load i10 %p_loc430"   --->   Operation 237 'load' 'p_loc430_load' <Predicate = true> <Delay = 0.00>
ST_3 : Operation 238 [1/1] (0.00ns)   --->   "%p_loc431_load = load i10 %p_loc431"   --->   Operation 238 'load' 'p_loc431_load' <Predicate = true> <Delay = 0.00>
ST_3 : Operation 239 [1/1] (0.00ns)   --->   "%p_loc432_load = load i10 %p_loc432"   --->   Operation 239 'load' 'p_loc432_load' <Predicate = true> <Delay = 0.00>
ST_3 : Operation 240 [1/1] (0.00ns)   --->   "%p_loc433_load = load i10 %p_loc433"   --->   Operation 240 'load' 'p_loc433_load' <Predicate = true> <Delay = 0.00>
ST_3 : Operation 241 [1/1] (0.00ns)   --->   "%p_loc434_load = load i10 %p_loc434"   --->   Operation 241 'load' 'p_loc434_load' <Predicate = true> <Delay = 0.00>
ST_3 : Operation 242 [1/1] (0.00ns)   --->   "%p_loc435_load = load i10 %p_loc435"   --->   Operation 242 'load' 'p_loc435_load' <Predicate = true> <Delay = 0.00>
ST_3 : Operation 243 [1/1] (0.00ns)   --->   "%p_loc436_load = load i10 %p_loc436"   --->   Operation 243 'load' 'p_loc436_load' <Predicate = true> <Delay = 0.00>
ST_3 : Operation 244 [1/1] (0.00ns)   --->   "%p_loc437_load = load i10 %p_loc437"   --->   Operation 244 'load' 'p_loc437_load' <Predicate = true> <Delay = 0.00>
ST_3 : Operation 245 [1/1] (0.00ns)   --->   "%p_loc438_load = load i10 %p_loc438"   --->   Operation 245 'load' 'p_loc438_load' <Predicate = true> <Delay = 0.00>
ST_3 : Operation 246 [1/1] (0.00ns)   --->   "%p_loc439_load = load i10 %p_loc439"   --->   Operation 246 'load' 'p_loc439_load' <Predicate = true> <Delay = 0.00>
ST_3 : Operation 247 [1/1] (0.00ns)   --->   "%p_loc440_load = load i10 %p_loc440"   --->   Operation 247 'load' 'p_loc440_load' <Predicate = true> <Delay = 0.00>
ST_3 : Operation 248 [1/1] (0.00ns)   --->   "%p_loc441_load = load i10 %p_loc441"   --->   Operation 248 'load' 'p_loc441_load' <Predicate = true> <Delay = 0.00>
ST_3 : Operation 249 [1/1] (0.00ns)   --->   "%p_loc442_load = load i10 %p_loc442"   --->   Operation 249 'load' 'p_loc442_load' <Predicate = true> <Delay = 0.00>
ST_3 : Operation 250 [1/1] (0.00ns)   --->   "%p_loc443_load = load i10 %p_loc443"   --->   Operation 250 'load' 'p_loc443_load' <Predicate = true> <Delay = 0.00>
ST_3 : Operation 251 [1/1] (0.00ns)   --->   "%p_loc444_load = load i10 %p_loc444"   --->   Operation 251 'load' 'p_loc444_load' <Predicate = true> <Delay = 0.00>
ST_3 : Operation 252 [1/1] (0.00ns)   --->   "%p_loc445_load = load i10 %p_loc445"   --->   Operation 252 'load' 'p_loc445_load' <Predicate = true> <Delay = 0.00>
ST_3 : Operation 253 [1/1] (0.00ns)   --->   "%p_loc446_load = load i10 %p_loc446"   --->   Operation 253 'load' 'p_loc446_load' <Predicate = true> <Delay = 0.00>
ST_3 : Operation 254 [1/1] (0.00ns)   --->   "%p_loc447_load = load i10 %p_loc447"   --->   Operation 254 'load' 'p_loc447_load' <Predicate = true> <Delay = 0.00>
ST_3 : Operation 255 [1/1] (0.00ns)   --->   "%p_loc448_load = load i10 %p_loc448"   --->   Operation 255 'load' 'p_loc448_load' <Predicate = true> <Delay = 0.00>
ST_3 : Operation 256 [1/1] (0.00ns)   --->   "%p_loc449_load = load i10 %p_loc449"   --->   Operation 256 'load' 'p_loc449_load' <Predicate = true> <Delay = 0.00>
ST_3 : Operation 257 [1/1] (0.00ns)   --->   "%p_loc450_load = load i10 %p_loc450"   --->   Operation 257 'load' 'p_loc450_load' <Predicate = true> <Delay = 0.00>
ST_3 : Operation 258 [1/1] (0.00ns)   --->   "%p_loc451_load = load i10 %p_loc451"   --->   Operation 258 'load' 'p_loc451_load' <Predicate = true> <Delay = 0.00>
ST_3 : Operation 259 [1/1] (0.00ns)   --->   "%p_loc452_load = load i10 %p_loc452"   --->   Operation 259 'load' 'p_loc452_load' <Predicate = true> <Delay = 0.00>
ST_3 : Operation 260 [1/1] (0.00ns)   --->   "%p_loc453_load = load i10 %p_loc453"   --->   Operation 260 'load' 'p_loc453_load' <Predicate = true> <Delay = 0.00>
ST_3 : Operation 261 [1/1] (0.00ns)   --->   "%p_loc454_load = load i10 %p_loc454"   --->   Operation 261 'load' 'p_loc454_load' <Predicate = true> <Delay = 0.00>
ST_3 : Operation 262 [1/1] (0.00ns)   --->   "%p_loc455_load = load i10 %p_loc455"   --->   Operation 262 'load' 'p_loc455_load' <Predicate = true> <Delay = 0.00>
ST_3 : Operation 263 [1/1] (0.00ns)   --->   "%p_loc456_load = load i10 %p_loc456"   --->   Operation 263 'load' 'p_loc456_load' <Predicate = true> <Delay = 0.00>
ST_3 : Operation 264 [1/1] (0.00ns)   --->   "%p_loc457_load = load i10 %p_loc457"   --->   Operation 264 'load' 'p_loc457_load' <Predicate = true> <Delay = 0.00>
ST_3 : Operation 265 [1/1] (0.00ns)   --->   "%p_loc458_load = load i10 %p_loc458"   --->   Operation 265 'load' 'p_loc458_load' <Predicate = true> <Delay = 0.00>
ST_3 : Operation 266 [1/1] (0.00ns)   --->   "%p_loc459_load = load i10 %p_loc459"   --->   Operation 266 'load' 'p_loc459_load' <Predicate = true> <Delay = 0.00>
ST_3 : Operation 267 [1/1] (0.00ns)   --->   "%p_loc460_load = load i10 %p_loc460"   --->   Operation 267 'load' 'p_loc460_load' <Predicate = true> <Delay = 0.00>
ST_3 : Operation 268 [1/1] (0.00ns)   --->   "%p_loc461_load = load i10 %p_loc461"   --->   Operation 268 'load' 'p_loc461_load' <Predicate = true> <Delay = 0.00>
ST_3 : Operation 269 [1/1] (0.00ns)   --->   "%p_loc462_load = load i10 %p_loc462"   --->   Operation 269 'load' 'p_loc462_load' <Predicate = true> <Delay = 0.00>
ST_3 : Operation 270 [1/1] (0.00ns)   --->   "%p_loc463_load = load i10 %p_loc463"   --->   Operation 270 'load' 'p_loc463_load' <Predicate = true> <Delay = 0.00>
ST_3 : Operation 271 [1/1] (0.00ns)   --->   "%p_loc464_load = load i10 %p_loc464"   --->   Operation 271 'load' 'p_loc464_load' <Predicate = true> <Delay = 0.00>
ST_3 : Operation 272 [1/1] (0.00ns)   --->   "%p_loc465_load = load i10 %p_loc465"   --->   Operation 272 'load' 'p_loc465_load' <Predicate = true> <Delay = 0.00>
ST_3 : Operation 273 [1/1] (0.00ns)   --->   "%p_loc466_load = load i10 %p_loc466"   --->   Operation 273 'load' 'p_loc466_load' <Predicate = true> <Delay = 0.00>
ST_3 : Operation 274 [1/1] (0.00ns)   --->   "%p_loc467_load = load i10 %p_loc467"   --->   Operation 274 'load' 'p_loc467_load' <Predicate = true> <Delay = 0.00>
ST_3 : Operation 275 [1/1] (0.00ns)   --->   "%p_loc468_load = load i10 %p_loc468"   --->   Operation 275 'load' 'p_loc468_load' <Predicate = true> <Delay = 0.00>
ST_3 : Operation 276 [1/1] (0.00ns)   --->   "%p_loc469_load = load i10 %p_loc469"   --->   Operation 276 'load' 'p_loc469_load' <Predicate = true> <Delay = 0.00>
ST_3 : Operation 277 [1/1] (0.00ns)   --->   "%p_loc470_load = load i10 %p_loc470"   --->   Operation 277 'load' 'p_loc470_load' <Predicate = true> <Delay = 0.00>
ST_3 : Operation 278 [1/1] (0.00ns)   --->   "%p_loc471_load = load i10 %p_loc471"   --->   Operation 278 'load' 'p_loc471_load' <Predicate = true> <Delay = 0.00>
ST_3 : Operation 279 [1/1] (0.00ns)   --->   "%p_loc472_load = load i10 %p_loc472"   --->   Operation 279 'load' 'p_loc472_load' <Predicate = true> <Delay = 0.00>
ST_3 : Operation 280 [1/1] (0.00ns)   --->   "%p_loc473_load = load i10 %p_loc473"   --->   Operation 280 'load' 'p_loc473_load' <Predicate = true> <Delay = 0.00>
ST_3 : Operation 281 [1/1] (0.00ns)   --->   "%p_loc474_load = load i10 %p_loc474"   --->   Operation 281 'load' 'p_loc474_load' <Predicate = true> <Delay = 0.00>
ST_3 : Operation 282 [1/1] (0.00ns)   --->   "%p_loc475_load = load i10 %p_loc475"   --->   Operation 282 'load' 'p_loc475_load' <Predicate = true> <Delay = 0.00>
ST_3 : Operation 283 [1/1] (0.00ns)   --->   "%p_loc476_load = load i10 %p_loc476"   --->   Operation 283 'load' 'p_loc476_load' <Predicate = true> <Delay = 0.00>
ST_3 : Operation 284 [1/1] (0.00ns)   --->   "%p_loc477_load = load i10 %p_loc477"   --->   Operation 284 'load' 'p_loc477_load' <Predicate = true> <Delay = 0.00>
ST_3 : Operation 285 [1/1] (0.00ns)   --->   "%p_loc478_load = load i10 %p_loc478"   --->   Operation 285 'load' 'p_loc478_load' <Predicate = true> <Delay = 0.00>
ST_3 : Operation 286 [1/1] (0.00ns)   --->   "%p_loc479_load = load i10 %p_loc479"   --->   Operation 286 'load' 'p_loc479_load' <Predicate = true> <Delay = 0.00>
ST_3 : Operation 287 [1/1] (0.00ns)   --->   "%p_loc480_load = load i10 %p_loc480"   --->   Operation 287 'load' 'p_loc480_load' <Predicate = true> <Delay = 0.00>
ST_3 : Operation 288 [2/2] (0.50ns)   --->   "%call_ln0 = call void @seq_align_Pipeline_kernel_kernel1, i10 %p_loc480_load, i10 %p_loc479_load, i10 %p_loc478_load, i10 %p_loc477_load, i10 %p_loc476_load, i10 %p_loc475_load, i10 %p_loc474_load, i10 %p_loc473_load, i10 %p_loc472_load, i10 %p_loc471_load, i10 %p_loc470_load, i10 %p_loc469_load, i10 %p_loc468_load, i10 %p_loc467_load, i10 %p_loc466_load, i10 %p_loc465_load, i10 %p_loc464_load, i10 %p_loc463_load, i10 %p_loc462_load, i10 %p_loc461_load, i10 %p_loc460_load, i10 %p_loc459_load, i10 %p_loc458_load, i10 %p_loc457_load, i10 %p_loc456_load, i10 %p_loc455_load, i10 %p_loc454_load, i10 %p_loc453_load, i10 %p_loc452_load, i10 %p_loc451_load, i10 %p_loc450_load, i10 %p_loc418_load, i10 %p_loc449_load, i10 %p_loc448_load, i10 %p_loc447_load, i10 %p_loc446_load, i10 %p_loc445_load, i10 %p_loc444_load, i10 %p_loc443_load, i10 %p_loc442_load, i10 %p_loc441_load, i10 %p_loc440_load, i10 %p_loc439_load, i10 %p_loc438_load, i10 %p_loc437_load, i10 %p_loc436_load, i10 %p_loc435_load, i10 %p_loc434_load, i10 %p_loc433_load, i10 %p_loc432_load, i10 %p_loc431_load, i10 %p_loc430_load, i10 %p_loc429_load, i10 %p_loc428_load, i10 %p_loc427_load, i10 %p_loc426_load, i10 %p_loc425_load, i10 %p_loc424_load, i10 %p_loc423_load, i10 %p_loc422_load, i10 %p_loc421_load, i10 %p_loc420_load, i10 %p_loc419_load, i10 %p_loc_load, i10 %p_loc323_load, i10 %p_loc322_load, i10 %p_loc321_load, i10 %p_loc320_load, i10 %p_loc319_load, i10 %p_loc318_load, i10 %p_loc317_load, i10 %p_loc316_load, i10 %p_loc315_load, i10 %p_loc314_load, i10 %p_loc313_load, i10 %p_loc312_load, i10 %p_loc311_load, i10 %p_loc310_load, i10 %p_loc309_load, i10 %p_loc308_load, i10 %p_loc307_load, i10 %p_loc306_load, i10 %p_loc305_load, i10 %p_loc304_load, i10 %p_loc303_load, i10 %p_loc302_load, i10 %p_loc301_load, i10 %p_loc300_load, i10 %p_loc299_load, i10 %p_loc298_load, i10 %p_loc297_load, i10 %p_loc296_load, i10 %p_loc295_load, i10 %p_loc294_load, i10 %p_loc293_load, i10 %p_loc354_load, i10 %p_loc353_load, i10 %p_loc352_load, i10 %p_loc351_load, i10 %p_loc350_load, i10 %p_loc349_load, i10 %p_loc348_load, i10 %p_loc347_load, i10 %p_loc346_load, i10 %p_loc345_load, i10 %p_loc344_load, i10 %p_loc343_load, i10 %p_loc342_load, i10 %p_loc341_load, i10 %p_loc340_load, i10 %p_loc339_load, i10 %p_loc338_load, i10 %p_loc337_load, i10 %p_loc336_load, i10 %p_loc335_load, i10 %p_loc334_load, i10 %p_loc333_load, i10 %p_loc332_load, i10 %p_loc331_load, i10 %p_loc330_load, i10 %p_loc329_load, i10 %p_loc328_load, i10 %p_loc327_load, i10 %p_loc326_load, i10 %p_loc325_load, i10 %p_loc324_load, i2 %local_reference_V, i2 %local_reference_V_1, i2 %local_reference_V_2, i2 %local_reference_V_3, i2 %local_reference_V_4, i2 %local_reference_V_5, i2 %local_reference_V_6, i2 %local_reference_V_7, i2 %local_reference_V_8, i2 %local_reference_V_9, i2 %local_reference_V_10, i2 %local_reference_V_11, i2 %local_reference_V_12, i2 %local_reference_V_13, i2 %local_reference_V_14, i2 %local_reference_V_15, i9 %dp_matrix_V, i9 %last_pe_score_V, i10 %last_pe_scoreIx_V, i2 %chunk1"   --->   Operation 288 'call' 'call_ln0' <Predicate = true> <Delay = 0.50> <CoreType = "Generic">   --->   Core 0 '' <Latency = 0> <II = 1> <Delay = 1.00> <Generic> <Opcode : >

State 4 <SV = 3> <Delay = 0.00>
ST_4 : Operation 289 [1/2] (0.00ns)   --->   "%call_ln0 = call void @seq_align_Pipeline_kernel_kernel1, i10 %p_loc480_load, i10 %p_loc479_load, i10 %p_loc478_load, i10 %p_loc477_load, i10 %p_loc476_load, i10 %p_loc475_load, i10 %p_loc474_load, i10 %p_loc473_load, i10 %p_loc472_load, i10 %p_loc471_load, i10 %p_loc470_load, i10 %p_loc469_load, i10 %p_loc468_load, i10 %p_loc467_load, i10 %p_loc466_load, i10 %p_loc465_load, i10 %p_loc464_load, i10 %p_loc463_load, i10 %p_loc462_load, i10 %p_loc461_load, i10 %p_loc460_load, i10 %p_loc459_load, i10 %p_loc458_load, i10 %p_loc457_load, i10 %p_loc456_load, i10 %p_loc455_load, i10 %p_loc454_load, i10 %p_loc453_load, i10 %p_loc452_load, i10 %p_loc451_load, i10 %p_loc450_load, i10 %p_loc418_load, i10 %p_loc449_load, i10 %p_loc448_load, i10 %p_loc447_load, i10 %p_loc446_load, i10 %p_loc445_load, i10 %p_loc444_load, i10 %p_loc443_load, i10 %p_loc442_load, i10 %p_loc441_load, i10 %p_loc440_load, i10 %p_loc439_load, i10 %p_loc438_load, i10 %p_loc437_load, i10 %p_loc436_load, i10 %p_loc435_load, i10 %p_loc434_load, i10 %p_loc433_load, i10 %p_loc432_load, i10 %p_loc431_load, i10 %p_loc430_load, i10 %p_loc429_load, i10 %p_loc428_load, i10 %p_loc427_load, i10 %p_loc426_load, i10 %p_loc425_load, i10 %p_loc424_load, i10 %p_loc423_load, i10 %p_loc422_load, i10 %p_loc421_load, i10 %p_loc420_load, i10 %p_loc419_load, i10 %p_loc_load, i10 %p_loc323_load, i10 %p_loc322_load, i10 %p_loc321_load, i10 %p_loc320_load, i10 %p_loc319_load, i10 %p_loc318_load, i10 %p_loc317_load, i10 %p_loc316_load, i10 %p_loc315_load, i10 %p_loc314_load, i10 %p_loc313_load, i10 %p_loc312_load, i10 %p_loc311_load, i10 %p_loc310_load, i10 %p_loc309_load, i10 %p_loc308_load, i10 %p_loc307_load, i10 %p_loc306_load, i10 %p_loc305_load, i10 %p_loc304_load, i10 %p_loc303_load, i10 %p_loc302_load, i10 %p_loc301_load, i10 %p_loc300_load, i10 %p_loc299_load, i10 %p_loc298_load, i10 %p_loc297_load, i10 %p_loc296_load, i10 %p_loc295_load, i10 %p_loc294_load, i10 %p_loc293_load, i10 %p_loc354_load, i10 %p_loc353_load, i10 %p_loc352_load, i10 %p_loc351_load, i10 %p_loc350_load, i10 %p_loc349_load, i10 %p_loc348_load, i10 %p_loc347_load, i10 %p_loc346_load, i10 %p_loc345_load, i10 %p_loc344_load, i10 %p_loc343_load, i10 %p_loc342_load, i10 %p_loc341_load, i10 %p_loc340_load, i10 %p_loc339_load, i10 %p_loc338_load, i10 %p_loc337_load, i10 %p_loc336_load, i10 %p_loc335_load, i10 %p_loc334_load, i10 %p_loc333_load, i10 %p_loc332_load, i10 %p_loc331_load, i10 %p_loc330_load, i10 %p_loc329_load, i10 %p_loc328_load, i10 %p_loc327_load, i10 %p_loc326_load, i10 %p_loc325_load, i10 %p_loc324_load, i2 %local_reference_V, i2 %local_reference_V_1, i2 %local_reference_V_2, i2 %local_reference_V_3, i2 %local_reference_V_4, i2 %local_reference_V_5, i2 %local_reference_V_6, i2 %local_reference_V_7, i2 %local_reference_V_8, i2 %local_reference_V_9, i2 %local_reference_V_10, i2 %local_reference_V_11, i2 %local_reference_V_12, i2 %local_reference_V_13, i2 %local_reference_V_14, i2 %local_reference_V_15, i9 %dp_matrix_V, i9 %last_pe_score_V, i10 %last_pe_scoreIx_V, i2 %chunk1"   --->   Operation 289 'call' 'call_ln0' <Predicate = true> <Delay = 0.00> <CoreType = "Generic">   --->   Core 0 '' <Latency = 0> <II = 1> <Delay = 1.00> <Generic> <Opcode : >

State 5 <SV = 4> <Delay = 1.29>
ST_5 : Operation 290 [1/1] (0.00ns)   --->   "%dp_matrix_V_addr_1 = getelementptr i9 %dp_matrix_V, i64 0, i64 0" [seq_align_multiple.cpp:207]   --->   Operation 290 'getelementptr' 'dp_matrix_V_addr_1' <Predicate = true> <Delay = 0.00>
ST_5 : Operation 291 [2/2] (1.29ns)   --->   "%dp_matrix_V_load = load i16 %dp_matrix_V_addr_1" [seq_align_multiple.cpp:208]   --->   Operation 291 'load' 'dp_matrix_V_load' <Predicate = true> <Delay = 1.29> <CoreInst = "RAM">   --->   Core 83 'RAM' <Latency = 1> <II = 1> <Delay = 1.29> <Storage> <Opcode : 'load' 'store'> <Ports = 2> <Width = 9> <Depth = 65536> <RAM>

State 6 <SV = 5> <Delay = 1.29>
ST_6 : Operation 292 [1/1] (0.00ns)   --->   "%specinterface_ln0 = specinterface void @_ssdm_op_SpecInterface, i2 %ref1, void @empty_7, i32 0, i32 0, void @empty, i32 4294967295, i32 0, void @empty, void @empty, void @empty, i32 0, i32 0, i32 0, i32 0, void @empty, void @empty, i32 4294967295, i32 0"   --->   Operation 292 'specinterface' 'specinterface_ln0' <Predicate = true> <Delay = 0.00>
ST_6 : Operation 293 [1/1] (0.00ns)   --->   "%specinterface_ln0 = specinterface void @_ssdm_op_SpecInterface, i2 %chunk1, void @empty_7, i32 0, i32 0, void @empty, i32 4294967295, i32 0, void @empty, void @empty, void @empty, i32 0, i32 0, i32 0, i32 0, void @empty, void @empty, i32 4294967295, i32 0"   --->   Operation 293 'specinterface' 'specinterface_ln0' <Predicate = true> <Delay = 0.00>
ST_6 : Operation 294 [1/2] (1.29ns)   --->   "%dp_matrix_V_load = load i16 %dp_matrix_V_addr_1" [seq_align_multiple.cpp:208]   --->   Operation 294 'load' 'dp_matrix_V_load' <Predicate = true> <Delay = 1.29> <CoreInst = "RAM">   --->   Core 83 'RAM' <Latency = 1> <II = 1> <Delay = 1.29> <Storage> <Opcode : 'load' 'store'> <Ports = 2> <Width = 9> <Depth = 65536> <RAM>
ST_6 : Operation 295 [1/1] (0.00ns)   --->   "%ret_ln261 = ret i9 %dp_matrix_V_load" [seq_align_multiple.cpp:261]   --->   Operation 295 'ret' 'ret_ln261' <Predicate = true> <Delay = 0.00>


============================================================
+ Verbose Summary: Timing violations
============================================================
Target clock period: 4ns, clock uncertainty: 1.08ns.

 <State 1>: 0ns
The critical path consists of the following:

 <State 2>: 1.17ns
The critical path consists of the following:
	'call' operation ('call_ln0') to 'seq_align_Pipeline_local_dpmem_loop_VITIS_LOOP_86_3' [152]  (1.17 ns)

 <State 3>: 0.502ns
The critical path consists of the following:
	'load' operation ('p_loc_load') on local variable 'p_loc' [153]  (0 ns)
	'call' operation ('call_ln0') to 'seq_align_Pipeline_kernel_kernel1' [282]  (0.502 ns)

 <State 4>: 0ns
The critical path consists of the following:

 <State 5>: 1.3ns
The critical path consists of the following:
	'getelementptr' operation ('dp_matrix_V_addr_1', seq_align_multiple.cpp:207) [132]  (0 ns)
	'load' operation ('dp_matrix_V_load', seq_align_multiple.cpp:208) on array 'dp_matrix.V', seq_align_multiple.cpp:68 [283]  (1.3 ns)

 <State 6>: 1.3ns
The critical path consists of the following:
	'load' operation ('dp_matrix_V_load', seq_align_multiple.cpp:208) on array 'dp_matrix.V', seq_align_multiple.cpp:68 [283]  (1.3 ns)


============================================================
+ Verbose Summary: Binding
============================================================
N/A
* FSMD analyzer results:
  - Output states:
 - Input state : 
  - Chain level:
	State 1
	State 2
	State 3
	State 4
	State 5
	State 6


============================================================
+ Verbose Summary: Datapath Resource usage 
============================================================
N/A
