

================================================================
== Vitis HLS Report for 'seq_align_Pipeline_VITIS_LOOP_100_5'
================================================================
* Date:           Sun Apr 16 22:10:33 2023

* Version:        2022.1 (Build 3526262 on Mon Apr 18 15:47:01 MDT 2022)
* Project:        local_seq_align_multiple_sa
* Solution:       solution1 (Vivado IP Flow Target)
* Product family: virtexuplus
* Target device:  xcvu5p-flva2104-1-e


================================================================
== Performance Estimates
================================================================
+ Timing: 
    * Summary: 
    +--------+---------+----------+------------+
    |  Clock |  Target | Estimated| Uncertainty|
    +--------+---------+----------+------------+
    |ap_clk  |  4.00 ns|  2.096 ns|     1.08 ns|
    +--------+---------+----------+------------+

+ Latency: 
    * Summary: 
    +---------+---------+----------+----------+------+------+---------+
    |  Latency (cycles) |  Latency (absolute) |   Interval  | Pipeline|
    |   min   |   max   |    min   |    max   |  min |  max |   Type  |
    +---------+---------+----------+----------+------+------+---------+
    |     1026|     1026|  4.104 us|  4.104 us|  1026|  1026|       no|
    +---------+---------+----------+----------+------+------+---------+

    + Detail: 
        * Instance: 
        N/A

        * Loop: 
        +--------------------+---------+---------+----------+-----------+-----------+------+----------+
        |                    |  Latency (cycles) | Iteration|  Initiation Interval  | Trip |          |
        |      Loop Name     |   min   |   max   |  Latency |  achieved |   target  | Count| Pipelined|
        +--------------------+---------+---------+----------+-----------+-----------+------+----------+
        |- VITIS_LOOP_100_5  |     1024|     1024|         1|          1|          1|  1024|       yes|
        +--------------------+---------+---------+----------+-----------+-----------+------+----------+

============================================================
+ Verbose Summary: Synthesis Manager
============================================================
InlineROM: 1
ExposeGlobal: 0
============================================================
+ Verbose Summary: CDFG Model
============================================================
IsTopModel: 0
ResetActiveHigh: 1
IsCombinational: 0
IsDatapathOnly: 0
HasWiredReturn: 1
HasMFsm: 2
HasVarLatency: 1
IsPipeline: 0
IsRtlPipelined: 0
IsInstanceOverlapped: 0
IsDontTouch: 0
HasImplIP: 0
IsGatedGlobalClock: 0

+ Individual pipeline summary: 
  * Pipeline-0: initiation interval (II) = 1, depth = 1


============================================================
+ Verbose Summary: Schedule
============================================================
* Number of FSM states : 1
* Pipeline : 1
  Pipeline-0 : II = 1, D = 1, States = { 1 }
* Dataflow Pipeline: 0

* FSM state transitions: 
1 --> 

* FSM state operations: 

State 1 <SV = 0> <Delay = 2.09>
ST_1 : Operation 4 [1/1] (0.00ns)   --->   "%ip = alloca i32 1"   --->   Operation 4 'alloca' 'ip' <Predicate = true> <Delay = 0.00>
ST_1 : Operation 5 [1/1] (0.46ns)   --->   "%store_ln0 = store i11 0, i11 %ip"   --->   Operation 5 'store' 'store_ln0' <Predicate = true> <Delay = 0.46>
ST_1 : Operation 6 [1/1] (0.00ns)   --->   "%br_ln0 = br void %for.body117"   --->   Operation 6 'br' 'br_ln0' <Predicate = true> <Delay = 0.00>
ST_1 : Operation 7 [1/1] (0.00ns)   --->   "%ip_1 = load i11 %ip" [seq_align_multiple.cpp:100]   --->   Operation 7 'load' 'ip_1' <Predicate = true> <Delay = 0.00>
ST_1 : Operation 8 [1/1] (0.00ns)   --->   "%specpipeline_ln0 = specpipeline void @_ssdm_op_SpecPipeline, i32 4294967295, i32 0, i32 1, i32 0, void @p_str"   --->   Operation 8 'specpipeline' 'specpipeline_ln0' <Predicate = true> <Delay = 0.00>
ST_1 : Operation 9 [1/1] (0.79ns)   --->   "%icmp_ln100 = icmp_eq  i11 %ip_1, i11 1024" [seq_align_multiple.cpp:100]   --->   Operation 9 'icmp' 'icmp_ln100' <Predicate = true> <Delay = 0.79> <CoreInst = "Cmp">   --->   Core 9 'Cmp' <Latency = 0> <II = 1> <Delay = 0.79> <FuncUnit> <Opcode : 'icmp'> <InPorts = 2> <OutPorts = 1>
ST_1 : Operation 10 [1/1] (0.00ns)   --->   "%empty = speclooptripcount i32 @_ssdm_op_SpecLoopTripCount, i64 1024, i64 1024, i64 1024"   --->   Operation 10 'speclooptripcount' 'empty' <Predicate = true> <Delay = 0.00>
ST_1 : Operation 11 [1/1] (0.96ns)   --->   "%add_ln100 = add i11 %ip_1, i11 1" [seq_align_multiple.cpp:100]   --->   Operation 11 'add' 'add_ln100' <Predicate = true> <Delay = 0.96> <CoreInst = "Adder">   --->   Core 1 'Adder' <Latency = 0> <II = 1> <Delay = 0.96> <FuncUnit> <Opcode : 'add' 'sub'> <InPorts = 2> <OutPorts = 1>
ST_1 : Operation 12 [1/1] (0.00ns)   --->   "%br_ln100 = br i1 %icmp_ln100, void %for.body117.split, void %for.inc149.preheader.exitStub" [seq_align_multiple.cpp:100]   --->   Operation 12 'br' 'br_ln100' <Predicate = true> <Delay = 0.00>
ST_1 : Operation 13 [1/1] (0.00ns)   --->   "%ip_cast = zext i11 %ip_1" [seq_align_multiple.cpp:100]   --->   Operation 13 'zext' 'ip_cast' <Predicate = (!icmp_ln100)> <Delay = 0.00>
ST_1 : Operation 14 [1/1] (0.00ns)   --->   "%specloopname_ln183 = specloopname void @_ssdm_op_SpecLoopName, void @empty_3"   --->   Operation 14 'specloopname' 'specloopname_ln183' <Predicate = (!icmp_ln100)> <Delay = 0.00>
ST_1 : Operation 15 [1/1] (0.00ns)   --->   "%last_pe_score_V_addr = getelementptr i9 %last_pe_score_V, i64 0, i64 %ip_cast" [seq_align_multiple.cpp:102]   --->   Operation 15 'getelementptr' 'last_pe_score_V_addr' <Predicate = (!icmp_ln100)> <Delay = 0.00>
ST_1 : Operation 16 [1/1] (1.29ns)   --->   "%store_ln102 = store i9 0, i10 %last_pe_score_V_addr" [seq_align_multiple.cpp:102]   --->   Operation 16 'store' 'store_ln102' <Predicate = (!icmp_ln100)> <Delay = 1.29> <CoreInst = "RAM">   --->   Core 83 'RAM' <Latency = 1> <II = 1> <Delay = 1.29> <Storage> <Opcode : 'load' 'store'> <Ports = 2> <Width = 9> <Depth = 1024> <RAM>
ST_1 : Operation 17 [1/1] (0.00ns)   --->   "%last_pe_scoreIx_V_addr = getelementptr i10 %last_pe_scoreIx_V, i64 0, i64 %ip_cast" [seq_align_multiple.cpp:103]   --->   Operation 17 'getelementptr' 'last_pe_scoreIx_V_addr' <Predicate = (!icmp_ln100)> <Delay = 0.00>
ST_1 : Operation 18 [1/1] (1.29ns)   --->   "%store_ln103 = store i10 0, i10 %last_pe_scoreIx_V_addr" [seq_align_multiple.cpp:103]   --->   Operation 18 'store' 'store_ln103' <Predicate = (!icmp_ln100)> <Delay = 1.29> <CoreInst = "RAM">   --->   Core 83 'RAM' <Latency = 1> <II = 1> <Delay = 1.29> <Storage> <Opcode : 'load' 'store'> <Ports = 2> <Width = 10> <Depth = 1024> <RAM>
ST_1 : Operation 19 [1/1] (0.46ns)   --->   "%store_ln100 = store i11 %add_ln100, i11 %ip" [seq_align_multiple.cpp:100]   --->   Operation 19 'store' 'store_ln100' <Predicate = (!icmp_ln100)> <Delay = 0.46>
ST_1 : Operation 20 [1/1] (0.00ns)   --->   "%br_ln100 = br void %for.body117" [seq_align_multiple.cpp:100]   --->   Operation 20 'br' 'br_ln100' <Predicate = (!icmp_ln100)> <Delay = 0.00>
ST_1 : Operation 21 [1/1] (0.00ns)   --->   "%ret_ln0 = ret"   --->   Operation 21 'ret' 'ret_ln0' <Predicate = (icmp_ln100)> <Delay = 0.00>


============================================================
+ Verbose Summary: Timing violations
============================================================
Target clock period: 4ns, clock uncertainty: 1.08ns.

 <State 1>: 2.1ns
The critical path consists of the following:
	'alloca' operation ('ip') [3]  (0 ns)
	'load' operation ('ip', seq_align_multiple.cpp:100) on local variable 'ip' [7]  (0 ns)
	'add' operation ('add_ln100', seq_align_multiple.cpp:100) [11]  (0.965 ns)
	'store' operation ('store_ln100', seq_align_multiple.cpp:100) of variable 'add_ln100', seq_align_multiple.cpp:100 on local variable 'ip' [20]  (0.46 ns)
	blocking operation 0.672 ns on control path)


============================================================
+ Verbose Summary: Binding
============================================================
N/A
* FSMD analyzer results:
  - Output states:
 - Input state : 
  - Chain level:
	State 1


============================================================
+ Verbose Summary: Datapath Resource usage 
============================================================
N/A
