

================================================================
== Vitis HLS Report for 'seq_align_Pipeline_local_Ixmem_loop_VITIS_LOOP_93_4'
================================================================
* Date:           Sun Apr 16 22:10:33 2023

* Version:        2022.1 (Build 3526262 on Mon Apr 18 15:47:01 MDT 2022)
* Project:        local_seq_align_multiple_sa
* Solution:       solution1 (Vivado IP Flow Target)
* Product family: virtexuplus
* Target device:  xcvu5p-flva2104-1-e


================================================================
== Performance Estimates
================================================================
+ Timing: 
    * Summary: 
    +--------+---------+----------+------------+
    |  Clock |  Target | Estimated| Uncertainty|
    +--------+---------+----------+------------+
    |ap_clk  |  4.00 ns|  2.380 ns|     1.08 ns|
    +--------+---------+----------+------------+

+ Latency: 
    * Summary: 
    +---------+---------+----------+----------+-----+-----+---------+
    |  Latency (cycles) |  Latency (absolute) |  Interval | Pipeline|
    |   min   |   max   |    min   |    max   | min | max |   Type  |
    +---------+---------+----------+----------+-----+-----+---------+
    |       66|       66|  0.264 us|  0.264 us|   66|   66|       no|
    +---------+---------+----------+----------+-----+-----+---------+

    + Detail: 
        * Instance: 
        N/A

        * Loop: 
        +------------------------------------+---------+---------+----------+-----------+-----------+------+----------+
        |                                    |  Latency (cycles) | Iteration|  Initiation Interval  | Trip |          |
        |              Loop Name             |   min   |   max   |  Latency |  achieved |   target  | Count| Pipelined|
        +------------------------------------+---------+---------+----------+-----------+-----------+------+----------+
        |- local_Ixmem_loop_VITIS_LOOP_93_4  |       64|       64|         1|          1|          1|    64|       yes|
        +------------------------------------+---------+---------+----------+-----------+-----------+------+----------+

============================================================
+ Verbose Summary: Synthesis Manager
============================================================
InlineROM: 1
ExposeGlobal: 0
============================================================
+ Verbose Summary: CDFG Model
============================================================
IsTopModel: 0
ResetActiveHigh: 1
IsCombinational: 0
IsDatapathOnly: 0
HasWiredReturn: 1
HasMFsm: 2
HasVarLatency: 1
IsPipeline: 0
IsRtlPipelined: 0
IsInstanceOverlapped: 0
IsDontTouch: 0
HasImplIP: 0
IsGatedGlobalClock: 0

+ Individual pipeline summary: 
  * Pipeline-0: initiation interval (II) = 1, depth = 1


============================================================
+ Verbose Summary: Schedule
============================================================
* Number of FSM states : 1
* Pipeline : 1
  Pipeline-0 : II = 1, D = 1, States = { 1 }
* Dataflow Pipeline: 0

* FSM state transitions: 
1 --> 

* FSM state operations: 

State 1 <SV = 0> <Delay = 2.37>
ST_1 : Operation 4 [1/1] (0.00ns)   --->   "%nn = alloca i32 1"   --->   Operation 4 'alloca' 'nn' <Predicate = true> <Delay = 0.00>
ST_1 : Operation 5 [1/1] (0.00ns)   --->   "%mm = alloca i32 1"   --->   Operation 5 'alloca' 'mm' <Predicate = true> <Delay = 0.00>
ST_1 : Operation 6 [1/1] (0.00ns)   --->   "%indvar_flatten139 = alloca i32 1"   --->   Operation 6 'alloca' 'indvar_flatten139' <Predicate = true> <Delay = 0.00>
ST_1 : Operation 7 [1/1] (0.00ns)   --->   "%Ix_mem = alloca i32 1"   --->   Operation 7 'alloca' 'Ix_mem' <Predicate = true> <Delay = 0.00>
ST_1 : Operation 8 [1/1] (0.00ns)   --->   "%Ix_mem_1 = alloca i32 1"   --->   Operation 8 'alloca' 'Ix_mem_1' <Predicate = true> <Delay = 0.00>
ST_1 : Operation 9 [1/1] (0.00ns)   --->   "%Ix_mem_2 = alloca i32 1"   --->   Operation 9 'alloca' 'Ix_mem_2' <Predicate = true> <Delay = 0.00>
ST_1 : Operation 10 [1/1] (0.00ns)   --->   "%Ix_mem_3 = alloca i32 1"   --->   Operation 10 'alloca' 'Ix_mem_3' <Predicate = true> <Delay = 0.00>
ST_1 : Operation 11 [1/1] (0.00ns)   --->   "%Ix_mem_4 = alloca i32 1"   --->   Operation 11 'alloca' 'Ix_mem_4' <Predicate = true> <Delay = 0.00>
ST_1 : Operation 12 [1/1] (0.00ns)   --->   "%Ix_mem_5 = alloca i32 1"   --->   Operation 12 'alloca' 'Ix_mem_5' <Predicate = true> <Delay = 0.00>
ST_1 : Operation 13 [1/1] (0.00ns)   --->   "%Ix_mem_6 = alloca i32 1"   --->   Operation 13 'alloca' 'Ix_mem_6' <Predicate = true> <Delay = 0.00>
ST_1 : Operation 14 [1/1] (0.00ns)   --->   "%Ix_mem_7 = alloca i32 1"   --->   Operation 14 'alloca' 'Ix_mem_7' <Predicate = true> <Delay = 0.00>
ST_1 : Operation 15 [1/1] (0.00ns)   --->   "%Ix_mem_8 = alloca i32 1"   --->   Operation 15 'alloca' 'Ix_mem_8' <Predicate = true> <Delay = 0.00>
ST_1 : Operation 16 [1/1] (0.00ns)   --->   "%Ix_mem_9 = alloca i32 1"   --->   Operation 16 'alloca' 'Ix_mem_9' <Predicate = true> <Delay = 0.00>
ST_1 : Operation 17 [1/1] (0.00ns)   --->   "%Ix_mem_10 = alloca i32 1"   --->   Operation 17 'alloca' 'Ix_mem_10' <Predicate = true> <Delay = 0.00>
ST_1 : Operation 18 [1/1] (0.00ns)   --->   "%Ix_mem_11 = alloca i32 1"   --->   Operation 18 'alloca' 'Ix_mem_11' <Predicate = true> <Delay = 0.00>
ST_1 : Operation 19 [1/1] (0.00ns)   --->   "%Ix_mem_12 = alloca i32 1"   --->   Operation 19 'alloca' 'Ix_mem_12' <Predicate = true> <Delay = 0.00>
ST_1 : Operation 20 [1/1] (0.00ns)   --->   "%Ix_mem_13 = alloca i32 1"   --->   Operation 20 'alloca' 'Ix_mem_13' <Predicate = true> <Delay = 0.00>
ST_1 : Operation 21 [1/1] (0.00ns)   --->   "%Ix_mem_14 = alloca i32 1"   --->   Operation 21 'alloca' 'Ix_mem_14' <Predicate = true> <Delay = 0.00>
ST_1 : Operation 22 [1/1] (0.00ns)   --->   "%Ix_mem_15 = alloca i32 1"   --->   Operation 22 'alloca' 'Ix_mem_15' <Predicate = true> <Delay = 0.00>
ST_1 : Operation 23 [1/1] (0.00ns)   --->   "%Ix_mem_16 = alloca i32 1"   --->   Operation 23 'alloca' 'Ix_mem_16' <Predicate = true> <Delay = 0.00>
ST_1 : Operation 24 [1/1] (0.00ns)   --->   "%Ix_mem_17 = alloca i32 1"   --->   Operation 24 'alloca' 'Ix_mem_17' <Predicate = true> <Delay = 0.00>
ST_1 : Operation 25 [1/1] (0.00ns)   --->   "%Ix_mem_18 = alloca i32 1"   --->   Operation 25 'alloca' 'Ix_mem_18' <Predicate = true> <Delay = 0.00>
ST_1 : Operation 26 [1/1] (0.00ns)   --->   "%Ix_mem_19 = alloca i32 1"   --->   Operation 26 'alloca' 'Ix_mem_19' <Predicate = true> <Delay = 0.00>
ST_1 : Operation 27 [1/1] (0.00ns)   --->   "%Ix_mem_20 = alloca i32 1"   --->   Operation 27 'alloca' 'Ix_mem_20' <Predicate = true> <Delay = 0.00>
ST_1 : Operation 28 [1/1] (0.00ns)   --->   "%Ix_mem_21 = alloca i32 1"   --->   Operation 28 'alloca' 'Ix_mem_21' <Predicate = true> <Delay = 0.00>
ST_1 : Operation 29 [1/1] (0.00ns)   --->   "%Ix_mem_22 = alloca i32 1"   --->   Operation 29 'alloca' 'Ix_mem_22' <Predicate = true> <Delay = 0.00>
ST_1 : Operation 30 [1/1] (0.00ns)   --->   "%Ix_mem_23 = alloca i32 1"   --->   Operation 30 'alloca' 'Ix_mem_23' <Predicate = true> <Delay = 0.00>
ST_1 : Operation 31 [1/1] (0.00ns)   --->   "%Ix_mem_24 = alloca i32 1"   --->   Operation 31 'alloca' 'Ix_mem_24' <Predicate = true> <Delay = 0.00>
ST_1 : Operation 32 [1/1] (0.00ns)   --->   "%Ix_mem_25 = alloca i32 1"   --->   Operation 32 'alloca' 'Ix_mem_25' <Predicate = true> <Delay = 0.00>
ST_1 : Operation 33 [1/1] (0.00ns)   --->   "%Ix_mem_26 = alloca i32 1"   --->   Operation 33 'alloca' 'Ix_mem_26' <Predicate = true> <Delay = 0.00>
ST_1 : Operation 34 [1/1] (0.00ns)   --->   "%Ix_mem_27 = alloca i32 1"   --->   Operation 34 'alloca' 'Ix_mem_27' <Predicate = true> <Delay = 0.00>
ST_1 : Operation 35 [1/1] (0.00ns)   --->   "%Ix_mem_28 = alloca i32 1"   --->   Operation 35 'alloca' 'Ix_mem_28' <Predicate = true> <Delay = 0.00>
ST_1 : Operation 36 [1/1] (0.00ns)   --->   "%Ix_mem_29 = alloca i32 1"   --->   Operation 36 'alloca' 'Ix_mem_29' <Predicate = true> <Delay = 0.00>
ST_1 : Operation 37 [1/1] (0.00ns)   --->   "%Ix_mem_30 = alloca i32 1"   --->   Operation 37 'alloca' 'Ix_mem_30' <Predicate = true> <Delay = 0.00>
ST_1 : Operation 38 [1/1] (0.00ns)   --->   "%Iy_mem = alloca i32 1"   --->   Operation 38 'alloca' 'Iy_mem' <Predicate = true> <Delay = 0.00>
ST_1 : Operation 39 [1/1] (0.00ns)   --->   "%Iy_mem_1 = alloca i32 1"   --->   Operation 39 'alloca' 'Iy_mem_1' <Predicate = true> <Delay = 0.00>
ST_1 : Operation 40 [1/1] (0.00ns)   --->   "%Iy_mem_2 = alloca i32 1"   --->   Operation 40 'alloca' 'Iy_mem_2' <Predicate = true> <Delay = 0.00>
ST_1 : Operation 41 [1/1] (0.00ns)   --->   "%Iy_mem_3 = alloca i32 1"   --->   Operation 41 'alloca' 'Iy_mem_3' <Predicate = true> <Delay = 0.00>
ST_1 : Operation 42 [1/1] (0.00ns)   --->   "%Iy_mem_4 = alloca i32 1"   --->   Operation 42 'alloca' 'Iy_mem_4' <Predicate = true> <Delay = 0.00>
ST_1 : Operation 43 [1/1] (0.00ns)   --->   "%Iy_mem_5 = alloca i32 1"   --->   Operation 43 'alloca' 'Iy_mem_5' <Predicate = true> <Delay = 0.00>
ST_1 : Operation 44 [1/1] (0.00ns)   --->   "%Iy_mem_6 = alloca i32 1"   --->   Operation 44 'alloca' 'Iy_mem_6' <Predicate = true> <Delay = 0.00>
ST_1 : Operation 45 [1/1] (0.00ns)   --->   "%Iy_mem_7 = alloca i32 1"   --->   Operation 45 'alloca' 'Iy_mem_7' <Predicate = true> <Delay = 0.00>
ST_1 : Operation 46 [1/1] (0.00ns)   --->   "%Iy_mem_8 = alloca i32 1"   --->   Operation 46 'alloca' 'Iy_mem_8' <Predicate = true> <Delay = 0.00>
ST_1 : Operation 47 [1/1] (0.00ns)   --->   "%Iy_mem_9 = alloca i32 1"   --->   Operation 47 'alloca' 'Iy_mem_9' <Predicate = true> <Delay = 0.00>
ST_1 : Operation 48 [1/1] (0.00ns)   --->   "%Iy_mem_10 = alloca i32 1"   --->   Operation 48 'alloca' 'Iy_mem_10' <Predicate = true> <Delay = 0.00>
ST_1 : Operation 49 [1/1] (0.00ns)   --->   "%Iy_mem_11 = alloca i32 1"   --->   Operation 49 'alloca' 'Iy_mem_11' <Predicate = true> <Delay = 0.00>
ST_1 : Operation 50 [1/1] (0.00ns)   --->   "%Iy_mem_12 = alloca i32 1"   --->   Operation 50 'alloca' 'Iy_mem_12' <Predicate = true> <Delay = 0.00>
ST_1 : Operation 51 [1/1] (0.00ns)   --->   "%Iy_mem_13 = alloca i32 1"   --->   Operation 51 'alloca' 'Iy_mem_13' <Predicate = true> <Delay = 0.00>
ST_1 : Operation 52 [1/1] (0.00ns)   --->   "%Iy_mem_14 = alloca i32 1"   --->   Operation 52 'alloca' 'Iy_mem_14' <Predicate = true> <Delay = 0.00>
ST_1 : Operation 53 [1/1] (0.00ns)   --->   "%Iy_mem_15 = alloca i32 1"   --->   Operation 53 'alloca' 'Iy_mem_15' <Predicate = true> <Delay = 0.00>
ST_1 : Operation 54 [1/1] (0.00ns)   --->   "%Iy_mem_16 = alloca i32 1"   --->   Operation 54 'alloca' 'Iy_mem_16' <Predicate = true> <Delay = 0.00>
ST_1 : Operation 55 [1/1] (0.00ns)   --->   "%Iy_mem_17 = alloca i32 1"   --->   Operation 55 'alloca' 'Iy_mem_17' <Predicate = true> <Delay = 0.00>
ST_1 : Operation 56 [1/1] (0.00ns)   --->   "%Iy_mem_18 = alloca i32 1"   --->   Operation 56 'alloca' 'Iy_mem_18' <Predicate = true> <Delay = 0.00>
ST_1 : Operation 57 [1/1] (0.00ns)   --->   "%Iy_mem_19 = alloca i32 1"   --->   Operation 57 'alloca' 'Iy_mem_19' <Predicate = true> <Delay = 0.00>
ST_1 : Operation 58 [1/1] (0.00ns)   --->   "%Iy_mem_20 = alloca i32 1"   --->   Operation 58 'alloca' 'Iy_mem_20' <Predicate = true> <Delay = 0.00>
ST_1 : Operation 59 [1/1] (0.00ns)   --->   "%Iy_mem_21 = alloca i32 1"   --->   Operation 59 'alloca' 'Iy_mem_21' <Predicate = true> <Delay = 0.00>
ST_1 : Operation 60 [1/1] (0.00ns)   --->   "%Iy_mem_22 = alloca i32 1"   --->   Operation 60 'alloca' 'Iy_mem_22' <Predicate = true> <Delay = 0.00>
ST_1 : Operation 61 [1/1] (0.00ns)   --->   "%Iy_mem_23 = alloca i32 1"   --->   Operation 61 'alloca' 'Iy_mem_23' <Predicate = true> <Delay = 0.00>
ST_1 : Operation 62 [1/1] (0.00ns)   --->   "%Iy_mem_24 = alloca i32 1"   --->   Operation 62 'alloca' 'Iy_mem_24' <Predicate = true> <Delay = 0.00>
ST_1 : Operation 63 [1/1] (0.00ns)   --->   "%Iy_mem_25 = alloca i32 1"   --->   Operation 63 'alloca' 'Iy_mem_25' <Predicate = true> <Delay = 0.00>
ST_1 : Operation 64 [1/1] (0.00ns)   --->   "%Iy_mem_26 = alloca i32 1"   --->   Operation 64 'alloca' 'Iy_mem_26' <Predicate = true> <Delay = 0.00>
ST_1 : Operation 65 [1/1] (0.00ns)   --->   "%Iy_mem_27 = alloca i32 1"   --->   Operation 65 'alloca' 'Iy_mem_27' <Predicate = true> <Delay = 0.00>
ST_1 : Operation 66 [1/1] (0.00ns)   --->   "%Iy_mem_28 = alloca i32 1"   --->   Operation 66 'alloca' 'Iy_mem_28' <Predicate = true> <Delay = 0.00>
ST_1 : Operation 67 [1/1] (0.00ns)   --->   "%Iy_mem_29 = alloca i32 1"   --->   Operation 67 'alloca' 'Iy_mem_29' <Predicate = true> <Delay = 0.00>
ST_1 : Operation 68 [1/1] (0.00ns)   --->   "%Iy_mem_30 = alloca i32 1"   --->   Operation 68 'alloca' 'Iy_mem_30' <Predicate = true> <Delay = 0.00>
ST_1 : Operation 69 [1/1] (0.00ns)   --->   "%Iy_mem_31 = alloca i32 1"   --->   Operation 69 'alloca' 'Iy_mem_31' <Predicate = true> <Delay = 0.00>
ST_1 : Operation 70 [1/1] (0.46ns)   --->   "%store_ln0 = store i7 0, i7 %indvar_flatten139"   --->   Operation 70 'store' 'store_ln0' <Predicate = true> <Delay = 0.46>
ST_1 : Operation 71 [1/1] (0.46ns)   --->   "%store_ln0 = store i2 0, i2 %mm"   --->   Operation 71 'store' 'store_ln0' <Predicate = true> <Delay = 0.46>
ST_1 : Operation 72 [1/1] (0.46ns)   --->   "%store_ln0 = store i6 0, i6 %nn"   --->   Operation 72 'store' 'store_ln0' <Predicate = true> <Delay = 0.46>
ST_1 : Operation 73 [1/1] (0.00ns)   --->   "%br_ln0 = br void %for.body97"   --->   Operation 73 'br' 'br_ln0' <Predicate = true> <Delay = 0.00>
ST_1 : Operation 74 [1/1] (0.00ns)   --->   "%indvar_flatten139_load = load i7 %indvar_flatten139" [seq_align_multiple.cpp:92]   --->   Operation 74 'load' 'indvar_flatten139_load' <Predicate = true> <Delay = 0.00>
ST_1 : Operation 75 [1/1] (0.00ns)   --->   "%specpipeline_ln0 = specpipeline void @_ssdm_op_SpecPipeline, i32 4294967295, i32 0, i32 1, i32 0, void @p_str"   --->   Operation 75 'specpipeline' 'specpipeline_ln0' <Predicate = true> <Delay = 0.00>
ST_1 : Operation 76 [1/1] (0.71ns)   --->   "%icmp_ln92 = icmp_eq  i7 %indvar_flatten139_load, i7 64" [seq_align_multiple.cpp:92]   --->   Operation 76 'icmp' 'icmp_ln92' <Predicate = true> <Delay = 0.71> <CoreInst = "Cmp">   --->   Core 9 'Cmp' <Latency = 0> <II = 1> <Delay = 0.71> <FuncUnit> <Opcode : 'icmp'> <InPorts = 2> <OutPorts = 1>
ST_1 : Operation 77 [1/1] (0.85ns)   --->   "%add_ln92_1 = add i7 %indvar_flatten139_load, i7 1" [seq_align_multiple.cpp:92]   --->   Operation 77 'add' 'add_ln92_1' <Predicate = true> <Delay = 0.85> <CoreInst = "Adder">   --->   Core 1 'Adder' <Latency = 0> <II = 1> <Delay = 0.85> <FuncUnit> <Opcode : 'add' 'sub'> <InPorts = 2> <OutPorts = 1>
ST_1 : Operation 78 [1/1] (0.00ns)   --->   "%br_ln92 = br i1 %icmp_ln92, void %for.inc111, void %for.body117.preheader.exitStub" [seq_align_multiple.cpp:92]   --->   Operation 78 'br' 'br_ln92' <Predicate = true> <Delay = 0.00>
ST_1 : Operation 79 [1/1] (0.00ns)   --->   "%nn_load = load i6 %nn" [seq_align_multiple.cpp:93]   --->   Operation 79 'load' 'nn_load' <Predicate = (!icmp_ln92)> <Delay = 0.00>
ST_1 : Operation 80 [1/1] (0.00ns)   --->   "%mm_load = load i2 %mm" [seq_align_multiple.cpp:92]   --->   Operation 80 'load' 'mm_load' <Predicate = (!icmp_ln92)> <Delay = 0.00>
ST_1 : Operation 81 [1/1] (0.62ns)   --->   "%add_ln92 = add i2 %mm_load, i2 1" [seq_align_multiple.cpp:92]   --->   Operation 81 'add' 'add_ln92' <Predicate = (!icmp_ln92)> <Delay = 0.62> <CoreInst = "Adder">   --->   Core 1 'Adder' <Latency = 0> <II = 1> <Delay = 0.62> <FuncUnit> <Opcode : 'add' 'sub'> <InPorts = 2> <OutPorts = 1>
ST_1 : Operation 82 [1/1] (0.00ns)   --->   "%specloopname_ln0 = specloopname void @_ssdm_op_SpecLoopName, void @local_Ixmem_loop_VITIS_LOOP_93_4_str"   --->   Operation 82 'specloopname' 'specloopname_ln0' <Predicate = (!icmp_ln92)> <Delay = 0.00>
ST_1 : Operation 83 [1/1] (0.00ns)   --->   "%empty = speclooptripcount i32 @_ssdm_op_SpecLoopTripCount, i64 64, i64 64, i64 64"   --->   Operation 83 'speclooptripcount' 'empty' <Predicate = (!icmp_ln92)> <Delay = 0.00>
ST_1 : Operation 84 [1/1] (0.71ns)   --->   "%icmp_ln93 = icmp_eq  i6 %nn_load, i6 32" [seq_align_multiple.cpp:93]   --->   Operation 84 'icmp' 'icmp_ln93' <Predicate = (!icmp_ln92)> <Delay = 0.71> <CoreInst = "Cmp">   --->   Core 9 'Cmp' <Latency = 0> <II = 1> <Delay = 0.71> <FuncUnit> <Opcode : 'icmp'> <InPorts = 2> <OutPorts = 1>
ST_1 : Operation 85 [1/1] (0.36ns)   --->   "%select_ln92 = select i1 %icmp_ln93, i6 0, i6 %nn_load" [seq_align_multiple.cpp:92]   --->   Operation 85 'select' 'select_ln92' <Predicate = (!icmp_ln92)> <Delay = 0.36> <CoreInst = "Sel">   --->   Core 73 'Sel' <Latency = 0> <II = 1> <Delay = 0.36> <FuncUnit> <Opcode : 'select'> <InPorts = 3> <OutPorts = 1>
ST_1 : Operation 86 [1/1] (0.34ns)   --->   "%select_ln92_1 = select i1 %icmp_ln93, i2 %add_ln92, i2 %mm_load" [seq_align_multiple.cpp:92]   --->   Operation 86 'select' 'select_ln92_1' <Predicate = (!icmp_ln92)> <Delay = 0.34> <CoreInst = "Sel">   --->   Core 73 'Sel' <Latency = 0> <II = 1> <Delay = 0.34> <FuncUnit> <Opcode : 'select'> <InPorts = 3> <OutPorts = 1>
ST_1 : Operation 87 [1/1] (0.00ns)   --->   "%trunc_ln92 = trunc i2 %select_ln92_1" [seq_align_multiple.cpp:92]   --->   Operation 87 'trunc' 'trunc_ln92' <Predicate = (!icmp_ln92)> <Delay = 0.00>
ST_1 : Operation 88 [1/1] (0.00ns)   --->   "%specpipeline_ln0 = specpipeline void @_ssdm_op_SpecPipeline, i32 4294967295, i32 0, i32 1, i32 0, void @p_str"   --->   Operation 88 'specpipeline' 'specpipeline_ln0' <Predicate = (!icmp_ln92)> <Delay = 0.00>
ST_1 : Operation 89 [1/1] (0.00ns)   --->   "%specloopname_ln183 = specloopname void @_ssdm_op_SpecLoopName, void @empty_4"   --->   Operation 89 'specloopname' 'specloopname_ln183' <Predicate = (!icmp_ln92)> <Delay = 0.00>
ST_1 : Operation 90 [1/1] (0.00ns)   --->   "%trunc_ln95 = trunc i6 %select_ln92" [seq_align_multiple.cpp:95]   --->   Operation 90 'trunc' 'trunc_ln95' <Predicate = (!icmp_ln92)> <Delay = 0.00>
ST_1 : Operation 91 [1/1] (0.00ns)   --->   "%br_ln95 = br i1 %trunc_ln92, void %arrayidx10731.0.0.044.exit, void %arrayidx10230.0.0.043.case.1" [seq_align_multiple.cpp:95]   --->   Operation 91 'br' 'br_ln95' <Predicate = (!icmp_ln92)> <Delay = 0.00>
ST_1 : Operation 92 [1/1] (0.39ns)   --->   "%switch_ln95 = switch i5 %trunc_ln95, void %arrayidx10731.0.0.044.case.1, i5 0, void %arrayidx10230.0.0.043.case.1.arrayidx10731.0.0.044.case.1_crit_edge95, i5 1, void %arrayidx10230.0.0.043.case.12247, i5 2, void %arrayidx10230.0.0.043.case.22248, i5 3, void %arrayidx10230.0.0.043.case.32249, i5 4, void %arrayidx10230.0.0.043.case.42250, i5 5, void %arrayidx10230.0.0.043.case.52251, i5 6, void %arrayidx10230.0.0.043.case.62252, i5 7, void %arrayidx10230.0.0.043.case.72253, i5 8, void %arrayidx10230.0.0.043.case.82254, i5 9, void %arrayidx10230.0.0.043.case.92255, i5 10, void %arrayidx10230.0.0.043.case.102256, i5 11, void %arrayidx10230.0.0.043.case.112257, i5 12, void %arrayidx10230.0.0.043.case.122258, i5 13, void %arrayidx10230.0.0.043.case.132259, i5 14, void %arrayidx10230.0.0.043.case.142260, i5 15, void %arrayidx10230.0.0.043.case.152261, i5 16, void %arrayidx10230.0.0.043.case.162262, i5 17, void %arrayidx10230.0.0.043.case.172263, i5 18, void %arrayidx10230.0.0.043.case.182264, i5 19, void %arrayidx10230.0.0.043.case.192265, i5 20, void %arrayidx10230.0.0.043.case.202266, i5 21, void %arrayidx10230.0.0.043.case.212267, i5 22, void %arrayidx10230.0.0.043.case.222268, i5 23, void %arrayidx10230.0.0.043.case.232269, i5 24, void %arrayidx10230.0.0.043.case.242270, i5 25, void %arrayidx10230.0.0.043.case.252271, i5 26, void %arrayidx10230.0.0.043.case.262272, i5 27, void %arrayidx10230.0.0.043.case.272273, i5 28, void %arrayidx10230.0.0.043.case.282274, i5 29, void %arrayidx10230.0.0.043.case.292275, i5 30, void %arrayidx10230.0.0.043.case.302276" [seq_align_multiple.cpp:95]   --->   Operation 92 'switch' 'switch_ln95' <Predicate = (!icmp_ln92 & trunc_ln92)> <Delay = 0.39>
ST_1 : Operation 93 [1/1] (0.00ns)   --->   "%store_ln95 = store i10 0, i10 %Ix_mem" [seq_align_multiple.cpp:95]   --->   Operation 93 'store' 'store_ln95' <Predicate = (!icmp_ln92 & trunc_ln92 & trunc_ln95 == 30)> <Delay = 0.00>
ST_1 : Operation 94 [1/1] (0.00ns)   --->   "%br_ln95 = br void %arrayidx10731.0.0.044.case.1" [seq_align_multiple.cpp:95]   --->   Operation 94 'br' 'br_ln95' <Predicate = (!icmp_ln92 & trunc_ln92 & trunc_ln95 == 30)> <Delay = 0.00>
ST_1 : Operation 95 [1/1] (0.00ns)   --->   "%store_ln95 = store i10 0, i10 %Ix_mem_1" [seq_align_multiple.cpp:95]   --->   Operation 95 'store' 'store_ln95' <Predicate = (!icmp_ln92 & trunc_ln92 & trunc_ln95 == 29)> <Delay = 0.00>
ST_1 : Operation 96 [1/1] (0.00ns)   --->   "%br_ln95 = br void %arrayidx10731.0.0.044.case.1" [seq_align_multiple.cpp:95]   --->   Operation 96 'br' 'br_ln95' <Predicate = (!icmp_ln92 & trunc_ln92 & trunc_ln95 == 29)> <Delay = 0.00>
ST_1 : Operation 97 [1/1] (0.00ns)   --->   "%store_ln95 = store i10 0, i10 %Ix_mem_2" [seq_align_multiple.cpp:95]   --->   Operation 97 'store' 'store_ln95' <Predicate = (!icmp_ln92 & trunc_ln92 & trunc_ln95 == 28)> <Delay = 0.00>
ST_1 : Operation 98 [1/1] (0.00ns)   --->   "%br_ln95 = br void %arrayidx10731.0.0.044.case.1" [seq_align_multiple.cpp:95]   --->   Operation 98 'br' 'br_ln95' <Predicate = (!icmp_ln92 & trunc_ln92 & trunc_ln95 == 28)> <Delay = 0.00>
ST_1 : Operation 99 [1/1] (0.00ns)   --->   "%store_ln95 = store i10 0, i10 %Ix_mem_3" [seq_align_multiple.cpp:95]   --->   Operation 99 'store' 'store_ln95' <Predicate = (!icmp_ln92 & trunc_ln92 & trunc_ln95 == 27)> <Delay = 0.00>
ST_1 : Operation 100 [1/1] (0.00ns)   --->   "%br_ln95 = br void %arrayidx10731.0.0.044.case.1" [seq_align_multiple.cpp:95]   --->   Operation 100 'br' 'br_ln95' <Predicate = (!icmp_ln92 & trunc_ln92 & trunc_ln95 == 27)> <Delay = 0.00>
ST_1 : Operation 101 [1/1] (0.00ns)   --->   "%store_ln95 = store i10 0, i10 %Ix_mem_4" [seq_align_multiple.cpp:95]   --->   Operation 101 'store' 'store_ln95' <Predicate = (!icmp_ln92 & trunc_ln92 & trunc_ln95 == 26)> <Delay = 0.00>
ST_1 : Operation 102 [1/1] (0.00ns)   --->   "%br_ln95 = br void %arrayidx10731.0.0.044.case.1" [seq_align_multiple.cpp:95]   --->   Operation 102 'br' 'br_ln95' <Predicate = (!icmp_ln92 & trunc_ln92 & trunc_ln95 == 26)> <Delay = 0.00>
ST_1 : Operation 103 [1/1] (0.00ns)   --->   "%store_ln95 = store i10 0, i10 %Ix_mem_5" [seq_align_multiple.cpp:95]   --->   Operation 103 'store' 'store_ln95' <Predicate = (!icmp_ln92 & trunc_ln92 & trunc_ln95 == 25)> <Delay = 0.00>
ST_1 : Operation 104 [1/1] (0.00ns)   --->   "%br_ln95 = br void %arrayidx10731.0.0.044.case.1" [seq_align_multiple.cpp:95]   --->   Operation 104 'br' 'br_ln95' <Predicate = (!icmp_ln92 & trunc_ln92 & trunc_ln95 == 25)> <Delay = 0.00>
ST_1 : Operation 105 [1/1] (0.00ns)   --->   "%store_ln95 = store i10 0, i10 %Ix_mem_6" [seq_align_multiple.cpp:95]   --->   Operation 105 'store' 'store_ln95' <Predicate = (!icmp_ln92 & trunc_ln92 & trunc_ln95 == 24)> <Delay = 0.00>
ST_1 : Operation 106 [1/1] (0.00ns)   --->   "%br_ln95 = br void %arrayidx10731.0.0.044.case.1" [seq_align_multiple.cpp:95]   --->   Operation 106 'br' 'br_ln95' <Predicate = (!icmp_ln92 & trunc_ln92 & trunc_ln95 == 24)> <Delay = 0.00>
ST_1 : Operation 107 [1/1] (0.00ns)   --->   "%store_ln95 = store i10 0, i10 %Ix_mem_7" [seq_align_multiple.cpp:95]   --->   Operation 107 'store' 'store_ln95' <Predicate = (!icmp_ln92 & trunc_ln92 & trunc_ln95 == 23)> <Delay = 0.00>
ST_1 : Operation 108 [1/1] (0.00ns)   --->   "%br_ln95 = br void %arrayidx10731.0.0.044.case.1" [seq_align_multiple.cpp:95]   --->   Operation 108 'br' 'br_ln95' <Predicate = (!icmp_ln92 & trunc_ln92 & trunc_ln95 == 23)> <Delay = 0.00>
ST_1 : Operation 109 [1/1] (0.00ns)   --->   "%store_ln95 = store i10 0, i10 %Ix_mem_8" [seq_align_multiple.cpp:95]   --->   Operation 109 'store' 'store_ln95' <Predicate = (!icmp_ln92 & trunc_ln92 & trunc_ln95 == 22)> <Delay = 0.00>
ST_1 : Operation 110 [1/1] (0.00ns)   --->   "%br_ln95 = br void %arrayidx10731.0.0.044.case.1" [seq_align_multiple.cpp:95]   --->   Operation 110 'br' 'br_ln95' <Predicate = (!icmp_ln92 & trunc_ln92 & trunc_ln95 == 22)> <Delay = 0.00>
ST_1 : Operation 111 [1/1] (0.00ns)   --->   "%store_ln95 = store i10 0, i10 %Ix_mem_9" [seq_align_multiple.cpp:95]   --->   Operation 111 'store' 'store_ln95' <Predicate = (!icmp_ln92 & trunc_ln92 & trunc_ln95 == 21)> <Delay = 0.00>
ST_1 : Operation 112 [1/1] (0.00ns)   --->   "%br_ln95 = br void %arrayidx10731.0.0.044.case.1" [seq_align_multiple.cpp:95]   --->   Operation 112 'br' 'br_ln95' <Predicate = (!icmp_ln92 & trunc_ln92 & trunc_ln95 == 21)> <Delay = 0.00>
ST_1 : Operation 113 [1/1] (0.00ns)   --->   "%store_ln95 = store i10 0, i10 %Ix_mem_10" [seq_align_multiple.cpp:95]   --->   Operation 113 'store' 'store_ln95' <Predicate = (!icmp_ln92 & trunc_ln92 & trunc_ln95 == 20)> <Delay = 0.00>
ST_1 : Operation 114 [1/1] (0.00ns)   --->   "%br_ln95 = br void %arrayidx10731.0.0.044.case.1" [seq_align_multiple.cpp:95]   --->   Operation 114 'br' 'br_ln95' <Predicate = (!icmp_ln92 & trunc_ln92 & trunc_ln95 == 20)> <Delay = 0.00>
ST_1 : Operation 115 [1/1] (0.00ns)   --->   "%store_ln95 = store i10 0, i10 %Ix_mem_11" [seq_align_multiple.cpp:95]   --->   Operation 115 'store' 'store_ln95' <Predicate = (!icmp_ln92 & trunc_ln92 & trunc_ln95 == 19)> <Delay = 0.00>
ST_1 : Operation 116 [1/1] (0.00ns)   --->   "%br_ln95 = br void %arrayidx10731.0.0.044.case.1" [seq_align_multiple.cpp:95]   --->   Operation 116 'br' 'br_ln95' <Predicate = (!icmp_ln92 & trunc_ln92 & trunc_ln95 == 19)> <Delay = 0.00>
ST_1 : Operation 117 [1/1] (0.00ns)   --->   "%store_ln95 = store i10 0, i10 %Ix_mem_12" [seq_align_multiple.cpp:95]   --->   Operation 117 'store' 'store_ln95' <Predicate = (!icmp_ln92 & trunc_ln92 & trunc_ln95 == 18)> <Delay = 0.00>
ST_1 : Operation 118 [1/1] (0.00ns)   --->   "%br_ln95 = br void %arrayidx10731.0.0.044.case.1" [seq_align_multiple.cpp:95]   --->   Operation 118 'br' 'br_ln95' <Predicate = (!icmp_ln92 & trunc_ln92 & trunc_ln95 == 18)> <Delay = 0.00>
ST_1 : Operation 119 [1/1] (0.00ns)   --->   "%store_ln95 = store i10 0, i10 %Ix_mem_13" [seq_align_multiple.cpp:95]   --->   Operation 119 'store' 'store_ln95' <Predicate = (!icmp_ln92 & trunc_ln92 & trunc_ln95 == 17)> <Delay = 0.00>
ST_1 : Operation 120 [1/1] (0.00ns)   --->   "%br_ln95 = br void %arrayidx10731.0.0.044.case.1" [seq_align_multiple.cpp:95]   --->   Operation 120 'br' 'br_ln95' <Predicate = (!icmp_ln92 & trunc_ln92 & trunc_ln95 == 17)> <Delay = 0.00>
ST_1 : Operation 121 [1/1] (0.00ns)   --->   "%store_ln95 = store i10 0, i10 %Ix_mem_14" [seq_align_multiple.cpp:95]   --->   Operation 121 'store' 'store_ln95' <Predicate = (!icmp_ln92 & trunc_ln92 & trunc_ln95 == 16)> <Delay = 0.00>
ST_1 : Operation 122 [1/1] (0.00ns)   --->   "%br_ln95 = br void %arrayidx10731.0.0.044.case.1" [seq_align_multiple.cpp:95]   --->   Operation 122 'br' 'br_ln95' <Predicate = (!icmp_ln92 & trunc_ln92 & trunc_ln95 == 16)> <Delay = 0.00>
ST_1 : Operation 123 [1/1] (0.00ns)   --->   "%store_ln95 = store i10 0, i10 %Ix_mem_15" [seq_align_multiple.cpp:95]   --->   Operation 123 'store' 'store_ln95' <Predicate = (!icmp_ln92 & trunc_ln92 & trunc_ln95 == 15)> <Delay = 0.00>
ST_1 : Operation 124 [1/1] (0.00ns)   --->   "%br_ln95 = br void %arrayidx10731.0.0.044.case.1" [seq_align_multiple.cpp:95]   --->   Operation 124 'br' 'br_ln95' <Predicate = (!icmp_ln92 & trunc_ln92 & trunc_ln95 == 15)> <Delay = 0.00>
ST_1 : Operation 125 [1/1] (0.00ns)   --->   "%store_ln95 = store i10 0, i10 %Ix_mem_16" [seq_align_multiple.cpp:95]   --->   Operation 125 'store' 'store_ln95' <Predicate = (!icmp_ln92 & trunc_ln92 & trunc_ln95 == 14)> <Delay = 0.00>
ST_1 : Operation 126 [1/1] (0.00ns)   --->   "%br_ln95 = br void %arrayidx10731.0.0.044.case.1" [seq_align_multiple.cpp:95]   --->   Operation 126 'br' 'br_ln95' <Predicate = (!icmp_ln92 & trunc_ln92 & trunc_ln95 == 14)> <Delay = 0.00>
ST_1 : Operation 127 [1/1] (0.00ns)   --->   "%store_ln95 = store i10 0, i10 %Ix_mem_17" [seq_align_multiple.cpp:95]   --->   Operation 127 'store' 'store_ln95' <Predicate = (!icmp_ln92 & trunc_ln92 & trunc_ln95 == 13)> <Delay = 0.00>
ST_1 : Operation 128 [1/1] (0.00ns)   --->   "%br_ln95 = br void %arrayidx10731.0.0.044.case.1" [seq_align_multiple.cpp:95]   --->   Operation 128 'br' 'br_ln95' <Predicate = (!icmp_ln92 & trunc_ln92 & trunc_ln95 == 13)> <Delay = 0.00>
ST_1 : Operation 129 [1/1] (0.00ns)   --->   "%store_ln95 = store i10 0, i10 %Ix_mem_18" [seq_align_multiple.cpp:95]   --->   Operation 129 'store' 'store_ln95' <Predicate = (!icmp_ln92 & trunc_ln92 & trunc_ln95 == 12)> <Delay = 0.00>
ST_1 : Operation 130 [1/1] (0.00ns)   --->   "%br_ln95 = br void %arrayidx10731.0.0.044.case.1" [seq_align_multiple.cpp:95]   --->   Operation 130 'br' 'br_ln95' <Predicate = (!icmp_ln92 & trunc_ln92 & trunc_ln95 == 12)> <Delay = 0.00>
ST_1 : Operation 131 [1/1] (0.00ns)   --->   "%store_ln95 = store i10 0, i10 %Ix_mem_19" [seq_align_multiple.cpp:95]   --->   Operation 131 'store' 'store_ln95' <Predicate = (!icmp_ln92 & trunc_ln92 & trunc_ln95 == 11)> <Delay = 0.00>
ST_1 : Operation 132 [1/1] (0.00ns)   --->   "%br_ln95 = br void %arrayidx10731.0.0.044.case.1" [seq_align_multiple.cpp:95]   --->   Operation 132 'br' 'br_ln95' <Predicate = (!icmp_ln92 & trunc_ln92 & trunc_ln95 == 11)> <Delay = 0.00>
ST_1 : Operation 133 [1/1] (0.00ns)   --->   "%store_ln95 = store i10 0, i10 %Ix_mem_20" [seq_align_multiple.cpp:95]   --->   Operation 133 'store' 'store_ln95' <Predicate = (!icmp_ln92 & trunc_ln92 & trunc_ln95 == 10)> <Delay = 0.00>
ST_1 : Operation 134 [1/1] (0.00ns)   --->   "%br_ln95 = br void %arrayidx10731.0.0.044.case.1" [seq_align_multiple.cpp:95]   --->   Operation 134 'br' 'br_ln95' <Predicate = (!icmp_ln92 & trunc_ln92 & trunc_ln95 == 10)> <Delay = 0.00>
ST_1 : Operation 135 [1/1] (0.00ns)   --->   "%store_ln95 = store i10 0, i10 %Ix_mem_21" [seq_align_multiple.cpp:95]   --->   Operation 135 'store' 'store_ln95' <Predicate = (!icmp_ln92 & trunc_ln92 & trunc_ln95 == 9)> <Delay = 0.00>
ST_1 : Operation 136 [1/1] (0.00ns)   --->   "%br_ln95 = br void %arrayidx10731.0.0.044.case.1" [seq_align_multiple.cpp:95]   --->   Operation 136 'br' 'br_ln95' <Predicate = (!icmp_ln92 & trunc_ln92 & trunc_ln95 == 9)> <Delay = 0.00>
ST_1 : Operation 137 [1/1] (0.00ns)   --->   "%store_ln95 = store i10 0, i10 %Ix_mem_22" [seq_align_multiple.cpp:95]   --->   Operation 137 'store' 'store_ln95' <Predicate = (!icmp_ln92 & trunc_ln92 & trunc_ln95 == 8)> <Delay = 0.00>
ST_1 : Operation 138 [1/1] (0.00ns)   --->   "%br_ln95 = br void %arrayidx10731.0.0.044.case.1" [seq_align_multiple.cpp:95]   --->   Operation 138 'br' 'br_ln95' <Predicate = (!icmp_ln92 & trunc_ln92 & trunc_ln95 == 8)> <Delay = 0.00>
ST_1 : Operation 139 [1/1] (0.00ns)   --->   "%store_ln95 = store i10 0, i10 %Ix_mem_23" [seq_align_multiple.cpp:95]   --->   Operation 139 'store' 'store_ln95' <Predicate = (!icmp_ln92 & trunc_ln92 & trunc_ln95 == 7)> <Delay = 0.00>
ST_1 : Operation 140 [1/1] (0.00ns)   --->   "%br_ln95 = br void %arrayidx10731.0.0.044.case.1" [seq_align_multiple.cpp:95]   --->   Operation 140 'br' 'br_ln95' <Predicate = (!icmp_ln92 & trunc_ln92 & trunc_ln95 == 7)> <Delay = 0.00>
ST_1 : Operation 141 [1/1] (0.00ns)   --->   "%store_ln95 = store i10 0, i10 %Ix_mem_24" [seq_align_multiple.cpp:95]   --->   Operation 141 'store' 'store_ln95' <Predicate = (!icmp_ln92 & trunc_ln92 & trunc_ln95 == 6)> <Delay = 0.00>
ST_1 : Operation 142 [1/1] (0.00ns)   --->   "%br_ln95 = br void %arrayidx10731.0.0.044.case.1" [seq_align_multiple.cpp:95]   --->   Operation 142 'br' 'br_ln95' <Predicate = (!icmp_ln92 & trunc_ln92 & trunc_ln95 == 6)> <Delay = 0.00>
ST_1 : Operation 143 [1/1] (0.00ns)   --->   "%store_ln95 = store i10 0, i10 %Ix_mem_25" [seq_align_multiple.cpp:95]   --->   Operation 143 'store' 'store_ln95' <Predicate = (!icmp_ln92 & trunc_ln92 & trunc_ln95 == 5)> <Delay = 0.00>
ST_1 : Operation 144 [1/1] (0.00ns)   --->   "%br_ln95 = br void %arrayidx10731.0.0.044.case.1" [seq_align_multiple.cpp:95]   --->   Operation 144 'br' 'br_ln95' <Predicate = (!icmp_ln92 & trunc_ln92 & trunc_ln95 == 5)> <Delay = 0.00>
ST_1 : Operation 145 [1/1] (0.00ns)   --->   "%store_ln95 = store i10 0, i10 %Ix_mem_26" [seq_align_multiple.cpp:95]   --->   Operation 145 'store' 'store_ln95' <Predicate = (!icmp_ln92 & trunc_ln92 & trunc_ln95 == 4)> <Delay = 0.00>
ST_1 : Operation 146 [1/1] (0.00ns)   --->   "%br_ln95 = br void %arrayidx10731.0.0.044.case.1" [seq_align_multiple.cpp:95]   --->   Operation 146 'br' 'br_ln95' <Predicate = (!icmp_ln92 & trunc_ln92 & trunc_ln95 == 4)> <Delay = 0.00>
ST_1 : Operation 147 [1/1] (0.00ns)   --->   "%store_ln95 = store i10 0, i10 %Ix_mem_27" [seq_align_multiple.cpp:95]   --->   Operation 147 'store' 'store_ln95' <Predicate = (!icmp_ln92 & trunc_ln92 & trunc_ln95 == 3)> <Delay = 0.00>
ST_1 : Operation 148 [1/1] (0.00ns)   --->   "%br_ln95 = br void %arrayidx10731.0.0.044.case.1" [seq_align_multiple.cpp:95]   --->   Operation 148 'br' 'br_ln95' <Predicate = (!icmp_ln92 & trunc_ln92 & trunc_ln95 == 3)> <Delay = 0.00>
ST_1 : Operation 149 [1/1] (0.00ns)   --->   "%store_ln95 = store i10 0, i10 %Ix_mem_28" [seq_align_multiple.cpp:95]   --->   Operation 149 'store' 'store_ln95' <Predicate = (!icmp_ln92 & trunc_ln92 & trunc_ln95 == 2)> <Delay = 0.00>
ST_1 : Operation 150 [1/1] (0.00ns)   --->   "%br_ln95 = br void %arrayidx10731.0.0.044.case.1" [seq_align_multiple.cpp:95]   --->   Operation 150 'br' 'br_ln95' <Predicate = (!icmp_ln92 & trunc_ln92 & trunc_ln95 == 2)> <Delay = 0.00>
ST_1 : Operation 151 [1/1] (0.00ns)   --->   "%store_ln95 = store i10 0, i10 %Ix_mem_29" [seq_align_multiple.cpp:95]   --->   Operation 151 'store' 'store_ln95' <Predicate = (!icmp_ln92 & trunc_ln92 & trunc_ln95 == 1)> <Delay = 0.00>
ST_1 : Operation 152 [1/1] (0.00ns)   --->   "%br_ln95 = br void %arrayidx10731.0.0.044.case.1" [seq_align_multiple.cpp:95]   --->   Operation 152 'br' 'br_ln95' <Predicate = (!icmp_ln92 & trunc_ln92 & trunc_ln95 == 1)> <Delay = 0.00>
ST_1 : Operation 153 [1/1] (0.00ns)   --->   "%store_ln95 = store i10 0, i10 %Ix_mem_30" [seq_align_multiple.cpp:95]   --->   Operation 153 'store' 'store_ln95' <Predicate = (!icmp_ln92 & trunc_ln92 & trunc_ln95 == 0)> <Delay = 0.00>
ST_1 : Operation 154 [1/1] (0.00ns)   --->   "%br_ln95 = br void %arrayidx10731.0.0.044.case.1" [seq_align_multiple.cpp:95]   --->   Operation 154 'br' 'br_ln95' <Predicate = (!icmp_ln92 & trunc_ln92 & trunc_ln95 == 0)> <Delay = 0.00>
ST_1 : Operation 155 [1/1] (0.39ns)   --->   "%switch_ln96 = switch i5 %trunc_ln95, void %arrayidx10731.0.0.044.case.312315, i5 0, void %arrayidx10731.0.0.044.case.1.arrayidx10731.0.0.044.exit_crit_edge, i5 1, void %arrayidx10731.0.0.044.case.1.arrayidx10731.0.0.044.exit_crit_edge64, i5 2, void %arrayidx10731.0.0.044.case.22286, i5 3, void %arrayidx10731.0.0.044.case.32287, i5 4, void %arrayidx10731.0.0.044.case.42288, i5 5, void %arrayidx10731.0.0.044.case.52289, i5 6, void %arrayidx10731.0.0.044.case.62290, i5 7, void %arrayidx10731.0.0.044.case.72291, i5 8, void %arrayidx10731.0.0.044.case.82292, i5 9, void %arrayidx10731.0.0.044.case.92293, i5 10, void %arrayidx10731.0.0.044.case.102294, i5 11, void %arrayidx10731.0.0.044.case.112295, i5 12, void %arrayidx10731.0.0.044.case.122296, i5 13, void %arrayidx10731.0.0.044.case.132297, i5 14, void %arrayidx10731.0.0.044.case.142298, i5 15, void %arrayidx10731.0.0.044.case.152299, i5 16, void %arrayidx10731.0.0.044.case.162300, i5 17, void %arrayidx10731.0.0.044.case.172301, i5 18, void %arrayidx10731.0.0.044.case.182302, i5 19, void %arrayidx10731.0.0.044.case.192303, i5 20, void %arrayidx10731.0.0.044.case.202304, i5 21, void %arrayidx10731.0.0.044.case.212305, i5 22, void %arrayidx10731.0.0.044.case.222306, i5 23, void %arrayidx10731.0.0.044.case.232307, i5 24, void %arrayidx10731.0.0.044.case.242308, i5 25, void %arrayidx10731.0.0.044.case.252309, i5 26, void %arrayidx10731.0.0.044.case.262310, i5 27, void %arrayidx10731.0.0.044.case.272311, i5 28, void %arrayidx10731.0.0.044.case.282312, i5 29, void %arrayidx10731.0.0.044.case.292313, i5 30, void %arrayidx10731.0.0.044.case.302314" [seq_align_multiple.cpp:96]   --->   Operation 155 'switch' 'switch_ln96' <Predicate = (!icmp_ln92 & trunc_ln92)> <Delay = 0.39>
ST_1 : Operation 156 [1/1] (0.00ns)   --->   "%store_ln96 = store i10 0, i10 %Iy_mem" [seq_align_multiple.cpp:96]   --->   Operation 156 'store' 'store_ln96' <Predicate = (!icmp_ln92 & trunc_ln92 & trunc_ln95 == 30)> <Delay = 0.00>
ST_1 : Operation 157 [1/1] (0.00ns)   --->   "%br_ln96 = br void %arrayidx10731.0.0.044.exit" [seq_align_multiple.cpp:96]   --->   Operation 157 'br' 'br_ln96' <Predicate = (!icmp_ln92 & trunc_ln92 & trunc_ln95 == 30)> <Delay = 0.00>
ST_1 : Operation 158 [1/1] (0.00ns)   --->   "%store_ln96 = store i10 0, i10 %Iy_mem_1" [seq_align_multiple.cpp:96]   --->   Operation 158 'store' 'store_ln96' <Predicate = (!icmp_ln92 & trunc_ln92 & trunc_ln95 == 29)> <Delay = 0.00>
ST_1 : Operation 159 [1/1] (0.00ns)   --->   "%br_ln96 = br void %arrayidx10731.0.0.044.exit" [seq_align_multiple.cpp:96]   --->   Operation 159 'br' 'br_ln96' <Predicate = (!icmp_ln92 & trunc_ln92 & trunc_ln95 == 29)> <Delay = 0.00>
ST_1 : Operation 160 [1/1] (0.00ns)   --->   "%store_ln96 = store i10 0, i10 %Iy_mem_2" [seq_align_multiple.cpp:96]   --->   Operation 160 'store' 'store_ln96' <Predicate = (!icmp_ln92 & trunc_ln92 & trunc_ln95 == 28)> <Delay = 0.00>
ST_1 : Operation 161 [1/1] (0.00ns)   --->   "%br_ln96 = br void %arrayidx10731.0.0.044.exit" [seq_align_multiple.cpp:96]   --->   Operation 161 'br' 'br_ln96' <Predicate = (!icmp_ln92 & trunc_ln92 & trunc_ln95 == 28)> <Delay = 0.00>
ST_1 : Operation 162 [1/1] (0.00ns)   --->   "%store_ln96 = store i10 0, i10 %Iy_mem_3" [seq_align_multiple.cpp:96]   --->   Operation 162 'store' 'store_ln96' <Predicate = (!icmp_ln92 & trunc_ln92 & trunc_ln95 == 27)> <Delay = 0.00>
ST_1 : Operation 163 [1/1] (0.00ns)   --->   "%br_ln96 = br void %arrayidx10731.0.0.044.exit" [seq_align_multiple.cpp:96]   --->   Operation 163 'br' 'br_ln96' <Predicate = (!icmp_ln92 & trunc_ln92 & trunc_ln95 == 27)> <Delay = 0.00>
ST_1 : Operation 164 [1/1] (0.00ns)   --->   "%store_ln96 = store i10 0, i10 %Iy_mem_4" [seq_align_multiple.cpp:96]   --->   Operation 164 'store' 'store_ln96' <Predicate = (!icmp_ln92 & trunc_ln92 & trunc_ln95 == 26)> <Delay = 0.00>
ST_1 : Operation 165 [1/1] (0.00ns)   --->   "%br_ln96 = br void %arrayidx10731.0.0.044.exit" [seq_align_multiple.cpp:96]   --->   Operation 165 'br' 'br_ln96' <Predicate = (!icmp_ln92 & trunc_ln92 & trunc_ln95 == 26)> <Delay = 0.00>
ST_1 : Operation 166 [1/1] (0.00ns)   --->   "%store_ln96 = store i10 0, i10 %Iy_mem_5" [seq_align_multiple.cpp:96]   --->   Operation 166 'store' 'store_ln96' <Predicate = (!icmp_ln92 & trunc_ln92 & trunc_ln95 == 25)> <Delay = 0.00>
ST_1 : Operation 167 [1/1] (0.00ns)   --->   "%br_ln96 = br void %arrayidx10731.0.0.044.exit" [seq_align_multiple.cpp:96]   --->   Operation 167 'br' 'br_ln96' <Predicate = (!icmp_ln92 & trunc_ln92 & trunc_ln95 == 25)> <Delay = 0.00>
ST_1 : Operation 168 [1/1] (0.00ns)   --->   "%store_ln96 = store i10 0, i10 %Iy_mem_6" [seq_align_multiple.cpp:96]   --->   Operation 168 'store' 'store_ln96' <Predicate = (!icmp_ln92 & trunc_ln92 & trunc_ln95 == 24)> <Delay = 0.00>
ST_1 : Operation 169 [1/1] (0.00ns)   --->   "%br_ln96 = br void %arrayidx10731.0.0.044.exit" [seq_align_multiple.cpp:96]   --->   Operation 169 'br' 'br_ln96' <Predicate = (!icmp_ln92 & trunc_ln92 & trunc_ln95 == 24)> <Delay = 0.00>
ST_1 : Operation 170 [1/1] (0.00ns)   --->   "%store_ln96 = store i10 0, i10 %Iy_mem_7" [seq_align_multiple.cpp:96]   --->   Operation 170 'store' 'store_ln96' <Predicate = (!icmp_ln92 & trunc_ln92 & trunc_ln95 == 23)> <Delay = 0.00>
ST_1 : Operation 171 [1/1] (0.00ns)   --->   "%br_ln96 = br void %arrayidx10731.0.0.044.exit" [seq_align_multiple.cpp:96]   --->   Operation 171 'br' 'br_ln96' <Predicate = (!icmp_ln92 & trunc_ln92 & trunc_ln95 == 23)> <Delay = 0.00>
ST_1 : Operation 172 [1/1] (0.00ns)   --->   "%store_ln96 = store i10 0, i10 %Iy_mem_8" [seq_align_multiple.cpp:96]   --->   Operation 172 'store' 'store_ln96' <Predicate = (!icmp_ln92 & trunc_ln92 & trunc_ln95 == 22)> <Delay = 0.00>
ST_1 : Operation 173 [1/1] (0.00ns)   --->   "%br_ln96 = br void %arrayidx10731.0.0.044.exit" [seq_align_multiple.cpp:96]   --->   Operation 173 'br' 'br_ln96' <Predicate = (!icmp_ln92 & trunc_ln92 & trunc_ln95 == 22)> <Delay = 0.00>
ST_1 : Operation 174 [1/1] (0.00ns)   --->   "%store_ln96 = store i10 0, i10 %Iy_mem_9" [seq_align_multiple.cpp:96]   --->   Operation 174 'store' 'store_ln96' <Predicate = (!icmp_ln92 & trunc_ln92 & trunc_ln95 == 21)> <Delay = 0.00>
ST_1 : Operation 175 [1/1] (0.00ns)   --->   "%br_ln96 = br void %arrayidx10731.0.0.044.exit" [seq_align_multiple.cpp:96]   --->   Operation 175 'br' 'br_ln96' <Predicate = (!icmp_ln92 & trunc_ln92 & trunc_ln95 == 21)> <Delay = 0.00>
ST_1 : Operation 176 [1/1] (0.00ns)   --->   "%store_ln96 = store i10 0, i10 %Iy_mem_10" [seq_align_multiple.cpp:96]   --->   Operation 176 'store' 'store_ln96' <Predicate = (!icmp_ln92 & trunc_ln92 & trunc_ln95 == 20)> <Delay = 0.00>
ST_1 : Operation 177 [1/1] (0.00ns)   --->   "%br_ln96 = br void %arrayidx10731.0.0.044.exit" [seq_align_multiple.cpp:96]   --->   Operation 177 'br' 'br_ln96' <Predicate = (!icmp_ln92 & trunc_ln92 & trunc_ln95 == 20)> <Delay = 0.00>
ST_1 : Operation 178 [1/1] (0.00ns)   --->   "%store_ln96 = store i10 0, i10 %Iy_mem_11" [seq_align_multiple.cpp:96]   --->   Operation 178 'store' 'store_ln96' <Predicate = (!icmp_ln92 & trunc_ln92 & trunc_ln95 == 19)> <Delay = 0.00>
ST_1 : Operation 179 [1/1] (0.00ns)   --->   "%br_ln96 = br void %arrayidx10731.0.0.044.exit" [seq_align_multiple.cpp:96]   --->   Operation 179 'br' 'br_ln96' <Predicate = (!icmp_ln92 & trunc_ln92 & trunc_ln95 == 19)> <Delay = 0.00>
ST_1 : Operation 180 [1/1] (0.00ns)   --->   "%store_ln96 = store i10 0, i10 %Iy_mem_12" [seq_align_multiple.cpp:96]   --->   Operation 180 'store' 'store_ln96' <Predicate = (!icmp_ln92 & trunc_ln92 & trunc_ln95 == 18)> <Delay = 0.00>
ST_1 : Operation 181 [1/1] (0.00ns)   --->   "%br_ln96 = br void %arrayidx10731.0.0.044.exit" [seq_align_multiple.cpp:96]   --->   Operation 181 'br' 'br_ln96' <Predicate = (!icmp_ln92 & trunc_ln92 & trunc_ln95 == 18)> <Delay = 0.00>
ST_1 : Operation 182 [1/1] (0.00ns)   --->   "%store_ln96 = store i10 0, i10 %Iy_mem_13" [seq_align_multiple.cpp:96]   --->   Operation 182 'store' 'store_ln96' <Predicate = (!icmp_ln92 & trunc_ln92 & trunc_ln95 == 17)> <Delay = 0.00>
ST_1 : Operation 183 [1/1] (0.00ns)   --->   "%br_ln96 = br void %arrayidx10731.0.0.044.exit" [seq_align_multiple.cpp:96]   --->   Operation 183 'br' 'br_ln96' <Predicate = (!icmp_ln92 & trunc_ln92 & trunc_ln95 == 17)> <Delay = 0.00>
ST_1 : Operation 184 [1/1] (0.00ns)   --->   "%store_ln96 = store i10 0, i10 %Iy_mem_14" [seq_align_multiple.cpp:96]   --->   Operation 184 'store' 'store_ln96' <Predicate = (!icmp_ln92 & trunc_ln92 & trunc_ln95 == 16)> <Delay = 0.00>
ST_1 : Operation 185 [1/1] (0.00ns)   --->   "%br_ln96 = br void %arrayidx10731.0.0.044.exit" [seq_align_multiple.cpp:96]   --->   Operation 185 'br' 'br_ln96' <Predicate = (!icmp_ln92 & trunc_ln92 & trunc_ln95 == 16)> <Delay = 0.00>
ST_1 : Operation 186 [1/1] (0.00ns)   --->   "%store_ln96 = store i10 0, i10 %Iy_mem_15" [seq_align_multiple.cpp:96]   --->   Operation 186 'store' 'store_ln96' <Predicate = (!icmp_ln92 & trunc_ln92 & trunc_ln95 == 15)> <Delay = 0.00>
ST_1 : Operation 187 [1/1] (0.00ns)   --->   "%br_ln96 = br void %arrayidx10731.0.0.044.exit" [seq_align_multiple.cpp:96]   --->   Operation 187 'br' 'br_ln96' <Predicate = (!icmp_ln92 & trunc_ln92 & trunc_ln95 == 15)> <Delay = 0.00>
ST_1 : Operation 188 [1/1] (0.00ns)   --->   "%store_ln96 = store i10 0, i10 %Iy_mem_16" [seq_align_multiple.cpp:96]   --->   Operation 188 'store' 'store_ln96' <Predicate = (!icmp_ln92 & trunc_ln92 & trunc_ln95 == 14)> <Delay = 0.00>
ST_1 : Operation 189 [1/1] (0.00ns)   --->   "%br_ln96 = br void %arrayidx10731.0.0.044.exit" [seq_align_multiple.cpp:96]   --->   Operation 189 'br' 'br_ln96' <Predicate = (!icmp_ln92 & trunc_ln92 & trunc_ln95 == 14)> <Delay = 0.00>
ST_1 : Operation 190 [1/1] (0.00ns)   --->   "%store_ln96 = store i10 0, i10 %Iy_mem_17" [seq_align_multiple.cpp:96]   --->   Operation 190 'store' 'store_ln96' <Predicate = (!icmp_ln92 & trunc_ln92 & trunc_ln95 == 13)> <Delay = 0.00>
ST_1 : Operation 191 [1/1] (0.00ns)   --->   "%br_ln96 = br void %arrayidx10731.0.0.044.exit" [seq_align_multiple.cpp:96]   --->   Operation 191 'br' 'br_ln96' <Predicate = (!icmp_ln92 & trunc_ln92 & trunc_ln95 == 13)> <Delay = 0.00>
ST_1 : Operation 192 [1/1] (0.00ns)   --->   "%store_ln96 = store i10 0, i10 %Iy_mem_18" [seq_align_multiple.cpp:96]   --->   Operation 192 'store' 'store_ln96' <Predicate = (!icmp_ln92 & trunc_ln92 & trunc_ln95 == 12)> <Delay = 0.00>
ST_1 : Operation 193 [1/1] (0.00ns)   --->   "%br_ln96 = br void %arrayidx10731.0.0.044.exit" [seq_align_multiple.cpp:96]   --->   Operation 193 'br' 'br_ln96' <Predicate = (!icmp_ln92 & trunc_ln92 & trunc_ln95 == 12)> <Delay = 0.00>
ST_1 : Operation 194 [1/1] (0.00ns)   --->   "%store_ln96 = store i10 0, i10 %Iy_mem_19" [seq_align_multiple.cpp:96]   --->   Operation 194 'store' 'store_ln96' <Predicate = (!icmp_ln92 & trunc_ln92 & trunc_ln95 == 11)> <Delay = 0.00>
ST_1 : Operation 195 [1/1] (0.00ns)   --->   "%br_ln96 = br void %arrayidx10731.0.0.044.exit" [seq_align_multiple.cpp:96]   --->   Operation 195 'br' 'br_ln96' <Predicate = (!icmp_ln92 & trunc_ln92 & trunc_ln95 == 11)> <Delay = 0.00>
ST_1 : Operation 196 [1/1] (0.00ns)   --->   "%store_ln96 = store i10 0, i10 %Iy_mem_20" [seq_align_multiple.cpp:96]   --->   Operation 196 'store' 'store_ln96' <Predicate = (!icmp_ln92 & trunc_ln92 & trunc_ln95 == 10)> <Delay = 0.00>
ST_1 : Operation 197 [1/1] (0.00ns)   --->   "%br_ln96 = br void %arrayidx10731.0.0.044.exit" [seq_align_multiple.cpp:96]   --->   Operation 197 'br' 'br_ln96' <Predicate = (!icmp_ln92 & trunc_ln92 & trunc_ln95 == 10)> <Delay = 0.00>
ST_1 : Operation 198 [1/1] (0.00ns)   --->   "%store_ln96 = store i10 0, i10 %Iy_mem_21" [seq_align_multiple.cpp:96]   --->   Operation 198 'store' 'store_ln96' <Predicate = (!icmp_ln92 & trunc_ln92 & trunc_ln95 == 9)> <Delay = 0.00>
ST_1 : Operation 199 [1/1] (0.00ns)   --->   "%br_ln96 = br void %arrayidx10731.0.0.044.exit" [seq_align_multiple.cpp:96]   --->   Operation 199 'br' 'br_ln96' <Predicate = (!icmp_ln92 & trunc_ln92 & trunc_ln95 == 9)> <Delay = 0.00>
ST_1 : Operation 200 [1/1] (0.00ns)   --->   "%store_ln96 = store i10 0, i10 %Iy_mem_22" [seq_align_multiple.cpp:96]   --->   Operation 200 'store' 'store_ln96' <Predicate = (!icmp_ln92 & trunc_ln92 & trunc_ln95 == 8)> <Delay = 0.00>
ST_1 : Operation 201 [1/1] (0.00ns)   --->   "%br_ln96 = br void %arrayidx10731.0.0.044.exit" [seq_align_multiple.cpp:96]   --->   Operation 201 'br' 'br_ln96' <Predicate = (!icmp_ln92 & trunc_ln92 & trunc_ln95 == 8)> <Delay = 0.00>
ST_1 : Operation 202 [1/1] (0.00ns)   --->   "%store_ln96 = store i10 0, i10 %Iy_mem_23" [seq_align_multiple.cpp:96]   --->   Operation 202 'store' 'store_ln96' <Predicate = (!icmp_ln92 & trunc_ln92 & trunc_ln95 == 7)> <Delay = 0.00>
ST_1 : Operation 203 [1/1] (0.00ns)   --->   "%br_ln96 = br void %arrayidx10731.0.0.044.exit" [seq_align_multiple.cpp:96]   --->   Operation 203 'br' 'br_ln96' <Predicate = (!icmp_ln92 & trunc_ln92 & trunc_ln95 == 7)> <Delay = 0.00>
ST_1 : Operation 204 [1/1] (0.00ns)   --->   "%store_ln96 = store i10 0, i10 %Iy_mem_24" [seq_align_multiple.cpp:96]   --->   Operation 204 'store' 'store_ln96' <Predicate = (!icmp_ln92 & trunc_ln92 & trunc_ln95 == 6)> <Delay = 0.00>
ST_1 : Operation 205 [1/1] (0.00ns)   --->   "%br_ln96 = br void %arrayidx10731.0.0.044.exit" [seq_align_multiple.cpp:96]   --->   Operation 205 'br' 'br_ln96' <Predicate = (!icmp_ln92 & trunc_ln92 & trunc_ln95 == 6)> <Delay = 0.00>
ST_1 : Operation 206 [1/1] (0.00ns)   --->   "%store_ln96 = store i10 0, i10 %Iy_mem_25" [seq_align_multiple.cpp:96]   --->   Operation 206 'store' 'store_ln96' <Predicate = (!icmp_ln92 & trunc_ln92 & trunc_ln95 == 5)> <Delay = 0.00>
ST_1 : Operation 207 [1/1] (0.00ns)   --->   "%br_ln96 = br void %arrayidx10731.0.0.044.exit" [seq_align_multiple.cpp:96]   --->   Operation 207 'br' 'br_ln96' <Predicate = (!icmp_ln92 & trunc_ln92 & trunc_ln95 == 5)> <Delay = 0.00>
ST_1 : Operation 208 [1/1] (0.00ns)   --->   "%store_ln96 = store i10 0, i10 %Iy_mem_26" [seq_align_multiple.cpp:96]   --->   Operation 208 'store' 'store_ln96' <Predicate = (!icmp_ln92 & trunc_ln92 & trunc_ln95 == 4)> <Delay = 0.00>
ST_1 : Operation 209 [1/1] (0.00ns)   --->   "%br_ln96 = br void %arrayidx10731.0.0.044.exit" [seq_align_multiple.cpp:96]   --->   Operation 209 'br' 'br_ln96' <Predicate = (!icmp_ln92 & trunc_ln92 & trunc_ln95 == 4)> <Delay = 0.00>
ST_1 : Operation 210 [1/1] (0.00ns)   --->   "%store_ln96 = store i10 0, i10 %Iy_mem_27" [seq_align_multiple.cpp:96]   --->   Operation 210 'store' 'store_ln96' <Predicate = (!icmp_ln92 & trunc_ln92 & trunc_ln95 == 3)> <Delay = 0.00>
ST_1 : Operation 211 [1/1] (0.00ns)   --->   "%br_ln96 = br void %arrayidx10731.0.0.044.exit" [seq_align_multiple.cpp:96]   --->   Operation 211 'br' 'br_ln96' <Predicate = (!icmp_ln92 & trunc_ln92 & trunc_ln95 == 3)> <Delay = 0.00>
ST_1 : Operation 212 [1/1] (0.00ns)   --->   "%store_ln96 = store i10 0, i10 %Iy_mem_28" [seq_align_multiple.cpp:96]   --->   Operation 212 'store' 'store_ln96' <Predicate = (!icmp_ln92 & trunc_ln92 & trunc_ln95 == 2)> <Delay = 0.00>
ST_1 : Operation 213 [1/1] (0.00ns)   --->   "%br_ln96 = br void %arrayidx10731.0.0.044.exit" [seq_align_multiple.cpp:96]   --->   Operation 213 'br' 'br_ln96' <Predicate = (!icmp_ln92 & trunc_ln92 & trunc_ln95 == 2)> <Delay = 0.00>
ST_1 : Operation 214 [1/1] (0.00ns)   --->   "%store_ln96 = store i10 0, i10 %Iy_mem_29" [seq_align_multiple.cpp:96]   --->   Operation 214 'store' 'store_ln96' <Predicate = (!icmp_ln92 & trunc_ln92 & trunc_ln95 == 1)> <Delay = 0.00>
ST_1 : Operation 215 [1/1] (0.00ns)   --->   "%br_ln96 = br void %arrayidx10731.0.0.044.exit" [seq_align_multiple.cpp:96]   --->   Operation 215 'br' 'br_ln96' <Predicate = (!icmp_ln92 & trunc_ln92 & trunc_ln95 == 1)> <Delay = 0.00>
ST_1 : Operation 216 [1/1] (0.00ns)   --->   "%store_ln96 = store i10 0, i10 %Iy_mem_30" [seq_align_multiple.cpp:96]   --->   Operation 216 'store' 'store_ln96' <Predicate = (!icmp_ln92 & trunc_ln92 & trunc_ln95 == 0)> <Delay = 0.00>
ST_1 : Operation 217 [1/1] (0.00ns)   --->   "%br_ln96 = br void %arrayidx10731.0.0.044.exit" [seq_align_multiple.cpp:96]   --->   Operation 217 'br' 'br_ln96' <Predicate = (!icmp_ln92 & trunc_ln92 & trunc_ln95 == 0)> <Delay = 0.00>
ST_1 : Operation 218 [1/1] (0.00ns)   --->   "%store_ln96 = store i10 0, i10 %Iy_mem_31" [seq_align_multiple.cpp:96]   --->   Operation 218 'store' 'store_ln96' <Predicate = (!icmp_ln92 & trunc_ln92 & trunc_ln95 == 31)> <Delay = 0.00>
ST_1 : Operation 219 [1/1] (0.00ns)   --->   "%br_ln96 = br void %arrayidx10731.0.0.044.exit" [seq_align_multiple.cpp:96]   --->   Operation 219 'br' 'br_ln96' <Predicate = (!icmp_ln92 & trunc_ln92 & trunc_ln95 == 31)> <Delay = 0.00>
ST_1 : Operation 220 [1/1] (0.84ns)   --->   "%add_ln93 = add i6 %select_ln92, i6 1" [seq_align_multiple.cpp:93]   --->   Operation 220 'add' 'add_ln93' <Predicate = (!icmp_ln92)> <Delay = 0.84> <CoreInst = "Adder">   --->   Core 1 'Adder' <Latency = 0> <II = 1> <Delay = 0.84> <FuncUnit> <Opcode : 'add' 'sub'> <InPorts = 2> <OutPorts = 1>
ST_1 : Operation 221 [1/1] (0.46ns)   --->   "%store_ln93 = store i7 %add_ln92_1, i7 %indvar_flatten139" [seq_align_multiple.cpp:93]   --->   Operation 221 'store' 'store_ln93' <Predicate = (!icmp_ln92)> <Delay = 0.46>
ST_1 : Operation 222 [1/1] (0.46ns)   --->   "%store_ln93 = store i2 %select_ln92_1, i2 %mm" [seq_align_multiple.cpp:93]   --->   Operation 222 'store' 'store_ln93' <Predicate = (!icmp_ln92)> <Delay = 0.46>
ST_1 : Operation 223 [1/1] (0.46ns)   --->   "%store_ln93 = store i6 %add_ln93, i6 %nn" [seq_align_multiple.cpp:93]   --->   Operation 223 'store' 'store_ln93' <Predicate = (!icmp_ln92)> <Delay = 0.46>
ST_1 : Operation 224 [1/1] (0.00ns)   --->   "%br_ln93 = br void %for.body97" [seq_align_multiple.cpp:93]   --->   Operation 224 'br' 'br_ln93' <Predicate = (!icmp_ln92)> <Delay = 0.00>
ST_1 : Operation 225 [1/1] (0.00ns)   --->   "%Ix_mem_load = load i10 %Ix_mem"   --->   Operation 225 'load' 'Ix_mem_load' <Predicate = (icmp_ln92)> <Delay = 0.00>
ST_1 : Operation 226 [1/1] (0.00ns)   --->   "%Ix_mem_1_load = load i10 %Ix_mem_1"   --->   Operation 226 'load' 'Ix_mem_1_load' <Predicate = (icmp_ln92)> <Delay = 0.00>
ST_1 : Operation 227 [1/1] (0.00ns)   --->   "%Ix_mem_2_load = load i10 %Ix_mem_2"   --->   Operation 227 'load' 'Ix_mem_2_load' <Predicate = (icmp_ln92)> <Delay = 0.00>
ST_1 : Operation 228 [1/1] (0.00ns)   --->   "%Ix_mem_3_load = load i10 %Ix_mem_3"   --->   Operation 228 'load' 'Ix_mem_3_load' <Predicate = (icmp_ln92)> <Delay = 0.00>
ST_1 : Operation 229 [1/1] (0.00ns)   --->   "%Ix_mem_4_load = load i10 %Ix_mem_4"   --->   Operation 229 'load' 'Ix_mem_4_load' <Predicate = (icmp_ln92)> <Delay = 0.00>
ST_1 : Operation 230 [1/1] (0.00ns)   --->   "%Ix_mem_5_load = load i10 %Ix_mem_5"   --->   Operation 230 'load' 'Ix_mem_5_load' <Predicate = (icmp_ln92)> <Delay = 0.00>
ST_1 : Operation 231 [1/1] (0.00ns)   --->   "%Ix_mem_6_load = load i10 %Ix_mem_6"   --->   Operation 231 'load' 'Ix_mem_6_load' <Predicate = (icmp_ln92)> <Delay = 0.00>
ST_1 : Operation 232 [1/1] (0.00ns)   --->   "%Ix_mem_7_load = load i10 %Ix_mem_7"   --->   Operation 232 'load' 'Ix_mem_7_load' <Predicate = (icmp_ln92)> <Delay = 0.00>
ST_1 : Operation 233 [1/1] (0.00ns)   --->   "%Ix_mem_8_load = load i10 %Ix_mem_8"   --->   Operation 233 'load' 'Ix_mem_8_load' <Predicate = (icmp_ln92)> <Delay = 0.00>
ST_1 : Operation 234 [1/1] (0.00ns)   --->   "%Ix_mem_9_load = load i10 %Ix_mem_9"   --->   Operation 234 'load' 'Ix_mem_9_load' <Predicate = (icmp_ln92)> <Delay = 0.00>
ST_1 : Operation 235 [1/1] (0.00ns)   --->   "%Ix_mem_10_load = load i10 %Ix_mem_10"   --->   Operation 235 'load' 'Ix_mem_10_load' <Predicate = (icmp_ln92)> <Delay = 0.00>
ST_1 : Operation 236 [1/1] (0.00ns)   --->   "%Ix_mem_11_load = load i10 %Ix_mem_11"   --->   Operation 236 'load' 'Ix_mem_11_load' <Predicate = (icmp_ln92)> <Delay = 0.00>
ST_1 : Operation 237 [1/1] (0.00ns)   --->   "%Ix_mem_12_load = load i10 %Ix_mem_12"   --->   Operation 237 'load' 'Ix_mem_12_load' <Predicate = (icmp_ln92)> <Delay = 0.00>
ST_1 : Operation 238 [1/1] (0.00ns)   --->   "%Ix_mem_13_load = load i10 %Ix_mem_13"   --->   Operation 238 'load' 'Ix_mem_13_load' <Predicate = (icmp_ln92)> <Delay = 0.00>
ST_1 : Operation 239 [1/1] (0.00ns)   --->   "%Ix_mem_14_load = load i10 %Ix_mem_14"   --->   Operation 239 'load' 'Ix_mem_14_load' <Predicate = (icmp_ln92)> <Delay = 0.00>
ST_1 : Operation 240 [1/1] (0.00ns)   --->   "%Ix_mem_15_load = load i10 %Ix_mem_15"   --->   Operation 240 'load' 'Ix_mem_15_load' <Predicate = (icmp_ln92)> <Delay = 0.00>
ST_1 : Operation 241 [1/1] (0.00ns)   --->   "%Ix_mem_16_load = load i10 %Ix_mem_16"   --->   Operation 241 'load' 'Ix_mem_16_load' <Predicate = (icmp_ln92)> <Delay = 0.00>
ST_1 : Operation 242 [1/1] (0.00ns)   --->   "%Ix_mem_17_load = load i10 %Ix_mem_17"   --->   Operation 242 'load' 'Ix_mem_17_load' <Predicate = (icmp_ln92)> <Delay = 0.00>
ST_1 : Operation 243 [1/1] (0.00ns)   --->   "%Ix_mem_18_load = load i10 %Ix_mem_18"   --->   Operation 243 'load' 'Ix_mem_18_load' <Predicate = (icmp_ln92)> <Delay = 0.00>
ST_1 : Operation 244 [1/1] (0.00ns)   --->   "%Ix_mem_19_load = load i10 %Ix_mem_19"   --->   Operation 244 'load' 'Ix_mem_19_load' <Predicate = (icmp_ln92)> <Delay = 0.00>
ST_1 : Operation 245 [1/1] (0.00ns)   --->   "%Ix_mem_20_load = load i10 %Ix_mem_20"   --->   Operation 245 'load' 'Ix_mem_20_load' <Predicate = (icmp_ln92)> <Delay = 0.00>
ST_1 : Operation 246 [1/1] (0.00ns)   --->   "%Ix_mem_21_load = load i10 %Ix_mem_21"   --->   Operation 246 'load' 'Ix_mem_21_load' <Predicate = (icmp_ln92)> <Delay = 0.00>
ST_1 : Operation 247 [1/1] (0.00ns)   --->   "%Ix_mem_22_load = load i10 %Ix_mem_22"   --->   Operation 247 'load' 'Ix_mem_22_load' <Predicate = (icmp_ln92)> <Delay = 0.00>
ST_1 : Operation 248 [1/1] (0.00ns)   --->   "%Ix_mem_23_load = load i10 %Ix_mem_23"   --->   Operation 248 'load' 'Ix_mem_23_load' <Predicate = (icmp_ln92)> <Delay = 0.00>
ST_1 : Operation 249 [1/1] (0.00ns)   --->   "%Ix_mem_24_load = load i10 %Ix_mem_24"   --->   Operation 249 'load' 'Ix_mem_24_load' <Predicate = (icmp_ln92)> <Delay = 0.00>
ST_1 : Operation 250 [1/1] (0.00ns)   --->   "%Ix_mem_25_load = load i10 %Ix_mem_25"   --->   Operation 250 'load' 'Ix_mem_25_load' <Predicate = (icmp_ln92)> <Delay = 0.00>
ST_1 : Operation 251 [1/1] (0.00ns)   --->   "%Ix_mem_26_load = load i10 %Ix_mem_26"   --->   Operation 251 'load' 'Ix_mem_26_load' <Predicate = (icmp_ln92)> <Delay = 0.00>
ST_1 : Operation 252 [1/1] (0.00ns)   --->   "%Ix_mem_27_load = load i10 %Ix_mem_27"   --->   Operation 252 'load' 'Ix_mem_27_load' <Predicate = (icmp_ln92)> <Delay = 0.00>
ST_1 : Operation 253 [1/1] (0.00ns)   --->   "%Ix_mem_28_load = load i10 %Ix_mem_28"   --->   Operation 253 'load' 'Ix_mem_28_load' <Predicate = (icmp_ln92)> <Delay = 0.00>
ST_1 : Operation 254 [1/1] (0.00ns)   --->   "%Ix_mem_29_load = load i10 %Ix_mem_29"   --->   Operation 254 'load' 'Ix_mem_29_load' <Predicate = (icmp_ln92)> <Delay = 0.00>
ST_1 : Operation 255 [1/1] (0.00ns)   --->   "%Ix_mem_30_load = load i10 %Ix_mem_30"   --->   Operation 255 'load' 'Ix_mem_30_load' <Predicate = (icmp_ln92)> <Delay = 0.00>
ST_1 : Operation 256 [1/1] (0.00ns)   --->   "%Iy_mem_load = load i10 %Iy_mem"   --->   Operation 256 'load' 'Iy_mem_load' <Predicate = (icmp_ln92)> <Delay = 0.00>
ST_1 : Operation 257 [1/1] (0.00ns)   --->   "%Iy_mem_1_load = load i10 %Iy_mem_1"   --->   Operation 257 'load' 'Iy_mem_1_load' <Predicate = (icmp_ln92)> <Delay = 0.00>
ST_1 : Operation 258 [1/1] (0.00ns)   --->   "%Iy_mem_2_load = load i10 %Iy_mem_2"   --->   Operation 258 'load' 'Iy_mem_2_load' <Predicate = (icmp_ln92)> <Delay = 0.00>
ST_1 : Operation 259 [1/1] (0.00ns)   --->   "%Iy_mem_3_load = load i10 %Iy_mem_3"   --->   Operation 259 'load' 'Iy_mem_3_load' <Predicate = (icmp_ln92)> <Delay = 0.00>
ST_1 : Operation 260 [1/1] (0.00ns)   --->   "%Iy_mem_4_load = load i10 %Iy_mem_4"   --->   Operation 260 'load' 'Iy_mem_4_load' <Predicate = (icmp_ln92)> <Delay = 0.00>
ST_1 : Operation 261 [1/1] (0.00ns)   --->   "%Iy_mem_5_load = load i10 %Iy_mem_5"   --->   Operation 261 'load' 'Iy_mem_5_load' <Predicate = (icmp_ln92)> <Delay = 0.00>
ST_1 : Operation 262 [1/1] (0.00ns)   --->   "%Iy_mem_6_load = load i10 %Iy_mem_6"   --->   Operation 262 'load' 'Iy_mem_6_load' <Predicate = (icmp_ln92)> <Delay = 0.00>
ST_1 : Operation 263 [1/1] (0.00ns)   --->   "%Iy_mem_7_load = load i10 %Iy_mem_7"   --->   Operation 263 'load' 'Iy_mem_7_load' <Predicate = (icmp_ln92)> <Delay = 0.00>
ST_1 : Operation 264 [1/1] (0.00ns)   --->   "%Iy_mem_8_load = load i10 %Iy_mem_8"   --->   Operation 264 'load' 'Iy_mem_8_load' <Predicate = (icmp_ln92)> <Delay = 0.00>
ST_1 : Operation 265 [1/1] (0.00ns)   --->   "%Iy_mem_9_load = load i10 %Iy_mem_9"   --->   Operation 265 'load' 'Iy_mem_9_load' <Predicate = (icmp_ln92)> <Delay = 0.00>
ST_1 : Operation 266 [1/1] (0.00ns)   --->   "%Iy_mem_10_load = load i10 %Iy_mem_10"   --->   Operation 266 'load' 'Iy_mem_10_load' <Predicate = (icmp_ln92)> <Delay = 0.00>
ST_1 : Operation 267 [1/1] (0.00ns)   --->   "%Iy_mem_11_load = load i10 %Iy_mem_11"   --->   Operation 267 'load' 'Iy_mem_11_load' <Predicate = (icmp_ln92)> <Delay = 0.00>
ST_1 : Operation 268 [1/1] (0.00ns)   --->   "%Iy_mem_12_load = load i10 %Iy_mem_12"   --->   Operation 268 'load' 'Iy_mem_12_load' <Predicate = (icmp_ln92)> <Delay = 0.00>
ST_1 : Operation 269 [1/1] (0.00ns)   --->   "%Iy_mem_13_load = load i10 %Iy_mem_13"   --->   Operation 269 'load' 'Iy_mem_13_load' <Predicate = (icmp_ln92)> <Delay = 0.00>
ST_1 : Operation 270 [1/1] (0.00ns)   --->   "%Iy_mem_14_load = load i10 %Iy_mem_14"   --->   Operation 270 'load' 'Iy_mem_14_load' <Predicate = (icmp_ln92)> <Delay = 0.00>
ST_1 : Operation 271 [1/1] (0.00ns)   --->   "%Iy_mem_15_load = load i10 %Iy_mem_15"   --->   Operation 271 'load' 'Iy_mem_15_load' <Predicate = (icmp_ln92)> <Delay = 0.00>
ST_1 : Operation 272 [1/1] (0.00ns)   --->   "%Iy_mem_16_load = load i10 %Iy_mem_16"   --->   Operation 272 'load' 'Iy_mem_16_load' <Predicate = (icmp_ln92)> <Delay = 0.00>
ST_1 : Operation 273 [1/1] (0.00ns)   --->   "%Iy_mem_17_load = load i10 %Iy_mem_17"   --->   Operation 273 'load' 'Iy_mem_17_load' <Predicate = (icmp_ln92)> <Delay = 0.00>
ST_1 : Operation 274 [1/1] (0.00ns)   --->   "%Iy_mem_18_load = load i10 %Iy_mem_18"   --->   Operation 274 'load' 'Iy_mem_18_load' <Predicate = (icmp_ln92)> <Delay = 0.00>
ST_1 : Operation 275 [1/1] (0.00ns)   --->   "%Iy_mem_19_load = load i10 %Iy_mem_19"   --->   Operation 275 'load' 'Iy_mem_19_load' <Predicate = (icmp_ln92)> <Delay = 0.00>
ST_1 : Operation 276 [1/1] (0.00ns)   --->   "%Iy_mem_20_load = load i10 %Iy_mem_20"   --->   Operation 276 'load' 'Iy_mem_20_load' <Predicate = (icmp_ln92)> <Delay = 0.00>
ST_1 : Operation 277 [1/1] (0.00ns)   --->   "%Iy_mem_21_load = load i10 %Iy_mem_21"   --->   Operation 277 'load' 'Iy_mem_21_load' <Predicate = (icmp_ln92)> <Delay = 0.00>
ST_1 : Operation 278 [1/1] (0.00ns)   --->   "%Iy_mem_22_load = load i10 %Iy_mem_22"   --->   Operation 278 'load' 'Iy_mem_22_load' <Predicate = (icmp_ln92)> <Delay = 0.00>
ST_1 : Operation 279 [1/1] (0.00ns)   --->   "%Iy_mem_23_load = load i10 %Iy_mem_23"   --->   Operation 279 'load' 'Iy_mem_23_load' <Predicate = (icmp_ln92)> <Delay = 0.00>
ST_1 : Operation 280 [1/1] (0.00ns)   --->   "%Iy_mem_24_load = load i10 %Iy_mem_24"   --->   Operation 280 'load' 'Iy_mem_24_load' <Predicate = (icmp_ln92)> <Delay = 0.00>
ST_1 : Operation 281 [1/1] (0.00ns)   --->   "%Iy_mem_25_load = load i10 %Iy_mem_25"   --->   Operation 281 'load' 'Iy_mem_25_load' <Predicate = (icmp_ln92)> <Delay = 0.00>
ST_1 : Operation 282 [1/1] (0.00ns)   --->   "%Iy_mem_26_load = load i10 %Iy_mem_26"   --->   Operation 282 'load' 'Iy_mem_26_load' <Predicate = (icmp_ln92)> <Delay = 0.00>
ST_1 : Operation 283 [1/1] (0.00ns)   --->   "%Iy_mem_27_load = load i10 %Iy_mem_27"   --->   Operation 283 'load' 'Iy_mem_27_load' <Predicate = (icmp_ln92)> <Delay = 0.00>
ST_1 : Operation 284 [1/1] (0.00ns)   --->   "%Iy_mem_28_load = load i10 %Iy_mem_28"   --->   Operation 284 'load' 'Iy_mem_28_load' <Predicate = (icmp_ln92)> <Delay = 0.00>
ST_1 : Operation 285 [1/1] (0.00ns)   --->   "%Iy_mem_29_load = load i10 %Iy_mem_29"   --->   Operation 285 'load' 'Iy_mem_29_load' <Predicate = (icmp_ln92)> <Delay = 0.00>
ST_1 : Operation 286 [1/1] (0.00ns)   --->   "%Iy_mem_30_load = load i10 %Iy_mem_30"   --->   Operation 286 'load' 'Iy_mem_30_load' <Predicate = (icmp_ln92)> <Delay = 0.00>
ST_1 : Operation 287 [1/1] (0.00ns)   --->   "%Iy_mem_31_load = load i10 %Iy_mem_31"   --->   Operation 287 'load' 'Iy_mem_31_load' <Predicate = (icmp_ln92)> <Delay = 0.00>
ST_1 : Operation 288 [1/1] (0.00ns)   --->   "%write_ln0 = write void @_ssdm_op_Write.ap_auto.i10P0A, i10 %p_out, i10 %Iy_mem_31_load"   --->   Operation 288 'write' 'write_ln0' <Predicate = (icmp_ln92)> <Delay = 0.00>
ST_1 : Operation 289 [1/1] (0.00ns)   --->   "%write_ln0 = write void @_ssdm_op_Write.ap_auto.i10P0A, i10 %p_out1, i10 %Iy_mem_30_load"   --->   Operation 289 'write' 'write_ln0' <Predicate = (icmp_ln92)> <Delay = 0.00>
ST_1 : Operation 290 [1/1] (0.00ns)   --->   "%write_ln0 = write void @_ssdm_op_Write.ap_auto.i10P0A, i10 %p_out2, i10 %Iy_mem_29_load"   --->   Operation 290 'write' 'write_ln0' <Predicate = (icmp_ln92)> <Delay = 0.00>
ST_1 : Operation 291 [1/1] (0.00ns)   --->   "%write_ln0 = write void @_ssdm_op_Write.ap_auto.i10P0A, i10 %p_out3, i10 %Iy_mem_28_load"   --->   Operation 291 'write' 'write_ln0' <Predicate = (icmp_ln92)> <Delay = 0.00>
ST_1 : Operation 292 [1/1] (0.00ns)   --->   "%write_ln0 = write void @_ssdm_op_Write.ap_auto.i10P0A, i10 %p_out4, i10 %Iy_mem_27_load"   --->   Operation 292 'write' 'write_ln0' <Predicate = (icmp_ln92)> <Delay = 0.00>
ST_1 : Operation 293 [1/1] (0.00ns)   --->   "%write_ln0 = write void @_ssdm_op_Write.ap_auto.i10P0A, i10 %p_out5, i10 %Iy_mem_26_load"   --->   Operation 293 'write' 'write_ln0' <Predicate = (icmp_ln92)> <Delay = 0.00>
ST_1 : Operation 294 [1/1] (0.00ns)   --->   "%write_ln0 = write void @_ssdm_op_Write.ap_auto.i10P0A, i10 %p_out6, i10 %Iy_mem_25_load"   --->   Operation 294 'write' 'write_ln0' <Predicate = (icmp_ln92)> <Delay = 0.00>
ST_1 : Operation 295 [1/1] (0.00ns)   --->   "%write_ln0 = write void @_ssdm_op_Write.ap_auto.i10P0A, i10 %p_out7, i10 %Iy_mem_24_load"   --->   Operation 295 'write' 'write_ln0' <Predicate = (icmp_ln92)> <Delay = 0.00>
ST_1 : Operation 296 [1/1] (0.00ns)   --->   "%write_ln0 = write void @_ssdm_op_Write.ap_auto.i10P0A, i10 %p_out8, i10 %Iy_mem_23_load"   --->   Operation 296 'write' 'write_ln0' <Predicate = (icmp_ln92)> <Delay = 0.00>
ST_1 : Operation 297 [1/1] (0.00ns)   --->   "%write_ln0 = write void @_ssdm_op_Write.ap_auto.i10P0A, i10 %p_out9, i10 %Iy_mem_22_load"   --->   Operation 297 'write' 'write_ln0' <Predicate = (icmp_ln92)> <Delay = 0.00>
ST_1 : Operation 298 [1/1] (0.00ns)   --->   "%write_ln0 = write void @_ssdm_op_Write.ap_auto.i10P0A, i10 %p_out10, i10 %Iy_mem_21_load"   --->   Operation 298 'write' 'write_ln0' <Predicate = (icmp_ln92)> <Delay = 0.00>
ST_1 : Operation 299 [1/1] (0.00ns)   --->   "%write_ln0 = write void @_ssdm_op_Write.ap_auto.i10P0A, i10 %p_out11, i10 %Iy_mem_20_load"   --->   Operation 299 'write' 'write_ln0' <Predicate = (icmp_ln92)> <Delay = 0.00>
ST_1 : Operation 300 [1/1] (0.00ns)   --->   "%write_ln0 = write void @_ssdm_op_Write.ap_auto.i10P0A, i10 %p_out12, i10 %Iy_mem_19_load"   --->   Operation 300 'write' 'write_ln0' <Predicate = (icmp_ln92)> <Delay = 0.00>
ST_1 : Operation 301 [1/1] (0.00ns)   --->   "%write_ln0 = write void @_ssdm_op_Write.ap_auto.i10P0A, i10 %p_out13, i10 %Iy_mem_18_load"   --->   Operation 301 'write' 'write_ln0' <Predicate = (icmp_ln92)> <Delay = 0.00>
ST_1 : Operation 302 [1/1] (0.00ns)   --->   "%write_ln0 = write void @_ssdm_op_Write.ap_auto.i10P0A, i10 %p_out14, i10 %Iy_mem_17_load"   --->   Operation 302 'write' 'write_ln0' <Predicate = (icmp_ln92)> <Delay = 0.00>
ST_1 : Operation 303 [1/1] (0.00ns)   --->   "%write_ln0 = write void @_ssdm_op_Write.ap_auto.i10P0A, i10 %p_out15, i10 %Iy_mem_16_load"   --->   Operation 303 'write' 'write_ln0' <Predicate = (icmp_ln92)> <Delay = 0.00>
ST_1 : Operation 304 [1/1] (0.00ns)   --->   "%write_ln0 = write void @_ssdm_op_Write.ap_auto.i10P0A, i10 %p_out16, i10 %Iy_mem_15_load"   --->   Operation 304 'write' 'write_ln0' <Predicate = (icmp_ln92)> <Delay = 0.00>
ST_1 : Operation 305 [1/1] (0.00ns)   --->   "%write_ln0 = write void @_ssdm_op_Write.ap_auto.i10P0A, i10 %p_out17, i10 %Iy_mem_14_load"   --->   Operation 305 'write' 'write_ln0' <Predicate = (icmp_ln92)> <Delay = 0.00>
ST_1 : Operation 306 [1/1] (0.00ns)   --->   "%write_ln0 = write void @_ssdm_op_Write.ap_auto.i10P0A, i10 %p_out18, i10 %Iy_mem_13_load"   --->   Operation 306 'write' 'write_ln0' <Predicate = (icmp_ln92)> <Delay = 0.00>
ST_1 : Operation 307 [1/1] (0.00ns)   --->   "%write_ln0 = write void @_ssdm_op_Write.ap_auto.i10P0A, i10 %p_out19, i10 %Iy_mem_12_load"   --->   Operation 307 'write' 'write_ln0' <Predicate = (icmp_ln92)> <Delay = 0.00>
ST_1 : Operation 308 [1/1] (0.00ns)   --->   "%write_ln0 = write void @_ssdm_op_Write.ap_auto.i10P0A, i10 %p_out20, i10 %Iy_mem_11_load"   --->   Operation 308 'write' 'write_ln0' <Predicate = (icmp_ln92)> <Delay = 0.00>
ST_1 : Operation 309 [1/1] (0.00ns)   --->   "%write_ln0 = write void @_ssdm_op_Write.ap_auto.i10P0A, i10 %p_out21, i10 %Iy_mem_10_load"   --->   Operation 309 'write' 'write_ln0' <Predicate = (icmp_ln92)> <Delay = 0.00>
ST_1 : Operation 310 [1/1] (0.00ns)   --->   "%write_ln0 = write void @_ssdm_op_Write.ap_auto.i10P0A, i10 %p_out22, i10 %Iy_mem_9_load"   --->   Operation 310 'write' 'write_ln0' <Predicate = (icmp_ln92)> <Delay = 0.00>
ST_1 : Operation 311 [1/1] (0.00ns)   --->   "%write_ln0 = write void @_ssdm_op_Write.ap_auto.i10P0A, i10 %p_out23, i10 %Iy_mem_8_load"   --->   Operation 311 'write' 'write_ln0' <Predicate = (icmp_ln92)> <Delay = 0.00>
ST_1 : Operation 312 [1/1] (0.00ns)   --->   "%write_ln0 = write void @_ssdm_op_Write.ap_auto.i10P0A, i10 %p_out24, i10 %Iy_mem_7_load"   --->   Operation 312 'write' 'write_ln0' <Predicate = (icmp_ln92)> <Delay = 0.00>
ST_1 : Operation 313 [1/1] (0.00ns)   --->   "%write_ln0 = write void @_ssdm_op_Write.ap_auto.i10P0A, i10 %p_out25, i10 %Iy_mem_6_load"   --->   Operation 313 'write' 'write_ln0' <Predicate = (icmp_ln92)> <Delay = 0.00>
ST_1 : Operation 314 [1/1] (0.00ns)   --->   "%write_ln0 = write void @_ssdm_op_Write.ap_auto.i10P0A, i10 %p_out26, i10 %Iy_mem_5_load"   --->   Operation 314 'write' 'write_ln0' <Predicate = (icmp_ln92)> <Delay = 0.00>
ST_1 : Operation 315 [1/1] (0.00ns)   --->   "%write_ln0 = write void @_ssdm_op_Write.ap_auto.i10P0A, i10 %p_out27, i10 %Iy_mem_4_load"   --->   Operation 315 'write' 'write_ln0' <Predicate = (icmp_ln92)> <Delay = 0.00>
ST_1 : Operation 316 [1/1] (0.00ns)   --->   "%write_ln0 = write void @_ssdm_op_Write.ap_auto.i10P0A, i10 %p_out28, i10 %Iy_mem_3_load"   --->   Operation 316 'write' 'write_ln0' <Predicate = (icmp_ln92)> <Delay = 0.00>
ST_1 : Operation 317 [1/1] (0.00ns)   --->   "%write_ln0 = write void @_ssdm_op_Write.ap_auto.i10P0A, i10 %p_out29, i10 %Iy_mem_2_load"   --->   Operation 317 'write' 'write_ln0' <Predicate = (icmp_ln92)> <Delay = 0.00>
ST_1 : Operation 318 [1/1] (0.00ns)   --->   "%write_ln0 = write void @_ssdm_op_Write.ap_auto.i10P0A, i10 %p_out30, i10 %Iy_mem_1_load"   --->   Operation 318 'write' 'write_ln0' <Predicate = (icmp_ln92)> <Delay = 0.00>
ST_1 : Operation 319 [1/1] (0.00ns)   --->   "%write_ln0 = write void @_ssdm_op_Write.ap_auto.i10P0A, i10 %p_out31, i10 %Iy_mem_load"   --->   Operation 319 'write' 'write_ln0' <Predicate = (icmp_ln92)> <Delay = 0.00>
ST_1 : Operation 320 [1/1] (0.00ns)   --->   "%write_ln0 = write void @_ssdm_op_Write.ap_auto.i10P0A, i10 %p_out32, i10 %Ix_mem_30_load"   --->   Operation 320 'write' 'write_ln0' <Predicate = (icmp_ln92)> <Delay = 0.00>
ST_1 : Operation 321 [1/1] (0.00ns)   --->   "%write_ln0 = write void @_ssdm_op_Write.ap_auto.i10P0A, i10 %p_out33, i10 %Ix_mem_29_load"   --->   Operation 321 'write' 'write_ln0' <Predicate = (icmp_ln92)> <Delay = 0.00>
ST_1 : Operation 322 [1/1] (0.00ns)   --->   "%write_ln0 = write void @_ssdm_op_Write.ap_auto.i10P0A, i10 %p_out34, i10 %Ix_mem_28_load"   --->   Operation 322 'write' 'write_ln0' <Predicate = (icmp_ln92)> <Delay = 0.00>
ST_1 : Operation 323 [1/1] (0.00ns)   --->   "%write_ln0 = write void @_ssdm_op_Write.ap_auto.i10P0A, i10 %p_out35, i10 %Ix_mem_27_load"   --->   Operation 323 'write' 'write_ln0' <Predicate = (icmp_ln92)> <Delay = 0.00>
ST_1 : Operation 324 [1/1] (0.00ns)   --->   "%write_ln0 = write void @_ssdm_op_Write.ap_auto.i10P0A, i10 %p_out36, i10 %Ix_mem_26_load"   --->   Operation 324 'write' 'write_ln0' <Predicate = (icmp_ln92)> <Delay = 0.00>
ST_1 : Operation 325 [1/1] (0.00ns)   --->   "%write_ln0 = write void @_ssdm_op_Write.ap_auto.i10P0A, i10 %p_out37, i10 %Ix_mem_25_load"   --->   Operation 325 'write' 'write_ln0' <Predicate = (icmp_ln92)> <Delay = 0.00>
ST_1 : Operation 326 [1/1] (0.00ns)   --->   "%write_ln0 = write void @_ssdm_op_Write.ap_auto.i10P0A, i10 %p_out38, i10 %Ix_mem_24_load"   --->   Operation 326 'write' 'write_ln0' <Predicate = (icmp_ln92)> <Delay = 0.00>
ST_1 : Operation 327 [1/1] (0.00ns)   --->   "%write_ln0 = write void @_ssdm_op_Write.ap_auto.i10P0A, i10 %p_out39, i10 %Ix_mem_23_load"   --->   Operation 327 'write' 'write_ln0' <Predicate = (icmp_ln92)> <Delay = 0.00>
ST_1 : Operation 328 [1/1] (0.00ns)   --->   "%write_ln0 = write void @_ssdm_op_Write.ap_auto.i10P0A, i10 %p_out40, i10 %Ix_mem_22_load"   --->   Operation 328 'write' 'write_ln0' <Predicate = (icmp_ln92)> <Delay = 0.00>
ST_1 : Operation 329 [1/1] (0.00ns)   --->   "%write_ln0 = write void @_ssdm_op_Write.ap_auto.i10P0A, i10 %p_out41, i10 %Ix_mem_21_load"   --->   Operation 329 'write' 'write_ln0' <Predicate = (icmp_ln92)> <Delay = 0.00>
ST_1 : Operation 330 [1/1] (0.00ns)   --->   "%write_ln0 = write void @_ssdm_op_Write.ap_auto.i10P0A, i10 %p_out42, i10 %Ix_mem_20_load"   --->   Operation 330 'write' 'write_ln0' <Predicate = (icmp_ln92)> <Delay = 0.00>
ST_1 : Operation 331 [1/1] (0.00ns)   --->   "%write_ln0 = write void @_ssdm_op_Write.ap_auto.i10P0A, i10 %p_out43, i10 %Ix_mem_19_load"   --->   Operation 331 'write' 'write_ln0' <Predicate = (icmp_ln92)> <Delay = 0.00>
ST_1 : Operation 332 [1/1] (0.00ns)   --->   "%write_ln0 = write void @_ssdm_op_Write.ap_auto.i10P0A, i10 %p_out44, i10 %Ix_mem_18_load"   --->   Operation 332 'write' 'write_ln0' <Predicate = (icmp_ln92)> <Delay = 0.00>
ST_1 : Operation 333 [1/1] (0.00ns)   --->   "%write_ln0 = write void @_ssdm_op_Write.ap_auto.i10P0A, i10 %p_out45, i10 %Ix_mem_17_load"   --->   Operation 333 'write' 'write_ln0' <Predicate = (icmp_ln92)> <Delay = 0.00>
ST_1 : Operation 334 [1/1] (0.00ns)   --->   "%write_ln0 = write void @_ssdm_op_Write.ap_auto.i10P0A, i10 %p_out46, i10 %Ix_mem_16_load"   --->   Operation 334 'write' 'write_ln0' <Predicate = (icmp_ln92)> <Delay = 0.00>
ST_1 : Operation 335 [1/1] (0.00ns)   --->   "%write_ln0 = write void @_ssdm_op_Write.ap_auto.i10P0A, i10 %p_out47, i10 %Ix_mem_15_load"   --->   Operation 335 'write' 'write_ln0' <Predicate = (icmp_ln92)> <Delay = 0.00>
ST_1 : Operation 336 [1/1] (0.00ns)   --->   "%write_ln0 = write void @_ssdm_op_Write.ap_auto.i10P0A, i10 %p_out48, i10 %Ix_mem_14_load"   --->   Operation 336 'write' 'write_ln0' <Predicate = (icmp_ln92)> <Delay = 0.00>
ST_1 : Operation 337 [1/1] (0.00ns)   --->   "%write_ln0 = write void @_ssdm_op_Write.ap_auto.i10P0A, i10 %p_out49, i10 %Ix_mem_13_load"   --->   Operation 337 'write' 'write_ln0' <Predicate = (icmp_ln92)> <Delay = 0.00>
ST_1 : Operation 338 [1/1] (0.00ns)   --->   "%write_ln0 = write void @_ssdm_op_Write.ap_auto.i10P0A, i10 %p_out50, i10 %Ix_mem_12_load"   --->   Operation 338 'write' 'write_ln0' <Predicate = (icmp_ln92)> <Delay = 0.00>
ST_1 : Operation 339 [1/1] (0.00ns)   --->   "%write_ln0 = write void @_ssdm_op_Write.ap_auto.i10P0A, i10 %p_out51, i10 %Ix_mem_11_load"   --->   Operation 339 'write' 'write_ln0' <Predicate = (icmp_ln92)> <Delay = 0.00>
ST_1 : Operation 340 [1/1] (0.00ns)   --->   "%write_ln0 = write void @_ssdm_op_Write.ap_auto.i10P0A, i10 %p_out52, i10 %Ix_mem_10_load"   --->   Operation 340 'write' 'write_ln0' <Predicate = (icmp_ln92)> <Delay = 0.00>
ST_1 : Operation 341 [1/1] (0.00ns)   --->   "%write_ln0 = write void @_ssdm_op_Write.ap_auto.i10P0A, i10 %p_out53, i10 %Ix_mem_9_load"   --->   Operation 341 'write' 'write_ln0' <Predicate = (icmp_ln92)> <Delay = 0.00>
ST_1 : Operation 342 [1/1] (0.00ns)   --->   "%write_ln0 = write void @_ssdm_op_Write.ap_auto.i10P0A, i10 %p_out54, i10 %Ix_mem_8_load"   --->   Operation 342 'write' 'write_ln0' <Predicate = (icmp_ln92)> <Delay = 0.00>
ST_1 : Operation 343 [1/1] (0.00ns)   --->   "%write_ln0 = write void @_ssdm_op_Write.ap_auto.i10P0A, i10 %p_out55, i10 %Ix_mem_7_load"   --->   Operation 343 'write' 'write_ln0' <Predicate = (icmp_ln92)> <Delay = 0.00>
ST_1 : Operation 344 [1/1] (0.00ns)   --->   "%write_ln0 = write void @_ssdm_op_Write.ap_auto.i10P0A, i10 %p_out56, i10 %Ix_mem_6_load"   --->   Operation 344 'write' 'write_ln0' <Predicate = (icmp_ln92)> <Delay = 0.00>
ST_1 : Operation 345 [1/1] (0.00ns)   --->   "%write_ln0 = write void @_ssdm_op_Write.ap_auto.i10P0A, i10 %p_out57, i10 %Ix_mem_5_load"   --->   Operation 345 'write' 'write_ln0' <Predicate = (icmp_ln92)> <Delay = 0.00>
ST_1 : Operation 346 [1/1] (0.00ns)   --->   "%write_ln0 = write void @_ssdm_op_Write.ap_auto.i10P0A, i10 %p_out58, i10 %Ix_mem_4_load"   --->   Operation 346 'write' 'write_ln0' <Predicate = (icmp_ln92)> <Delay = 0.00>
ST_1 : Operation 347 [1/1] (0.00ns)   --->   "%write_ln0 = write void @_ssdm_op_Write.ap_auto.i10P0A, i10 %p_out59, i10 %Ix_mem_3_load"   --->   Operation 347 'write' 'write_ln0' <Predicate = (icmp_ln92)> <Delay = 0.00>
ST_1 : Operation 348 [1/1] (0.00ns)   --->   "%write_ln0 = write void @_ssdm_op_Write.ap_auto.i10P0A, i10 %p_out60, i10 %Ix_mem_2_load"   --->   Operation 348 'write' 'write_ln0' <Predicate = (icmp_ln92)> <Delay = 0.00>
ST_1 : Operation 349 [1/1] (0.00ns)   --->   "%write_ln0 = write void @_ssdm_op_Write.ap_auto.i10P0A, i10 %p_out61, i10 %Ix_mem_1_load"   --->   Operation 349 'write' 'write_ln0' <Predicate = (icmp_ln92)> <Delay = 0.00>
ST_1 : Operation 350 [1/1] (0.00ns)   --->   "%write_ln0 = write void @_ssdm_op_Write.ap_auto.i10P0A, i10 %p_out62, i10 %Ix_mem_load"   --->   Operation 350 'write' 'write_ln0' <Predicate = (icmp_ln92)> <Delay = 0.00>
ST_1 : Operation 351 [1/1] (0.00ns)   --->   "%ret_ln0 = ret"   --->   Operation 351 'ret' 'ret_ln0' <Predicate = (icmp_ln92)> <Delay = 0.00>


============================================================
+ Verbose Summary: Timing violations
============================================================
Target clock period: 4ns, clock uncertainty: 1.08ns.

 <State 1>: 2.38ns
The critical path consists of the following:
	'alloca' operation ('nn') [64]  (0 ns)
	'load' operation ('nn_load', seq_align_multiple.cpp:93) on local variable 'nn' [141]  (0 ns)
	'icmp' operation ('icmp_ln93', seq_align_multiple.cpp:93) [146]  (0.716 ns)
	'select' operation ('select_ln92', seq_align_multiple.cpp:92) [147]  (0.363 ns)
	'add' operation ('add_ln93', seq_align_multiple.cpp:93) [348]  (0.84 ns)
	'store' operation ('store_ln93', seq_align_multiple.cpp:93) of variable 'add_ln93', seq_align_multiple.cpp:93 on local variable 'nn' [351]  (0.46 ns)


============================================================
+ Verbose Summary: Binding
============================================================
N/A
* FSMD analyzer results:
  - Output states:
 - Input state : 
  - Chain level:
	State 1


============================================================
+ Verbose Summary: Datapath Resource usage 
============================================================
N/A
