

================================================================
== Vitis HLS Report for 'seq_align_Pipeline_local_dpmem_loop_VITIS_LOOP_86_3'
================================================================
* Date:           Sun Apr 16 22:10:33 2023

* Version:        2022.1 (Build 3526262 on Mon Apr 18 15:47:01 MDT 2022)
* Project:        local_seq_align_multiple_sa
* Solution:       solution1 (Vivado IP Flow Target)
* Product family: virtexuplus
* Target device:  xcvu5p-flva2104-1-e


================================================================
== Performance Estimates
================================================================
+ Timing: 
    * Summary: 
    +--------+---------+----------+------------+
    |  Clock |  Target | Estimated| Uncertainty|
    +--------+---------+----------+------------+
    |ap_clk  |  4.00 ns|  2.380 ns|     1.08 ns|
    +--------+---------+----------+------------+

+ Latency: 
    * Summary: 
    +---------+---------+----------+----------+-----+-----+---------+
    |  Latency (cycles) |  Latency (absolute) |  Interval | Pipeline|
    |   min   |   max   |    min   |    max   | min | max |   Type  |
    +---------+---------+----------+----------+-----+-----+---------+
    |       98|       98|  0.392 us|  0.392 us|   98|   98|       no|
    +---------+---------+----------+----------+-----+-----+---------+

    + Detail: 
        * Instance: 
        N/A

        * Loop: 
        +------------------------------------+---------+---------+----------+-----------+-----------+------+----------+
        |                                    |  Latency (cycles) | Iteration|  Initiation Interval  | Trip |          |
        |              Loop Name             |   min   |   max   |  Latency |  achieved |   target  | Count| Pipelined|
        +------------------------------------+---------+---------+----------+-----------+-----------+------+----------+
        |- local_dpmem_loop_VITIS_LOOP_86_3  |       96|       96|         1|          1|          1|    96|       yes|
        +------------------------------------+---------+---------+----------+-----------+-----------+------+----------+

============================================================
+ Verbose Summary: Synthesis Manager
============================================================
InlineROM: 1
ExposeGlobal: 0
============================================================
+ Verbose Summary: CDFG Model
============================================================
IsTopModel: 0
ResetActiveHigh: 1
IsCombinational: 0
IsDatapathOnly: 0
HasWiredReturn: 1
HasMFsm: 2
HasVarLatency: 1
IsPipeline: 0
IsRtlPipelined: 0
IsInstanceOverlapped: 0
IsDontTouch: 0
HasImplIP: 0
IsGatedGlobalClock: 0

+ Individual pipeline summary: 
  * Pipeline-0: initiation interval (II) = 1, depth = 1


============================================================
+ Verbose Summary: Schedule
============================================================
* Number of FSM states : 1
* Pipeline : 1
  Pipeline-0 : II = 1, D = 1, States = { 1 }
* Dataflow Pipeline: 0

* FSM state transitions: 
1 --> 

* FSM state operations: 

State 1 <SV = 0> <Delay = 2.37>
ST_1 : Operation 4 [1/1] (0.00ns)   --->   "%ij = alloca i32 1"   --->   Operation 4 'alloca' 'ij' <Predicate = true> <Delay = 0.00>
ST_1 : Operation 5 [1/1] (0.00ns)   --->   "%gg = alloca i32 1"   --->   Operation 5 'alloca' 'gg' <Predicate = true> <Delay = 0.00>
ST_1 : Operation 6 [1/1] (0.00ns)   --->   "%indvar_flatten69 = alloca i32 1"   --->   Operation 6 'alloca' 'indvar_flatten69' <Predicate = true> <Delay = 0.00>
ST_1 : Operation 7 [1/1] (0.00ns)   --->   "%dp_mem = alloca i32 1"   --->   Operation 7 'alloca' 'dp_mem' <Predicate = true> <Delay = 0.00>
ST_1 : Operation 8 [1/1] (0.00ns)   --->   "%dp_mem_1 = alloca i32 1"   --->   Operation 8 'alloca' 'dp_mem_1' <Predicate = true> <Delay = 0.00>
ST_1 : Operation 9 [1/1] (0.00ns)   --->   "%dp_mem_2 = alloca i32 1"   --->   Operation 9 'alloca' 'dp_mem_2' <Predicate = true> <Delay = 0.00>
ST_1 : Operation 10 [1/1] (0.00ns)   --->   "%dp_mem_3 = alloca i32 1"   --->   Operation 10 'alloca' 'dp_mem_3' <Predicate = true> <Delay = 0.00>
ST_1 : Operation 11 [1/1] (0.00ns)   --->   "%dp_mem_4 = alloca i32 1"   --->   Operation 11 'alloca' 'dp_mem_4' <Predicate = true> <Delay = 0.00>
ST_1 : Operation 12 [1/1] (0.00ns)   --->   "%dp_mem_5 = alloca i32 1"   --->   Operation 12 'alloca' 'dp_mem_5' <Predicate = true> <Delay = 0.00>
ST_1 : Operation 13 [1/1] (0.00ns)   --->   "%dp_mem_6 = alloca i32 1"   --->   Operation 13 'alloca' 'dp_mem_6' <Predicate = true> <Delay = 0.00>
ST_1 : Operation 14 [1/1] (0.00ns)   --->   "%dp_mem_7 = alloca i32 1"   --->   Operation 14 'alloca' 'dp_mem_7' <Predicate = true> <Delay = 0.00>
ST_1 : Operation 15 [1/1] (0.00ns)   --->   "%dp_mem_8 = alloca i32 1"   --->   Operation 15 'alloca' 'dp_mem_8' <Predicate = true> <Delay = 0.00>
ST_1 : Operation 16 [1/1] (0.00ns)   --->   "%dp_mem_9 = alloca i32 1"   --->   Operation 16 'alloca' 'dp_mem_9' <Predicate = true> <Delay = 0.00>
ST_1 : Operation 17 [1/1] (0.00ns)   --->   "%dp_mem_10 = alloca i32 1"   --->   Operation 17 'alloca' 'dp_mem_10' <Predicate = true> <Delay = 0.00>
ST_1 : Operation 18 [1/1] (0.00ns)   --->   "%dp_mem_11 = alloca i32 1"   --->   Operation 18 'alloca' 'dp_mem_11' <Predicate = true> <Delay = 0.00>
ST_1 : Operation 19 [1/1] (0.00ns)   --->   "%dp_mem_12 = alloca i32 1"   --->   Operation 19 'alloca' 'dp_mem_12' <Predicate = true> <Delay = 0.00>
ST_1 : Operation 20 [1/1] (0.00ns)   --->   "%dp_mem_13 = alloca i32 1"   --->   Operation 20 'alloca' 'dp_mem_13' <Predicate = true> <Delay = 0.00>
ST_1 : Operation 21 [1/1] (0.00ns)   --->   "%dp_mem_14 = alloca i32 1"   --->   Operation 21 'alloca' 'dp_mem_14' <Predicate = true> <Delay = 0.00>
ST_1 : Operation 22 [1/1] (0.00ns)   --->   "%dp_mem_15 = alloca i32 1"   --->   Operation 22 'alloca' 'dp_mem_15' <Predicate = true> <Delay = 0.00>
ST_1 : Operation 23 [1/1] (0.00ns)   --->   "%dp_mem_16 = alloca i32 1"   --->   Operation 23 'alloca' 'dp_mem_16' <Predicate = true> <Delay = 0.00>
ST_1 : Operation 24 [1/1] (0.00ns)   --->   "%dp_mem_17 = alloca i32 1"   --->   Operation 24 'alloca' 'dp_mem_17' <Predicate = true> <Delay = 0.00>
ST_1 : Operation 25 [1/1] (0.00ns)   --->   "%dp_mem_18 = alloca i32 1"   --->   Operation 25 'alloca' 'dp_mem_18' <Predicate = true> <Delay = 0.00>
ST_1 : Operation 26 [1/1] (0.00ns)   --->   "%dp_mem_19 = alloca i32 1"   --->   Operation 26 'alloca' 'dp_mem_19' <Predicate = true> <Delay = 0.00>
ST_1 : Operation 27 [1/1] (0.00ns)   --->   "%dp_mem_20 = alloca i32 1"   --->   Operation 27 'alloca' 'dp_mem_20' <Predicate = true> <Delay = 0.00>
ST_1 : Operation 28 [1/1] (0.00ns)   --->   "%dp_mem_21 = alloca i32 1"   --->   Operation 28 'alloca' 'dp_mem_21' <Predicate = true> <Delay = 0.00>
ST_1 : Operation 29 [1/1] (0.00ns)   --->   "%dp_mem_22 = alloca i32 1"   --->   Operation 29 'alloca' 'dp_mem_22' <Predicate = true> <Delay = 0.00>
ST_1 : Operation 30 [1/1] (0.00ns)   --->   "%dp_mem_23 = alloca i32 1"   --->   Operation 30 'alloca' 'dp_mem_23' <Predicate = true> <Delay = 0.00>
ST_1 : Operation 31 [1/1] (0.00ns)   --->   "%dp_mem_24 = alloca i32 1"   --->   Operation 31 'alloca' 'dp_mem_24' <Predicate = true> <Delay = 0.00>
ST_1 : Operation 32 [1/1] (0.00ns)   --->   "%dp_mem_25 = alloca i32 1"   --->   Operation 32 'alloca' 'dp_mem_25' <Predicate = true> <Delay = 0.00>
ST_1 : Operation 33 [1/1] (0.00ns)   --->   "%dp_mem_26 = alloca i32 1"   --->   Operation 33 'alloca' 'dp_mem_26' <Predicate = true> <Delay = 0.00>
ST_1 : Operation 34 [1/1] (0.00ns)   --->   "%dp_mem_27 = alloca i32 1"   --->   Operation 34 'alloca' 'dp_mem_27' <Predicate = true> <Delay = 0.00>
ST_1 : Operation 35 [1/1] (0.00ns)   --->   "%dp_mem_28 = alloca i32 1"   --->   Operation 35 'alloca' 'dp_mem_28' <Predicate = true> <Delay = 0.00>
ST_1 : Operation 36 [1/1] (0.00ns)   --->   "%dp_mem_29 = alloca i32 1"   --->   Operation 36 'alloca' 'dp_mem_29' <Predicate = true> <Delay = 0.00>
ST_1 : Operation 37 [1/1] (0.00ns)   --->   "%dp_mem_30 = alloca i32 1"   --->   Operation 37 'alloca' 'dp_mem_30' <Predicate = true> <Delay = 0.00>
ST_1 : Operation 38 [1/1] (0.00ns)   --->   "%dp_mem_31 = alloca i32 1"   --->   Operation 38 'alloca' 'dp_mem_31' <Predicate = true> <Delay = 0.00>
ST_1 : Operation 39 [1/1] (0.00ns)   --->   "%dp_mem_32 = alloca i32 1"   --->   Operation 39 'alloca' 'dp_mem_32' <Predicate = true> <Delay = 0.00>
ST_1 : Operation 40 [1/1] (0.00ns)   --->   "%dp_mem_33 = alloca i32 1"   --->   Operation 40 'alloca' 'dp_mem_33' <Predicate = true> <Delay = 0.00>
ST_1 : Operation 41 [1/1] (0.00ns)   --->   "%dp_mem_34 = alloca i32 1"   --->   Operation 41 'alloca' 'dp_mem_34' <Predicate = true> <Delay = 0.00>
ST_1 : Operation 42 [1/1] (0.00ns)   --->   "%dp_mem_35 = alloca i32 1"   --->   Operation 42 'alloca' 'dp_mem_35' <Predicate = true> <Delay = 0.00>
ST_1 : Operation 43 [1/1] (0.00ns)   --->   "%dp_mem_36 = alloca i32 1"   --->   Operation 43 'alloca' 'dp_mem_36' <Predicate = true> <Delay = 0.00>
ST_1 : Operation 44 [1/1] (0.00ns)   --->   "%dp_mem_37 = alloca i32 1"   --->   Operation 44 'alloca' 'dp_mem_37' <Predicate = true> <Delay = 0.00>
ST_1 : Operation 45 [1/1] (0.00ns)   --->   "%dp_mem_38 = alloca i32 1"   --->   Operation 45 'alloca' 'dp_mem_38' <Predicate = true> <Delay = 0.00>
ST_1 : Operation 46 [1/1] (0.00ns)   --->   "%dp_mem_39 = alloca i32 1"   --->   Operation 46 'alloca' 'dp_mem_39' <Predicate = true> <Delay = 0.00>
ST_1 : Operation 47 [1/1] (0.00ns)   --->   "%dp_mem_40 = alloca i32 1"   --->   Operation 47 'alloca' 'dp_mem_40' <Predicate = true> <Delay = 0.00>
ST_1 : Operation 48 [1/1] (0.00ns)   --->   "%dp_mem_41 = alloca i32 1"   --->   Operation 48 'alloca' 'dp_mem_41' <Predicate = true> <Delay = 0.00>
ST_1 : Operation 49 [1/1] (0.00ns)   --->   "%dp_mem_42 = alloca i32 1"   --->   Operation 49 'alloca' 'dp_mem_42' <Predicate = true> <Delay = 0.00>
ST_1 : Operation 50 [1/1] (0.00ns)   --->   "%dp_mem_43 = alloca i32 1"   --->   Operation 50 'alloca' 'dp_mem_43' <Predicate = true> <Delay = 0.00>
ST_1 : Operation 51 [1/1] (0.00ns)   --->   "%dp_mem_44 = alloca i32 1"   --->   Operation 51 'alloca' 'dp_mem_44' <Predicate = true> <Delay = 0.00>
ST_1 : Operation 52 [1/1] (0.00ns)   --->   "%dp_mem_45 = alloca i32 1"   --->   Operation 52 'alloca' 'dp_mem_45' <Predicate = true> <Delay = 0.00>
ST_1 : Operation 53 [1/1] (0.00ns)   --->   "%dp_mem_46 = alloca i32 1"   --->   Operation 53 'alloca' 'dp_mem_46' <Predicate = true> <Delay = 0.00>
ST_1 : Operation 54 [1/1] (0.00ns)   --->   "%dp_mem_47 = alloca i32 1"   --->   Operation 54 'alloca' 'dp_mem_47' <Predicate = true> <Delay = 0.00>
ST_1 : Operation 55 [1/1] (0.00ns)   --->   "%dp_mem_48 = alloca i32 1"   --->   Operation 55 'alloca' 'dp_mem_48' <Predicate = true> <Delay = 0.00>
ST_1 : Operation 56 [1/1] (0.00ns)   --->   "%dp_mem_49 = alloca i32 1"   --->   Operation 56 'alloca' 'dp_mem_49' <Predicate = true> <Delay = 0.00>
ST_1 : Operation 57 [1/1] (0.00ns)   --->   "%dp_mem_50 = alloca i32 1"   --->   Operation 57 'alloca' 'dp_mem_50' <Predicate = true> <Delay = 0.00>
ST_1 : Operation 58 [1/1] (0.00ns)   --->   "%dp_mem_51 = alloca i32 1"   --->   Operation 58 'alloca' 'dp_mem_51' <Predicate = true> <Delay = 0.00>
ST_1 : Operation 59 [1/1] (0.00ns)   --->   "%dp_mem_52 = alloca i32 1"   --->   Operation 59 'alloca' 'dp_mem_52' <Predicate = true> <Delay = 0.00>
ST_1 : Operation 60 [1/1] (0.00ns)   --->   "%dp_mem_53 = alloca i32 1"   --->   Operation 60 'alloca' 'dp_mem_53' <Predicate = true> <Delay = 0.00>
ST_1 : Operation 61 [1/1] (0.00ns)   --->   "%dp_mem_54 = alloca i32 1"   --->   Operation 61 'alloca' 'dp_mem_54' <Predicate = true> <Delay = 0.00>
ST_1 : Operation 62 [1/1] (0.00ns)   --->   "%dp_mem_55 = alloca i32 1"   --->   Operation 62 'alloca' 'dp_mem_55' <Predicate = true> <Delay = 0.00>
ST_1 : Operation 63 [1/1] (0.00ns)   --->   "%dp_mem_56 = alloca i32 1"   --->   Operation 63 'alloca' 'dp_mem_56' <Predicate = true> <Delay = 0.00>
ST_1 : Operation 64 [1/1] (0.00ns)   --->   "%dp_mem_57 = alloca i32 1"   --->   Operation 64 'alloca' 'dp_mem_57' <Predicate = true> <Delay = 0.00>
ST_1 : Operation 65 [1/1] (0.00ns)   --->   "%dp_mem_58 = alloca i32 1"   --->   Operation 65 'alloca' 'dp_mem_58' <Predicate = true> <Delay = 0.00>
ST_1 : Operation 66 [1/1] (0.00ns)   --->   "%dp_mem_59 = alloca i32 1"   --->   Operation 66 'alloca' 'dp_mem_59' <Predicate = true> <Delay = 0.00>
ST_1 : Operation 67 [1/1] (0.00ns)   --->   "%dp_mem_60 = alloca i32 1"   --->   Operation 67 'alloca' 'dp_mem_60' <Predicate = true> <Delay = 0.00>
ST_1 : Operation 68 [1/1] (0.00ns)   --->   "%dp_mem_61 = alloca i32 1"   --->   Operation 68 'alloca' 'dp_mem_61' <Predicate = true> <Delay = 0.00>
ST_1 : Operation 69 [1/1] (0.00ns)   --->   "%dp_mem_62 = alloca i32 1"   --->   Operation 69 'alloca' 'dp_mem_62' <Predicate = true> <Delay = 0.00>
ST_1 : Operation 70 [1/1] (0.46ns)   --->   "%store_ln0 = store i7 0, i7 %indvar_flatten69"   --->   Operation 70 'store' 'store_ln0' <Predicate = true> <Delay = 0.46>
ST_1 : Operation 71 [1/1] (0.46ns)   --->   "%store_ln0 = store i2 0, i2 %gg"   --->   Operation 71 'store' 'store_ln0' <Predicate = true> <Delay = 0.46>
ST_1 : Operation 72 [1/1] (0.46ns)   --->   "%store_ln0 = store i6 0, i6 %ij"   --->   Operation 72 'store' 'store_ln0' <Predicate = true> <Delay = 0.46>
ST_1 : Operation 73 [1/1] (0.00ns)   --->   "%br_ln0 = br void %for.body78"   --->   Operation 73 'br' 'br_ln0' <Predicate = true> <Delay = 0.00>
ST_1 : Operation 74 [1/1] (0.00ns)   --->   "%indvar_flatten69_load = load i7 %indvar_flatten69" [seq_align_multiple.cpp:85]   --->   Operation 74 'load' 'indvar_flatten69_load' <Predicate = true> <Delay = 0.00>
ST_1 : Operation 75 [1/1] (0.00ns)   --->   "%specpipeline_ln0 = specpipeline void @_ssdm_op_SpecPipeline, i32 4294967295, i32 0, i32 1, i32 0, void @p_str"   --->   Operation 75 'specpipeline' 'specpipeline_ln0' <Predicate = true> <Delay = 0.00>
ST_1 : Operation 76 [1/1] (0.71ns)   --->   "%icmp_ln85 = icmp_eq  i7 %indvar_flatten69_load, i7 96" [seq_align_multiple.cpp:85]   --->   Operation 76 'icmp' 'icmp_ln85' <Predicate = true> <Delay = 0.71> <CoreInst = "Cmp">   --->   Core 9 'Cmp' <Latency = 0> <II = 1> <Delay = 0.71> <FuncUnit> <Opcode : 'icmp'> <InPorts = 2> <OutPorts = 1>
ST_1 : Operation 77 [1/1] (0.85ns)   --->   "%add_ln85_1 = add i7 %indvar_flatten69_load, i7 1" [seq_align_multiple.cpp:85]   --->   Operation 77 'add' 'add_ln85_1' <Predicate = true> <Delay = 0.85> <CoreInst = "Adder">   --->   Core 1 'Adder' <Latency = 0> <II = 1> <Delay = 0.85> <FuncUnit> <Opcode : 'add' 'sub'> <InPorts = 2> <OutPorts = 1>
ST_1 : Operation 78 [1/1] (0.00ns)   --->   "%br_ln85 = br i1 %icmp_ln85, void %for.inc87, void %for.body97.preheader.exitStub" [seq_align_multiple.cpp:85]   --->   Operation 78 'br' 'br_ln85' <Predicate = true> <Delay = 0.00>
ST_1 : Operation 79 [1/1] (0.00ns)   --->   "%ij_load = load i6 %ij" [seq_align_multiple.cpp:86]   --->   Operation 79 'load' 'ij_load' <Predicate = (!icmp_ln85)> <Delay = 0.00>
ST_1 : Operation 80 [1/1] (0.00ns)   --->   "%gg_load = load i2 %gg" [seq_align_multiple.cpp:85]   --->   Operation 80 'load' 'gg_load' <Predicate = (!icmp_ln85)> <Delay = 0.00>
ST_1 : Operation 81 [1/1] (0.62ns)   --->   "%add_ln85 = add i2 %gg_load, i2 1" [seq_align_multiple.cpp:85]   --->   Operation 81 'add' 'add_ln85' <Predicate = (!icmp_ln85)> <Delay = 0.62> <CoreInst = "Adder">   --->   Core 1 'Adder' <Latency = 0> <II = 1> <Delay = 0.62> <FuncUnit> <Opcode : 'add' 'sub'> <InPorts = 2> <OutPorts = 1>
ST_1 : Operation 82 [1/1] (0.00ns)   --->   "%specloopname_ln0 = specloopname void @_ssdm_op_SpecLoopName, void @local_dpmem_loop_VITIS_LOOP_86_3_str"   --->   Operation 82 'specloopname' 'specloopname_ln0' <Predicate = (!icmp_ln85)> <Delay = 0.00>
ST_1 : Operation 83 [1/1] (0.00ns)   --->   "%empty = speclooptripcount i32 @_ssdm_op_SpecLoopTripCount, i64 96, i64 96, i64 96"   --->   Operation 83 'speclooptripcount' 'empty' <Predicate = (!icmp_ln85)> <Delay = 0.00>
ST_1 : Operation 84 [1/1] (0.71ns)   --->   "%icmp_ln86 = icmp_eq  i6 %ij_load, i6 32" [seq_align_multiple.cpp:86]   --->   Operation 84 'icmp' 'icmp_ln86' <Predicate = (!icmp_ln85)> <Delay = 0.71> <CoreInst = "Cmp">   --->   Core 9 'Cmp' <Latency = 0> <II = 1> <Delay = 0.71> <FuncUnit> <Opcode : 'icmp'> <InPorts = 2> <OutPorts = 1>
ST_1 : Operation 85 [1/1] (0.36ns)   --->   "%select_ln85 = select i1 %icmp_ln86, i6 0, i6 %ij_load" [seq_align_multiple.cpp:85]   --->   Operation 85 'select' 'select_ln85' <Predicate = (!icmp_ln85)> <Delay = 0.36> <CoreInst = "Sel">   --->   Core 73 'Sel' <Latency = 0> <II = 1> <Delay = 0.36> <FuncUnit> <Opcode : 'select'> <InPorts = 3> <OutPorts = 1>
ST_1 : Operation 86 [1/1] (0.00ns)   --->   "%specpipeline_ln0 = specpipeline void @_ssdm_op_SpecPipeline, i32 4294967295, i32 0, i32 1, i32 0, void @p_str"   --->   Operation 86 'specpipeline' 'specpipeline_ln0' <Predicate = (!icmp_ln85)> <Delay = 0.00>
ST_1 : Operation 87 [1/1] (0.34ns)   --->   "%select_ln85_1 = select i1 %icmp_ln86, i2 %add_ln85, i2 %gg_load" [seq_align_multiple.cpp:85]   --->   Operation 87 'select' 'select_ln85_1' <Predicate = (!icmp_ln85)> <Delay = 0.34> <CoreInst = "Sel">   --->   Core 73 'Sel' <Latency = 0> <II = 1> <Delay = 0.34> <FuncUnit> <Opcode : 'select'> <InPorts = 3> <OutPorts = 1>
ST_1 : Operation 88 [1/1] (0.00ns)   --->   "%specloopname_ln183 = specloopname void @_ssdm_op_SpecLoopName, void @empty_5"   --->   Operation 88 'specloopname' 'specloopname_ln183' <Predicate = (!icmp_ln85)> <Delay = 0.00>
ST_1 : Operation 89 [1/1] (0.00ns)   --->   "%trunc_ln88 = trunc i6 %select_ln85" [seq_align_multiple.cpp:88]   --->   Operation 89 'trunc' 'trunc_ln88' <Predicate = (!icmp_ln85)> <Delay = 0.00>
ST_1 : Operation 90 [1/1] (0.39ns)   --->   "%switch_ln88 = switch i2 %select_ln85_1, void %arrayidx8332.0.0.045.case.2, i2 0, void %arrayidx8332.0.0.045.exit, i2 1, void %arrayidx8332.0.0.045.case.1" [seq_align_multiple.cpp:88]   --->   Operation 90 'switch' 'switch_ln88' <Predicate = (!icmp_ln85)> <Delay = 0.39>
ST_1 : Operation 91 [1/1] (0.39ns)   --->   "%switch_ln88 = switch i5 %trunc_ln88, void %arrayidx8332.0.0.045.exit, i5 0, void %arrayidx8332.0.0.045.case.1.arrayidx8332.0.0.045.exit_crit_edge95, i5 1, void %arrayidx8332.0.0.045.case.12175, i5 2, void %arrayidx8332.0.0.045.case.22176, i5 3, void %arrayidx8332.0.0.045.case.32177, i5 4, void %arrayidx8332.0.0.045.case.42178, i5 5, void %arrayidx8332.0.0.045.case.52179, i5 6, void %arrayidx8332.0.0.045.case.62180, i5 7, void %arrayidx8332.0.0.045.case.72181, i5 8, void %arrayidx8332.0.0.045.case.82182, i5 9, void %arrayidx8332.0.0.045.case.92183, i5 10, void %arrayidx8332.0.0.045.case.102184, i5 11, void %arrayidx8332.0.0.045.case.112185, i5 12, void %arrayidx8332.0.0.045.case.122186, i5 13, void %arrayidx8332.0.0.045.case.132187, i5 14, void %arrayidx8332.0.0.045.case.142188, i5 15, void %arrayidx8332.0.0.045.case.152189, i5 16, void %arrayidx8332.0.0.045.case.162190, i5 17, void %arrayidx8332.0.0.045.case.172191, i5 18, void %arrayidx8332.0.0.045.case.182192, i5 19, void %arrayidx8332.0.0.045.case.192193, i5 20, void %arrayidx8332.0.0.045.case.202194, i5 21, void %arrayidx8332.0.0.045.case.212195, i5 22, void %arrayidx8332.0.0.045.case.222196, i5 23, void %arrayidx8332.0.0.045.case.232197, i5 24, void %arrayidx8332.0.0.045.case.242198, i5 25, void %arrayidx8332.0.0.045.case.252199, i5 26, void %arrayidx8332.0.0.045.case.262200, i5 27, void %arrayidx8332.0.0.045.case.272201, i5 28, void %arrayidx8332.0.0.045.case.282202, i5 29, void %arrayidx8332.0.0.045.case.292203, i5 30, void %arrayidx8332.0.0.045.case.302204" [seq_align_multiple.cpp:88]   --->   Operation 91 'switch' 'switch_ln88' <Predicate = (!icmp_ln85 & select_ln85_1 == 1)> <Delay = 0.39>
ST_1 : Operation 92 [1/1] (0.00ns)   --->   "%store_ln88 = store i10 0, i10 %dp_mem" [seq_align_multiple.cpp:88]   --->   Operation 92 'store' 'store_ln88' <Predicate = (!icmp_ln85 & select_ln85_1 == 1 & trunc_ln88 == 30)> <Delay = 0.00>
ST_1 : Operation 93 [1/1] (0.00ns)   --->   "%br_ln88 = br void %arrayidx8332.0.0.045.exit" [seq_align_multiple.cpp:88]   --->   Operation 93 'br' 'br_ln88' <Predicate = (!icmp_ln85 & select_ln85_1 == 1 & trunc_ln88 == 30)> <Delay = 0.00>
ST_1 : Operation 94 [1/1] (0.00ns)   --->   "%store_ln88 = store i10 0, i10 %dp_mem_1" [seq_align_multiple.cpp:88]   --->   Operation 94 'store' 'store_ln88' <Predicate = (!icmp_ln85 & select_ln85_1 == 1 & trunc_ln88 == 29)> <Delay = 0.00>
ST_1 : Operation 95 [1/1] (0.00ns)   --->   "%br_ln88 = br void %arrayidx8332.0.0.045.exit" [seq_align_multiple.cpp:88]   --->   Operation 95 'br' 'br_ln88' <Predicate = (!icmp_ln85 & select_ln85_1 == 1 & trunc_ln88 == 29)> <Delay = 0.00>
ST_1 : Operation 96 [1/1] (0.00ns)   --->   "%store_ln88 = store i10 0, i10 %dp_mem_2" [seq_align_multiple.cpp:88]   --->   Operation 96 'store' 'store_ln88' <Predicate = (!icmp_ln85 & select_ln85_1 == 1 & trunc_ln88 == 28)> <Delay = 0.00>
ST_1 : Operation 97 [1/1] (0.00ns)   --->   "%br_ln88 = br void %arrayidx8332.0.0.045.exit" [seq_align_multiple.cpp:88]   --->   Operation 97 'br' 'br_ln88' <Predicate = (!icmp_ln85 & select_ln85_1 == 1 & trunc_ln88 == 28)> <Delay = 0.00>
ST_1 : Operation 98 [1/1] (0.00ns)   --->   "%store_ln88 = store i10 0, i10 %dp_mem_3" [seq_align_multiple.cpp:88]   --->   Operation 98 'store' 'store_ln88' <Predicate = (!icmp_ln85 & select_ln85_1 == 1 & trunc_ln88 == 27)> <Delay = 0.00>
ST_1 : Operation 99 [1/1] (0.00ns)   --->   "%br_ln88 = br void %arrayidx8332.0.0.045.exit" [seq_align_multiple.cpp:88]   --->   Operation 99 'br' 'br_ln88' <Predicate = (!icmp_ln85 & select_ln85_1 == 1 & trunc_ln88 == 27)> <Delay = 0.00>
ST_1 : Operation 100 [1/1] (0.00ns)   --->   "%store_ln88 = store i10 0, i10 %dp_mem_4" [seq_align_multiple.cpp:88]   --->   Operation 100 'store' 'store_ln88' <Predicate = (!icmp_ln85 & select_ln85_1 == 1 & trunc_ln88 == 26)> <Delay = 0.00>
ST_1 : Operation 101 [1/1] (0.00ns)   --->   "%br_ln88 = br void %arrayidx8332.0.0.045.exit" [seq_align_multiple.cpp:88]   --->   Operation 101 'br' 'br_ln88' <Predicate = (!icmp_ln85 & select_ln85_1 == 1 & trunc_ln88 == 26)> <Delay = 0.00>
ST_1 : Operation 102 [1/1] (0.00ns)   --->   "%store_ln88 = store i10 0, i10 %dp_mem_5" [seq_align_multiple.cpp:88]   --->   Operation 102 'store' 'store_ln88' <Predicate = (!icmp_ln85 & select_ln85_1 == 1 & trunc_ln88 == 25)> <Delay = 0.00>
ST_1 : Operation 103 [1/1] (0.00ns)   --->   "%br_ln88 = br void %arrayidx8332.0.0.045.exit" [seq_align_multiple.cpp:88]   --->   Operation 103 'br' 'br_ln88' <Predicate = (!icmp_ln85 & select_ln85_1 == 1 & trunc_ln88 == 25)> <Delay = 0.00>
ST_1 : Operation 104 [1/1] (0.00ns)   --->   "%store_ln88 = store i10 0, i10 %dp_mem_6" [seq_align_multiple.cpp:88]   --->   Operation 104 'store' 'store_ln88' <Predicate = (!icmp_ln85 & select_ln85_1 == 1 & trunc_ln88 == 24)> <Delay = 0.00>
ST_1 : Operation 105 [1/1] (0.00ns)   --->   "%br_ln88 = br void %arrayidx8332.0.0.045.exit" [seq_align_multiple.cpp:88]   --->   Operation 105 'br' 'br_ln88' <Predicate = (!icmp_ln85 & select_ln85_1 == 1 & trunc_ln88 == 24)> <Delay = 0.00>
ST_1 : Operation 106 [1/1] (0.00ns)   --->   "%store_ln88 = store i10 0, i10 %dp_mem_7" [seq_align_multiple.cpp:88]   --->   Operation 106 'store' 'store_ln88' <Predicate = (!icmp_ln85 & select_ln85_1 == 1 & trunc_ln88 == 23)> <Delay = 0.00>
ST_1 : Operation 107 [1/1] (0.00ns)   --->   "%br_ln88 = br void %arrayidx8332.0.0.045.exit" [seq_align_multiple.cpp:88]   --->   Operation 107 'br' 'br_ln88' <Predicate = (!icmp_ln85 & select_ln85_1 == 1 & trunc_ln88 == 23)> <Delay = 0.00>
ST_1 : Operation 108 [1/1] (0.00ns)   --->   "%store_ln88 = store i10 0, i10 %dp_mem_8" [seq_align_multiple.cpp:88]   --->   Operation 108 'store' 'store_ln88' <Predicate = (!icmp_ln85 & select_ln85_1 == 1 & trunc_ln88 == 22)> <Delay = 0.00>
ST_1 : Operation 109 [1/1] (0.00ns)   --->   "%br_ln88 = br void %arrayidx8332.0.0.045.exit" [seq_align_multiple.cpp:88]   --->   Operation 109 'br' 'br_ln88' <Predicate = (!icmp_ln85 & select_ln85_1 == 1 & trunc_ln88 == 22)> <Delay = 0.00>
ST_1 : Operation 110 [1/1] (0.00ns)   --->   "%store_ln88 = store i10 0, i10 %dp_mem_9" [seq_align_multiple.cpp:88]   --->   Operation 110 'store' 'store_ln88' <Predicate = (!icmp_ln85 & select_ln85_1 == 1 & trunc_ln88 == 21)> <Delay = 0.00>
ST_1 : Operation 111 [1/1] (0.00ns)   --->   "%br_ln88 = br void %arrayidx8332.0.0.045.exit" [seq_align_multiple.cpp:88]   --->   Operation 111 'br' 'br_ln88' <Predicate = (!icmp_ln85 & select_ln85_1 == 1 & trunc_ln88 == 21)> <Delay = 0.00>
ST_1 : Operation 112 [1/1] (0.00ns)   --->   "%store_ln88 = store i10 0, i10 %dp_mem_10" [seq_align_multiple.cpp:88]   --->   Operation 112 'store' 'store_ln88' <Predicate = (!icmp_ln85 & select_ln85_1 == 1 & trunc_ln88 == 20)> <Delay = 0.00>
ST_1 : Operation 113 [1/1] (0.00ns)   --->   "%br_ln88 = br void %arrayidx8332.0.0.045.exit" [seq_align_multiple.cpp:88]   --->   Operation 113 'br' 'br_ln88' <Predicate = (!icmp_ln85 & select_ln85_1 == 1 & trunc_ln88 == 20)> <Delay = 0.00>
ST_1 : Operation 114 [1/1] (0.00ns)   --->   "%store_ln88 = store i10 0, i10 %dp_mem_11" [seq_align_multiple.cpp:88]   --->   Operation 114 'store' 'store_ln88' <Predicate = (!icmp_ln85 & select_ln85_1 == 1 & trunc_ln88 == 19)> <Delay = 0.00>
ST_1 : Operation 115 [1/1] (0.00ns)   --->   "%br_ln88 = br void %arrayidx8332.0.0.045.exit" [seq_align_multiple.cpp:88]   --->   Operation 115 'br' 'br_ln88' <Predicate = (!icmp_ln85 & select_ln85_1 == 1 & trunc_ln88 == 19)> <Delay = 0.00>
ST_1 : Operation 116 [1/1] (0.00ns)   --->   "%store_ln88 = store i10 0, i10 %dp_mem_12" [seq_align_multiple.cpp:88]   --->   Operation 116 'store' 'store_ln88' <Predicate = (!icmp_ln85 & select_ln85_1 == 1 & trunc_ln88 == 18)> <Delay = 0.00>
ST_1 : Operation 117 [1/1] (0.00ns)   --->   "%br_ln88 = br void %arrayidx8332.0.0.045.exit" [seq_align_multiple.cpp:88]   --->   Operation 117 'br' 'br_ln88' <Predicate = (!icmp_ln85 & select_ln85_1 == 1 & trunc_ln88 == 18)> <Delay = 0.00>
ST_1 : Operation 118 [1/1] (0.00ns)   --->   "%store_ln88 = store i10 0, i10 %dp_mem_13" [seq_align_multiple.cpp:88]   --->   Operation 118 'store' 'store_ln88' <Predicate = (!icmp_ln85 & select_ln85_1 == 1 & trunc_ln88 == 17)> <Delay = 0.00>
ST_1 : Operation 119 [1/1] (0.00ns)   --->   "%br_ln88 = br void %arrayidx8332.0.0.045.exit" [seq_align_multiple.cpp:88]   --->   Operation 119 'br' 'br_ln88' <Predicate = (!icmp_ln85 & select_ln85_1 == 1 & trunc_ln88 == 17)> <Delay = 0.00>
ST_1 : Operation 120 [1/1] (0.00ns)   --->   "%store_ln88 = store i10 0, i10 %dp_mem_14" [seq_align_multiple.cpp:88]   --->   Operation 120 'store' 'store_ln88' <Predicate = (!icmp_ln85 & select_ln85_1 == 1 & trunc_ln88 == 16)> <Delay = 0.00>
ST_1 : Operation 121 [1/1] (0.00ns)   --->   "%br_ln88 = br void %arrayidx8332.0.0.045.exit" [seq_align_multiple.cpp:88]   --->   Operation 121 'br' 'br_ln88' <Predicate = (!icmp_ln85 & select_ln85_1 == 1 & trunc_ln88 == 16)> <Delay = 0.00>
ST_1 : Operation 122 [1/1] (0.00ns)   --->   "%store_ln88 = store i10 0, i10 %dp_mem_15" [seq_align_multiple.cpp:88]   --->   Operation 122 'store' 'store_ln88' <Predicate = (!icmp_ln85 & select_ln85_1 == 1 & trunc_ln88 == 15)> <Delay = 0.00>
ST_1 : Operation 123 [1/1] (0.00ns)   --->   "%br_ln88 = br void %arrayidx8332.0.0.045.exit" [seq_align_multiple.cpp:88]   --->   Operation 123 'br' 'br_ln88' <Predicate = (!icmp_ln85 & select_ln85_1 == 1 & trunc_ln88 == 15)> <Delay = 0.00>
ST_1 : Operation 124 [1/1] (0.00ns)   --->   "%store_ln88 = store i10 0, i10 %dp_mem_16" [seq_align_multiple.cpp:88]   --->   Operation 124 'store' 'store_ln88' <Predicate = (!icmp_ln85 & select_ln85_1 == 1 & trunc_ln88 == 14)> <Delay = 0.00>
ST_1 : Operation 125 [1/1] (0.00ns)   --->   "%br_ln88 = br void %arrayidx8332.0.0.045.exit" [seq_align_multiple.cpp:88]   --->   Operation 125 'br' 'br_ln88' <Predicate = (!icmp_ln85 & select_ln85_1 == 1 & trunc_ln88 == 14)> <Delay = 0.00>
ST_1 : Operation 126 [1/1] (0.00ns)   --->   "%store_ln88 = store i10 0, i10 %dp_mem_17" [seq_align_multiple.cpp:88]   --->   Operation 126 'store' 'store_ln88' <Predicate = (!icmp_ln85 & select_ln85_1 == 1 & trunc_ln88 == 13)> <Delay = 0.00>
ST_1 : Operation 127 [1/1] (0.00ns)   --->   "%br_ln88 = br void %arrayidx8332.0.0.045.exit" [seq_align_multiple.cpp:88]   --->   Operation 127 'br' 'br_ln88' <Predicate = (!icmp_ln85 & select_ln85_1 == 1 & trunc_ln88 == 13)> <Delay = 0.00>
ST_1 : Operation 128 [1/1] (0.00ns)   --->   "%store_ln88 = store i10 0, i10 %dp_mem_18" [seq_align_multiple.cpp:88]   --->   Operation 128 'store' 'store_ln88' <Predicate = (!icmp_ln85 & select_ln85_1 == 1 & trunc_ln88 == 12)> <Delay = 0.00>
ST_1 : Operation 129 [1/1] (0.00ns)   --->   "%br_ln88 = br void %arrayidx8332.0.0.045.exit" [seq_align_multiple.cpp:88]   --->   Operation 129 'br' 'br_ln88' <Predicate = (!icmp_ln85 & select_ln85_1 == 1 & trunc_ln88 == 12)> <Delay = 0.00>
ST_1 : Operation 130 [1/1] (0.00ns)   --->   "%store_ln88 = store i10 0, i10 %dp_mem_19" [seq_align_multiple.cpp:88]   --->   Operation 130 'store' 'store_ln88' <Predicate = (!icmp_ln85 & select_ln85_1 == 1 & trunc_ln88 == 11)> <Delay = 0.00>
ST_1 : Operation 131 [1/1] (0.00ns)   --->   "%br_ln88 = br void %arrayidx8332.0.0.045.exit" [seq_align_multiple.cpp:88]   --->   Operation 131 'br' 'br_ln88' <Predicate = (!icmp_ln85 & select_ln85_1 == 1 & trunc_ln88 == 11)> <Delay = 0.00>
ST_1 : Operation 132 [1/1] (0.00ns)   --->   "%store_ln88 = store i10 0, i10 %dp_mem_20" [seq_align_multiple.cpp:88]   --->   Operation 132 'store' 'store_ln88' <Predicate = (!icmp_ln85 & select_ln85_1 == 1 & trunc_ln88 == 10)> <Delay = 0.00>
ST_1 : Operation 133 [1/1] (0.00ns)   --->   "%br_ln88 = br void %arrayidx8332.0.0.045.exit" [seq_align_multiple.cpp:88]   --->   Operation 133 'br' 'br_ln88' <Predicate = (!icmp_ln85 & select_ln85_1 == 1 & trunc_ln88 == 10)> <Delay = 0.00>
ST_1 : Operation 134 [1/1] (0.00ns)   --->   "%store_ln88 = store i10 0, i10 %dp_mem_21" [seq_align_multiple.cpp:88]   --->   Operation 134 'store' 'store_ln88' <Predicate = (!icmp_ln85 & select_ln85_1 == 1 & trunc_ln88 == 9)> <Delay = 0.00>
ST_1 : Operation 135 [1/1] (0.00ns)   --->   "%br_ln88 = br void %arrayidx8332.0.0.045.exit" [seq_align_multiple.cpp:88]   --->   Operation 135 'br' 'br_ln88' <Predicate = (!icmp_ln85 & select_ln85_1 == 1 & trunc_ln88 == 9)> <Delay = 0.00>
ST_1 : Operation 136 [1/1] (0.00ns)   --->   "%store_ln88 = store i10 0, i10 %dp_mem_22" [seq_align_multiple.cpp:88]   --->   Operation 136 'store' 'store_ln88' <Predicate = (!icmp_ln85 & select_ln85_1 == 1 & trunc_ln88 == 8)> <Delay = 0.00>
ST_1 : Operation 137 [1/1] (0.00ns)   --->   "%br_ln88 = br void %arrayidx8332.0.0.045.exit" [seq_align_multiple.cpp:88]   --->   Operation 137 'br' 'br_ln88' <Predicate = (!icmp_ln85 & select_ln85_1 == 1 & trunc_ln88 == 8)> <Delay = 0.00>
ST_1 : Operation 138 [1/1] (0.00ns)   --->   "%store_ln88 = store i10 0, i10 %dp_mem_23" [seq_align_multiple.cpp:88]   --->   Operation 138 'store' 'store_ln88' <Predicate = (!icmp_ln85 & select_ln85_1 == 1 & trunc_ln88 == 7)> <Delay = 0.00>
ST_1 : Operation 139 [1/1] (0.00ns)   --->   "%br_ln88 = br void %arrayidx8332.0.0.045.exit" [seq_align_multiple.cpp:88]   --->   Operation 139 'br' 'br_ln88' <Predicate = (!icmp_ln85 & select_ln85_1 == 1 & trunc_ln88 == 7)> <Delay = 0.00>
ST_1 : Operation 140 [1/1] (0.00ns)   --->   "%store_ln88 = store i10 0, i10 %dp_mem_24" [seq_align_multiple.cpp:88]   --->   Operation 140 'store' 'store_ln88' <Predicate = (!icmp_ln85 & select_ln85_1 == 1 & trunc_ln88 == 6)> <Delay = 0.00>
ST_1 : Operation 141 [1/1] (0.00ns)   --->   "%br_ln88 = br void %arrayidx8332.0.0.045.exit" [seq_align_multiple.cpp:88]   --->   Operation 141 'br' 'br_ln88' <Predicate = (!icmp_ln85 & select_ln85_1 == 1 & trunc_ln88 == 6)> <Delay = 0.00>
ST_1 : Operation 142 [1/1] (0.00ns)   --->   "%store_ln88 = store i10 0, i10 %dp_mem_25" [seq_align_multiple.cpp:88]   --->   Operation 142 'store' 'store_ln88' <Predicate = (!icmp_ln85 & select_ln85_1 == 1 & trunc_ln88 == 5)> <Delay = 0.00>
ST_1 : Operation 143 [1/1] (0.00ns)   --->   "%br_ln88 = br void %arrayidx8332.0.0.045.exit" [seq_align_multiple.cpp:88]   --->   Operation 143 'br' 'br_ln88' <Predicate = (!icmp_ln85 & select_ln85_1 == 1 & trunc_ln88 == 5)> <Delay = 0.00>
ST_1 : Operation 144 [1/1] (0.00ns)   --->   "%store_ln88 = store i10 0, i10 %dp_mem_26" [seq_align_multiple.cpp:88]   --->   Operation 144 'store' 'store_ln88' <Predicate = (!icmp_ln85 & select_ln85_1 == 1 & trunc_ln88 == 4)> <Delay = 0.00>
ST_1 : Operation 145 [1/1] (0.00ns)   --->   "%br_ln88 = br void %arrayidx8332.0.0.045.exit" [seq_align_multiple.cpp:88]   --->   Operation 145 'br' 'br_ln88' <Predicate = (!icmp_ln85 & select_ln85_1 == 1 & trunc_ln88 == 4)> <Delay = 0.00>
ST_1 : Operation 146 [1/1] (0.00ns)   --->   "%store_ln88 = store i10 0, i10 %dp_mem_27" [seq_align_multiple.cpp:88]   --->   Operation 146 'store' 'store_ln88' <Predicate = (!icmp_ln85 & select_ln85_1 == 1 & trunc_ln88 == 3)> <Delay = 0.00>
ST_1 : Operation 147 [1/1] (0.00ns)   --->   "%br_ln88 = br void %arrayidx8332.0.0.045.exit" [seq_align_multiple.cpp:88]   --->   Operation 147 'br' 'br_ln88' <Predicate = (!icmp_ln85 & select_ln85_1 == 1 & trunc_ln88 == 3)> <Delay = 0.00>
ST_1 : Operation 148 [1/1] (0.00ns)   --->   "%store_ln88 = store i10 0, i10 %dp_mem_28" [seq_align_multiple.cpp:88]   --->   Operation 148 'store' 'store_ln88' <Predicate = (!icmp_ln85 & select_ln85_1 == 1 & trunc_ln88 == 2)> <Delay = 0.00>
ST_1 : Operation 149 [1/1] (0.00ns)   --->   "%br_ln88 = br void %arrayidx8332.0.0.045.exit" [seq_align_multiple.cpp:88]   --->   Operation 149 'br' 'br_ln88' <Predicate = (!icmp_ln85 & select_ln85_1 == 1 & trunc_ln88 == 2)> <Delay = 0.00>
ST_1 : Operation 150 [1/1] (0.00ns)   --->   "%store_ln88 = store i10 0, i10 %dp_mem_29" [seq_align_multiple.cpp:88]   --->   Operation 150 'store' 'store_ln88' <Predicate = (!icmp_ln85 & select_ln85_1 == 1 & trunc_ln88 == 1)> <Delay = 0.00>
ST_1 : Operation 151 [1/1] (0.00ns)   --->   "%br_ln88 = br void %arrayidx8332.0.0.045.exit" [seq_align_multiple.cpp:88]   --->   Operation 151 'br' 'br_ln88' <Predicate = (!icmp_ln85 & select_ln85_1 == 1 & trunc_ln88 == 1)> <Delay = 0.00>
ST_1 : Operation 152 [1/1] (0.00ns)   --->   "%store_ln88 = store i10 0, i10 %dp_mem_30" [seq_align_multiple.cpp:88]   --->   Operation 152 'store' 'store_ln88' <Predicate = (!icmp_ln85 & select_ln85_1 == 1 & trunc_ln88 == 0)> <Delay = 0.00>
ST_1 : Operation 153 [1/1] (0.00ns)   --->   "%br_ln88 = br void %arrayidx8332.0.0.045.exit" [seq_align_multiple.cpp:88]   --->   Operation 153 'br' 'br_ln88' <Predicate = (!icmp_ln85 & select_ln85_1 == 1 & trunc_ln88 == 0)> <Delay = 0.00>
ST_1 : Operation 154 [1/1] (0.39ns)   --->   "%switch_ln88 = switch i5 %trunc_ln88, void %arrayidx8332.0.0.045.case.312239, i5 0, void %arrayidx8332.0.0.045.case.2.arrayidx8332.0.0.045.exit_crit_edge, i5 1, void %arrayidx8332.0.0.045.case.2.arrayidx8332.0.0.045.exit_crit_edge64, i5 2, void %arrayidx8332.0.0.045.case.22210, i5 3, void %arrayidx8332.0.0.045.case.32211, i5 4, void %arrayidx8332.0.0.045.case.42212, i5 5, void %arrayidx8332.0.0.045.case.52213, i5 6, void %arrayidx8332.0.0.045.case.62214, i5 7, void %arrayidx8332.0.0.045.case.72215, i5 8, void %arrayidx8332.0.0.045.case.82216, i5 9, void %arrayidx8332.0.0.045.case.92217, i5 10, void %arrayidx8332.0.0.045.case.102218, i5 11, void %arrayidx8332.0.0.045.case.112219, i5 12, void %arrayidx8332.0.0.045.case.122220, i5 13, void %arrayidx8332.0.0.045.case.132221, i5 14, void %arrayidx8332.0.0.045.case.142222, i5 15, void %arrayidx8332.0.0.045.case.152223, i5 16, void %arrayidx8332.0.0.045.case.162224, i5 17, void %arrayidx8332.0.0.045.case.172225, i5 18, void %arrayidx8332.0.0.045.case.182226, i5 19, void %arrayidx8332.0.0.045.case.192227, i5 20, void %arrayidx8332.0.0.045.case.202228, i5 21, void %arrayidx8332.0.0.045.case.212229, i5 22, void %arrayidx8332.0.0.045.case.222230, i5 23, void %arrayidx8332.0.0.045.case.232231, i5 24, void %arrayidx8332.0.0.045.case.242232, i5 25, void %arrayidx8332.0.0.045.case.252233, i5 26, void %arrayidx8332.0.0.045.case.262234, i5 27, void %arrayidx8332.0.0.045.case.272235, i5 28, void %arrayidx8332.0.0.045.case.282236, i5 29, void %arrayidx8332.0.0.045.case.292237, i5 30, void %arrayidx8332.0.0.045.case.302238" [seq_align_multiple.cpp:88]   --->   Operation 154 'switch' 'switch_ln88' <Predicate = (!icmp_ln85 & select_ln85_1 != 0 & select_ln85_1 != 1)> <Delay = 0.39>
ST_1 : Operation 155 [1/1] (0.00ns)   --->   "%store_ln88 = store i10 0, i10 %dp_mem_31" [seq_align_multiple.cpp:88]   --->   Operation 155 'store' 'store_ln88' <Predicate = (!icmp_ln85 & select_ln85_1 != 0 & select_ln85_1 != 1 & trunc_ln88 == 30)> <Delay = 0.00>
ST_1 : Operation 156 [1/1] (0.00ns)   --->   "%br_ln88 = br void %arrayidx8332.0.0.045.exit" [seq_align_multiple.cpp:88]   --->   Operation 156 'br' 'br_ln88' <Predicate = (!icmp_ln85 & select_ln85_1 != 0 & select_ln85_1 != 1 & trunc_ln88 == 30)> <Delay = 0.00>
ST_1 : Operation 157 [1/1] (0.00ns)   --->   "%store_ln88 = store i10 0, i10 %dp_mem_32" [seq_align_multiple.cpp:88]   --->   Operation 157 'store' 'store_ln88' <Predicate = (!icmp_ln85 & select_ln85_1 != 0 & select_ln85_1 != 1 & trunc_ln88 == 29)> <Delay = 0.00>
ST_1 : Operation 158 [1/1] (0.00ns)   --->   "%br_ln88 = br void %arrayidx8332.0.0.045.exit" [seq_align_multiple.cpp:88]   --->   Operation 158 'br' 'br_ln88' <Predicate = (!icmp_ln85 & select_ln85_1 != 0 & select_ln85_1 != 1 & trunc_ln88 == 29)> <Delay = 0.00>
ST_1 : Operation 159 [1/1] (0.00ns)   --->   "%store_ln88 = store i10 0, i10 %dp_mem_33" [seq_align_multiple.cpp:88]   --->   Operation 159 'store' 'store_ln88' <Predicate = (!icmp_ln85 & select_ln85_1 != 0 & select_ln85_1 != 1 & trunc_ln88 == 28)> <Delay = 0.00>
ST_1 : Operation 160 [1/1] (0.00ns)   --->   "%br_ln88 = br void %arrayidx8332.0.0.045.exit" [seq_align_multiple.cpp:88]   --->   Operation 160 'br' 'br_ln88' <Predicate = (!icmp_ln85 & select_ln85_1 != 0 & select_ln85_1 != 1 & trunc_ln88 == 28)> <Delay = 0.00>
ST_1 : Operation 161 [1/1] (0.00ns)   --->   "%store_ln88 = store i10 0, i10 %dp_mem_34" [seq_align_multiple.cpp:88]   --->   Operation 161 'store' 'store_ln88' <Predicate = (!icmp_ln85 & select_ln85_1 != 0 & select_ln85_1 != 1 & trunc_ln88 == 27)> <Delay = 0.00>
ST_1 : Operation 162 [1/1] (0.00ns)   --->   "%br_ln88 = br void %arrayidx8332.0.0.045.exit" [seq_align_multiple.cpp:88]   --->   Operation 162 'br' 'br_ln88' <Predicate = (!icmp_ln85 & select_ln85_1 != 0 & select_ln85_1 != 1 & trunc_ln88 == 27)> <Delay = 0.00>
ST_1 : Operation 163 [1/1] (0.00ns)   --->   "%store_ln88 = store i10 0, i10 %dp_mem_35" [seq_align_multiple.cpp:88]   --->   Operation 163 'store' 'store_ln88' <Predicate = (!icmp_ln85 & select_ln85_1 != 0 & select_ln85_1 != 1 & trunc_ln88 == 26)> <Delay = 0.00>
ST_1 : Operation 164 [1/1] (0.00ns)   --->   "%br_ln88 = br void %arrayidx8332.0.0.045.exit" [seq_align_multiple.cpp:88]   --->   Operation 164 'br' 'br_ln88' <Predicate = (!icmp_ln85 & select_ln85_1 != 0 & select_ln85_1 != 1 & trunc_ln88 == 26)> <Delay = 0.00>
ST_1 : Operation 165 [1/1] (0.00ns)   --->   "%store_ln88 = store i10 0, i10 %dp_mem_36" [seq_align_multiple.cpp:88]   --->   Operation 165 'store' 'store_ln88' <Predicate = (!icmp_ln85 & select_ln85_1 != 0 & select_ln85_1 != 1 & trunc_ln88 == 25)> <Delay = 0.00>
ST_1 : Operation 166 [1/1] (0.00ns)   --->   "%br_ln88 = br void %arrayidx8332.0.0.045.exit" [seq_align_multiple.cpp:88]   --->   Operation 166 'br' 'br_ln88' <Predicate = (!icmp_ln85 & select_ln85_1 != 0 & select_ln85_1 != 1 & trunc_ln88 == 25)> <Delay = 0.00>
ST_1 : Operation 167 [1/1] (0.00ns)   --->   "%store_ln88 = store i10 0, i10 %dp_mem_37" [seq_align_multiple.cpp:88]   --->   Operation 167 'store' 'store_ln88' <Predicate = (!icmp_ln85 & select_ln85_1 != 0 & select_ln85_1 != 1 & trunc_ln88 == 24)> <Delay = 0.00>
ST_1 : Operation 168 [1/1] (0.00ns)   --->   "%br_ln88 = br void %arrayidx8332.0.0.045.exit" [seq_align_multiple.cpp:88]   --->   Operation 168 'br' 'br_ln88' <Predicate = (!icmp_ln85 & select_ln85_1 != 0 & select_ln85_1 != 1 & trunc_ln88 == 24)> <Delay = 0.00>
ST_1 : Operation 169 [1/1] (0.00ns)   --->   "%store_ln88 = store i10 0, i10 %dp_mem_38" [seq_align_multiple.cpp:88]   --->   Operation 169 'store' 'store_ln88' <Predicate = (!icmp_ln85 & select_ln85_1 != 0 & select_ln85_1 != 1 & trunc_ln88 == 23)> <Delay = 0.00>
ST_1 : Operation 170 [1/1] (0.00ns)   --->   "%br_ln88 = br void %arrayidx8332.0.0.045.exit" [seq_align_multiple.cpp:88]   --->   Operation 170 'br' 'br_ln88' <Predicate = (!icmp_ln85 & select_ln85_1 != 0 & select_ln85_1 != 1 & trunc_ln88 == 23)> <Delay = 0.00>
ST_1 : Operation 171 [1/1] (0.00ns)   --->   "%store_ln88 = store i10 0, i10 %dp_mem_39" [seq_align_multiple.cpp:88]   --->   Operation 171 'store' 'store_ln88' <Predicate = (!icmp_ln85 & select_ln85_1 != 0 & select_ln85_1 != 1 & trunc_ln88 == 22)> <Delay = 0.00>
ST_1 : Operation 172 [1/1] (0.00ns)   --->   "%br_ln88 = br void %arrayidx8332.0.0.045.exit" [seq_align_multiple.cpp:88]   --->   Operation 172 'br' 'br_ln88' <Predicate = (!icmp_ln85 & select_ln85_1 != 0 & select_ln85_1 != 1 & trunc_ln88 == 22)> <Delay = 0.00>
ST_1 : Operation 173 [1/1] (0.00ns)   --->   "%store_ln88 = store i10 0, i10 %dp_mem_40" [seq_align_multiple.cpp:88]   --->   Operation 173 'store' 'store_ln88' <Predicate = (!icmp_ln85 & select_ln85_1 != 0 & select_ln85_1 != 1 & trunc_ln88 == 21)> <Delay = 0.00>
ST_1 : Operation 174 [1/1] (0.00ns)   --->   "%br_ln88 = br void %arrayidx8332.0.0.045.exit" [seq_align_multiple.cpp:88]   --->   Operation 174 'br' 'br_ln88' <Predicate = (!icmp_ln85 & select_ln85_1 != 0 & select_ln85_1 != 1 & trunc_ln88 == 21)> <Delay = 0.00>
ST_1 : Operation 175 [1/1] (0.00ns)   --->   "%store_ln88 = store i10 0, i10 %dp_mem_41" [seq_align_multiple.cpp:88]   --->   Operation 175 'store' 'store_ln88' <Predicate = (!icmp_ln85 & select_ln85_1 != 0 & select_ln85_1 != 1 & trunc_ln88 == 20)> <Delay = 0.00>
ST_1 : Operation 176 [1/1] (0.00ns)   --->   "%br_ln88 = br void %arrayidx8332.0.0.045.exit" [seq_align_multiple.cpp:88]   --->   Operation 176 'br' 'br_ln88' <Predicate = (!icmp_ln85 & select_ln85_1 != 0 & select_ln85_1 != 1 & trunc_ln88 == 20)> <Delay = 0.00>
ST_1 : Operation 177 [1/1] (0.00ns)   --->   "%store_ln88 = store i10 0, i10 %dp_mem_42" [seq_align_multiple.cpp:88]   --->   Operation 177 'store' 'store_ln88' <Predicate = (!icmp_ln85 & select_ln85_1 != 0 & select_ln85_1 != 1 & trunc_ln88 == 19)> <Delay = 0.00>
ST_1 : Operation 178 [1/1] (0.00ns)   --->   "%br_ln88 = br void %arrayidx8332.0.0.045.exit" [seq_align_multiple.cpp:88]   --->   Operation 178 'br' 'br_ln88' <Predicate = (!icmp_ln85 & select_ln85_1 != 0 & select_ln85_1 != 1 & trunc_ln88 == 19)> <Delay = 0.00>
ST_1 : Operation 179 [1/1] (0.00ns)   --->   "%store_ln88 = store i10 0, i10 %dp_mem_43" [seq_align_multiple.cpp:88]   --->   Operation 179 'store' 'store_ln88' <Predicate = (!icmp_ln85 & select_ln85_1 != 0 & select_ln85_1 != 1 & trunc_ln88 == 18)> <Delay = 0.00>
ST_1 : Operation 180 [1/1] (0.00ns)   --->   "%br_ln88 = br void %arrayidx8332.0.0.045.exit" [seq_align_multiple.cpp:88]   --->   Operation 180 'br' 'br_ln88' <Predicate = (!icmp_ln85 & select_ln85_1 != 0 & select_ln85_1 != 1 & trunc_ln88 == 18)> <Delay = 0.00>
ST_1 : Operation 181 [1/1] (0.00ns)   --->   "%store_ln88 = store i10 0, i10 %dp_mem_44" [seq_align_multiple.cpp:88]   --->   Operation 181 'store' 'store_ln88' <Predicate = (!icmp_ln85 & select_ln85_1 != 0 & select_ln85_1 != 1 & trunc_ln88 == 17)> <Delay = 0.00>
ST_1 : Operation 182 [1/1] (0.00ns)   --->   "%br_ln88 = br void %arrayidx8332.0.0.045.exit" [seq_align_multiple.cpp:88]   --->   Operation 182 'br' 'br_ln88' <Predicate = (!icmp_ln85 & select_ln85_1 != 0 & select_ln85_1 != 1 & trunc_ln88 == 17)> <Delay = 0.00>
ST_1 : Operation 183 [1/1] (0.00ns)   --->   "%store_ln88 = store i10 0, i10 %dp_mem_45" [seq_align_multiple.cpp:88]   --->   Operation 183 'store' 'store_ln88' <Predicate = (!icmp_ln85 & select_ln85_1 != 0 & select_ln85_1 != 1 & trunc_ln88 == 16)> <Delay = 0.00>
ST_1 : Operation 184 [1/1] (0.00ns)   --->   "%br_ln88 = br void %arrayidx8332.0.0.045.exit" [seq_align_multiple.cpp:88]   --->   Operation 184 'br' 'br_ln88' <Predicate = (!icmp_ln85 & select_ln85_1 != 0 & select_ln85_1 != 1 & trunc_ln88 == 16)> <Delay = 0.00>
ST_1 : Operation 185 [1/1] (0.00ns)   --->   "%store_ln88 = store i10 0, i10 %dp_mem_46" [seq_align_multiple.cpp:88]   --->   Operation 185 'store' 'store_ln88' <Predicate = (!icmp_ln85 & select_ln85_1 != 0 & select_ln85_1 != 1 & trunc_ln88 == 15)> <Delay = 0.00>
ST_1 : Operation 186 [1/1] (0.00ns)   --->   "%br_ln88 = br void %arrayidx8332.0.0.045.exit" [seq_align_multiple.cpp:88]   --->   Operation 186 'br' 'br_ln88' <Predicate = (!icmp_ln85 & select_ln85_1 != 0 & select_ln85_1 != 1 & trunc_ln88 == 15)> <Delay = 0.00>
ST_1 : Operation 187 [1/1] (0.00ns)   --->   "%store_ln88 = store i10 0, i10 %dp_mem_47" [seq_align_multiple.cpp:88]   --->   Operation 187 'store' 'store_ln88' <Predicate = (!icmp_ln85 & select_ln85_1 != 0 & select_ln85_1 != 1 & trunc_ln88 == 14)> <Delay = 0.00>
ST_1 : Operation 188 [1/1] (0.00ns)   --->   "%br_ln88 = br void %arrayidx8332.0.0.045.exit" [seq_align_multiple.cpp:88]   --->   Operation 188 'br' 'br_ln88' <Predicate = (!icmp_ln85 & select_ln85_1 != 0 & select_ln85_1 != 1 & trunc_ln88 == 14)> <Delay = 0.00>
ST_1 : Operation 189 [1/1] (0.00ns)   --->   "%store_ln88 = store i10 0, i10 %dp_mem_48" [seq_align_multiple.cpp:88]   --->   Operation 189 'store' 'store_ln88' <Predicate = (!icmp_ln85 & select_ln85_1 != 0 & select_ln85_1 != 1 & trunc_ln88 == 13)> <Delay = 0.00>
ST_1 : Operation 190 [1/1] (0.00ns)   --->   "%br_ln88 = br void %arrayidx8332.0.0.045.exit" [seq_align_multiple.cpp:88]   --->   Operation 190 'br' 'br_ln88' <Predicate = (!icmp_ln85 & select_ln85_1 != 0 & select_ln85_1 != 1 & trunc_ln88 == 13)> <Delay = 0.00>
ST_1 : Operation 191 [1/1] (0.00ns)   --->   "%store_ln88 = store i10 0, i10 %dp_mem_49" [seq_align_multiple.cpp:88]   --->   Operation 191 'store' 'store_ln88' <Predicate = (!icmp_ln85 & select_ln85_1 != 0 & select_ln85_1 != 1 & trunc_ln88 == 12)> <Delay = 0.00>
ST_1 : Operation 192 [1/1] (0.00ns)   --->   "%br_ln88 = br void %arrayidx8332.0.0.045.exit" [seq_align_multiple.cpp:88]   --->   Operation 192 'br' 'br_ln88' <Predicate = (!icmp_ln85 & select_ln85_1 != 0 & select_ln85_1 != 1 & trunc_ln88 == 12)> <Delay = 0.00>
ST_1 : Operation 193 [1/1] (0.00ns)   --->   "%store_ln88 = store i10 0, i10 %dp_mem_50" [seq_align_multiple.cpp:88]   --->   Operation 193 'store' 'store_ln88' <Predicate = (!icmp_ln85 & select_ln85_1 != 0 & select_ln85_1 != 1 & trunc_ln88 == 11)> <Delay = 0.00>
ST_1 : Operation 194 [1/1] (0.00ns)   --->   "%br_ln88 = br void %arrayidx8332.0.0.045.exit" [seq_align_multiple.cpp:88]   --->   Operation 194 'br' 'br_ln88' <Predicate = (!icmp_ln85 & select_ln85_1 != 0 & select_ln85_1 != 1 & trunc_ln88 == 11)> <Delay = 0.00>
ST_1 : Operation 195 [1/1] (0.00ns)   --->   "%store_ln88 = store i10 0, i10 %dp_mem_51" [seq_align_multiple.cpp:88]   --->   Operation 195 'store' 'store_ln88' <Predicate = (!icmp_ln85 & select_ln85_1 != 0 & select_ln85_1 != 1 & trunc_ln88 == 10)> <Delay = 0.00>
ST_1 : Operation 196 [1/1] (0.00ns)   --->   "%br_ln88 = br void %arrayidx8332.0.0.045.exit" [seq_align_multiple.cpp:88]   --->   Operation 196 'br' 'br_ln88' <Predicate = (!icmp_ln85 & select_ln85_1 != 0 & select_ln85_1 != 1 & trunc_ln88 == 10)> <Delay = 0.00>
ST_1 : Operation 197 [1/1] (0.00ns)   --->   "%store_ln88 = store i10 0, i10 %dp_mem_52" [seq_align_multiple.cpp:88]   --->   Operation 197 'store' 'store_ln88' <Predicate = (!icmp_ln85 & select_ln85_1 != 0 & select_ln85_1 != 1 & trunc_ln88 == 9)> <Delay = 0.00>
ST_1 : Operation 198 [1/1] (0.00ns)   --->   "%br_ln88 = br void %arrayidx8332.0.0.045.exit" [seq_align_multiple.cpp:88]   --->   Operation 198 'br' 'br_ln88' <Predicate = (!icmp_ln85 & select_ln85_1 != 0 & select_ln85_1 != 1 & trunc_ln88 == 9)> <Delay = 0.00>
ST_1 : Operation 199 [1/1] (0.00ns)   --->   "%store_ln88 = store i10 0, i10 %dp_mem_53" [seq_align_multiple.cpp:88]   --->   Operation 199 'store' 'store_ln88' <Predicate = (!icmp_ln85 & select_ln85_1 != 0 & select_ln85_1 != 1 & trunc_ln88 == 8)> <Delay = 0.00>
ST_1 : Operation 200 [1/1] (0.00ns)   --->   "%br_ln88 = br void %arrayidx8332.0.0.045.exit" [seq_align_multiple.cpp:88]   --->   Operation 200 'br' 'br_ln88' <Predicate = (!icmp_ln85 & select_ln85_1 != 0 & select_ln85_1 != 1 & trunc_ln88 == 8)> <Delay = 0.00>
ST_1 : Operation 201 [1/1] (0.00ns)   --->   "%store_ln88 = store i10 0, i10 %dp_mem_54" [seq_align_multiple.cpp:88]   --->   Operation 201 'store' 'store_ln88' <Predicate = (!icmp_ln85 & select_ln85_1 != 0 & select_ln85_1 != 1 & trunc_ln88 == 7)> <Delay = 0.00>
ST_1 : Operation 202 [1/1] (0.00ns)   --->   "%br_ln88 = br void %arrayidx8332.0.0.045.exit" [seq_align_multiple.cpp:88]   --->   Operation 202 'br' 'br_ln88' <Predicate = (!icmp_ln85 & select_ln85_1 != 0 & select_ln85_1 != 1 & trunc_ln88 == 7)> <Delay = 0.00>
ST_1 : Operation 203 [1/1] (0.00ns)   --->   "%store_ln88 = store i10 0, i10 %dp_mem_55" [seq_align_multiple.cpp:88]   --->   Operation 203 'store' 'store_ln88' <Predicate = (!icmp_ln85 & select_ln85_1 != 0 & select_ln85_1 != 1 & trunc_ln88 == 6)> <Delay = 0.00>
ST_1 : Operation 204 [1/1] (0.00ns)   --->   "%br_ln88 = br void %arrayidx8332.0.0.045.exit" [seq_align_multiple.cpp:88]   --->   Operation 204 'br' 'br_ln88' <Predicate = (!icmp_ln85 & select_ln85_1 != 0 & select_ln85_1 != 1 & trunc_ln88 == 6)> <Delay = 0.00>
ST_1 : Operation 205 [1/1] (0.00ns)   --->   "%store_ln88 = store i10 0, i10 %dp_mem_56" [seq_align_multiple.cpp:88]   --->   Operation 205 'store' 'store_ln88' <Predicate = (!icmp_ln85 & select_ln85_1 != 0 & select_ln85_1 != 1 & trunc_ln88 == 5)> <Delay = 0.00>
ST_1 : Operation 206 [1/1] (0.00ns)   --->   "%br_ln88 = br void %arrayidx8332.0.0.045.exit" [seq_align_multiple.cpp:88]   --->   Operation 206 'br' 'br_ln88' <Predicate = (!icmp_ln85 & select_ln85_1 != 0 & select_ln85_1 != 1 & trunc_ln88 == 5)> <Delay = 0.00>
ST_1 : Operation 207 [1/1] (0.00ns)   --->   "%store_ln88 = store i10 0, i10 %dp_mem_57" [seq_align_multiple.cpp:88]   --->   Operation 207 'store' 'store_ln88' <Predicate = (!icmp_ln85 & select_ln85_1 != 0 & select_ln85_1 != 1 & trunc_ln88 == 4)> <Delay = 0.00>
ST_1 : Operation 208 [1/1] (0.00ns)   --->   "%br_ln88 = br void %arrayidx8332.0.0.045.exit" [seq_align_multiple.cpp:88]   --->   Operation 208 'br' 'br_ln88' <Predicate = (!icmp_ln85 & select_ln85_1 != 0 & select_ln85_1 != 1 & trunc_ln88 == 4)> <Delay = 0.00>
ST_1 : Operation 209 [1/1] (0.00ns)   --->   "%store_ln88 = store i10 0, i10 %dp_mem_58" [seq_align_multiple.cpp:88]   --->   Operation 209 'store' 'store_ln88' <Predicate = (!icmp_ln85 & select_ln85_1 != 0 & select_ln85_1 != 1 & trunc_ln88 == 3)> <Delay = 0.00>
ST_1 : Operation 210 [1/1] (0.00ns)   --->   "%br_ln88 = br void %arrayidx8332.0.0.045.exit" [seq_align_multiple.cpp:88]   --->   Operation 210 'br' 'br_ln88' <Predicate = (!icmp_ln85 & select_ln85_1 != 0 & select_ln85_1 != 1 & trunc_ln88 == 3)> <Delay = 0.00>
ST_1 : Operation 211 [1/1] (0.00ns)   --->   "%store_ln88 = store i10 0, i10 %dp_mem_59" [seq_align_multiple.cpp:88]   --->   Operation 211 'store' 'store_ln88' <Predicate = (!icmp_ln85 & select_ln85_1 != 0 & select_ln85_1 != 1 & trunc_ln88 == 2)> <Delay = 0.00>
ST_1 : Operation 212 [1/1] (0.00ns)   --->   "%br_ln88 = br void %arrayidx8332.0.0.045.exit" [seq_align_multiple.cpp:88]   --->   Operation 212 'br' 'br_ln88' <Predicate = (!icmp_ln85 & select_ln85_1 != 0 & select_ln85_1 != 1 & trunc_ln88 == 2)> <Delay = 0.00>
ST_1 : Operation 213 [1/1] (0.00ns)   --->   "%store_ln88 = store i10 0, i10 %dp_mem_60" [seq_align_multiple.cpp:88]   --->   Operation 213 'store' 'store_ln88' <Predicate = (!icmp_ln85 & select_ln85_1 != 0 & select_ln85_1 != 1 & trunc_ln88 == 1)> <Delay = 0.00>
ST_1 : Operation 214 [1/1] (0.00ns)   --->   "%br_ln88 = br void %arrayidx8332.0.0.045.exit" [seq_align_multiple.cpp:88]   --->   Operation 214 'br' 'br_ln88' <Predicate = (!icmp_ln85 & select_ln85_1 != 0 & select_ln85_1 != 1 & trunc_ln88 == 1)> <Delay = 0.00>
ST_1 : Operation 215 [1/1] (0.00ns)   --->   "%store_ln88 = store i10 0, i10 %dp_mem_61" [seq_align_multiple.cpp:88]   --->   Operation 215 'store' 'store_ln88' <Predicate = (!icmp_ln85 & select_ln85_1 != 0 & select_ln85_1 != 1 & trunc_ln88 == 0)> <Delay = 0.00>
ST_1 : Operation 216 [1/1] (0.00ns)   --->   "%br_ln88 = br void %arrayidx8332.0.0.045.exit" [seq_align_multiple.cpp:88]   --->   Operation 216 'br' 'br_ln88' <Predicate = (!icmp_ln85 & select_ln85_1 != 0 & select_ln85_1 != 1 & trunc_ln88 == 0)> <Delay = 0.00>
ST_1 : Operation 217 [1/1] (0.00ns)   --->   "%store_ln88 = store i10 0, i10 %dp_mem_62" [seq_align_multiple.cpp:88]   --->   Operation 217 'store' 'store_ln88' <Predicate = (!icmp_ln85 & select_ln85_1 != 0 & select_ln85_1 != 1 & trunc_ln88 == 31)> <Delay = 0.00>
ST_1 : Operation 218 [1/1] (0.00ns)   --->   "%br_ln88 = br void %arrayidx8332.0.0.045.exit" [seq_align_multiple.cpp:88]   --->   Operation 218 'br' 'br_ln88' <Predicate = (!icmp_ln85 & select_ln85_1 != 0 & select_ln85_1 != 1 & trunc_ln88 == 31)> <Delay = 0.00>
ST_1 : Operation 219 [1/1] (0.84ns)   --->   "%add_ln86 = add i6 %select_ln85, i6 1" [seq_align_multiple.cpp:86]   --->   Operation 219 'add' 'add_ln86' <Predicate = (!icmp_ln85)> <Delay = 0.84> <CoreInst = "Adder">   --->   Core 1 'Adder' <Latency = 0> <II = 1> <Delay = 0.84> <FuncUnit> <Opcode : 'add' 'sub'> <InPorts = 2> <OutPorts = 1>
ST_1 : Operation 220 [1/1] (0.46ns)   --->   "%store_ln86 = store i7 %add_ln85_1, i7 %indvar_flatten69" [seq_align_multiple.cpp:86]   --->   Operation 220 'store' 'store_ln86' <Predicate = (!icmp_ln85)> <Delay = 0.46>
ST_1 : Operation 221 [1/1] (0.46ns)   --->   "%store_ln86 = store i2 %select_ln85_1, i2 %gg" [seq_align_multiple.cpp:86]   --->   Operation 221 'store' 'store_ln86' <Predicate = (!icmp_ln85)> <Delay = 0.46>
ST_1 : Operation 222 [1/1] (0.46ns)   --->   "%store_ln86 = store i6 %add_ln86, i6 %ij" [seq_align_multiple.cpp:86]   --->   Operation 222 'store' 'store_ln86' <Predicate = (!icmp_ln85)> <Delay = 0.46>
ST_1 : Operation 223 [1/1] (0.00ns)   --->   "%br_ln86 = br void %for.body78" [seq_align_multiple.cpp:86]   --->   Operation 223 'br' 'br_ln86' <Predicate = (!icmp_ln85)> <Delay = 0.00>
ST_1 : Operation 224 [1/1] (0.00ns)   --->   "%dp_mem_load = load i10 %dp_mem"   --->   Operation 224 'load' 'dp_mem_load' <Predicate = (icmp_ln85)> <Delay = 0.00>
ST_1 : Operation 225 [1/1] (0.00ns)   --->   "%dp_mem_1_load = load i10 %dp_mem_1"   --->   Operation 225 'load' 'dp_mem_1_load' <Predicate = (icmp_ln85)> <Delay = 0.00>
ST_1 : Operation 226 [1/1] (0.00ns)   --->   "%dp_mem_2_load = load i10 %dp_mem_2"   --->   Operation 226 'load' 'dp_mem_2_load' <Predicate = (icmp_ln85)> <Delay = 0.00>
ST_1 : Operation 227 [1/1] (0.00ns)   --->   "%dp_mem_3_load = load i10 %dp_mem_3"   --->   Operation 227 'load' 'dp_mem_3_load' <Predicate = (icmp_ln85)> <Delay = 0.00>
ST_1 : Operation 228 [1/1] (0.00ns)   --->   "%dp_mem_4_load = load i10 %dp_mem_4"   --->   Operation 228 'load' 'dp_mem_4_load' <Predicate = (icmp_ln85)> <Delay = 0.00>
ST_1 : Operation 229 [1/1] (0.00ns)   --->   "%dp_mem_5_load = load i10 %dp_mem_5"   --->   Operation 229 'load' 'dp_mem_5_load' <Predicate = (icmp_ln85)> <Delay = 0.00>
ST_1 : Operation 230 [1/1] (0.00ns)   --->   "%dp_mem_6_load = load i10 %dp_mem_6"   --->   Operation 230 'load' 'dp_mem_6_load' <Predicate = (icmp_ln85)> <Delay = 0.00>
ST_1 : Operation 231 [1/1] (0.00ns)   --->   "%dp_mem_7_load = load i10 %dp_mem_7"   --->   Operation 231 'load' 'dp_mem_7_load' <Predicate = (icmp_ln85)> <Delay = 0.00>
ST_1 : Operation 232 [1/1] (0.00ns)   --->   "%dp_mem_8_load = load i10 %dp_mem_8"   --->   Operation 232 'load' 'dp_mem_8_load' <Predicate = (icmp_ln85)> <Delay = 0.00>
ST_1 : Operation 233 [1/1] (0.00ns)   --->   "%dp_mem_9_load = load i10 %dp_mem_9"   --->   Operation 233 'load' 'dp_mem_9_load' <Predicate = (icmp_ln85)> <Delay = 0.00>
ST_1 : Operation 234 [1/1] (0.00ns)   --->   "%dp_mem_10_load = load i10 %dp_mem_10"   --->   Operation 234 'load' 'dp_mem_10_load' <Predicate = (icmp_ln85)> <Delay = 0.00>
ST_1 : Operation 235 [1/1] (0.00ns)   --->   "%dp_mem_11_load = load i10 %dp_mem_11"   --->   Operation 235 'load' 'dp_mem_11_load' <Predicate = (icmp_ln85)> <Delay = 0.00>
ST_1 : Operation 236 [1/1] (0.00ns)   --->   "%dp_mem_12_load = load i10 %dp_mem_12"   --->   Operation 236 'load' 'dp_mem_12_load' <Predicate = (icmp_ln85)> <Delay = 0.00>
ST_1 : Operation 237 [1/1] (0.00ns)   --->   "%dp_mem_13_load = load i10 %dp_mem_13"   --->   Operation 237 'load' 'dp_mem_13_load' <Predicate = (icmp_ln85)> <Delay = 0.00>
ST_1 : Operation 238 [1/1] (0.00ns)   --->   "%dp_mem_14_load = load i10 %dp_mem_14"   --->   Operation 238 'load' 'dp_mem_14_load' <Predicate = (icmp_ln85)> <Delay = 0.00>
ST_1 : Operation 239 [1/1] (0.00ns)   --->   "%dp_mem_15_load = load i10 %dp_mem_15"   --->   Operation 239 'load' 'dp_mem_15_load' <Predicate = (icmp_ln85)> <Delay = 0.00>
ST_1 : Operation 240 [1/1] (0.00ns)   --->   "%dp_mem_16_load = load i10 %dp_mem_16"   --->   Operation 240 'load' 'dp_mem_16_load' <Predicate = (icmp_ln85)> <Delay = 0.00>
ST_1 : Operation 241 [1/1] (0.00ns)   --->   "%dp_mem_17_load = load i10 %dp_mem_17"   --->   Operation 241 'load' 'dp_mem_17_load' <Predicate = (icmp_ln85)> <Delay = 0.00>
ST_1 : Operation 242 [1/1] (0.00ns)   --->   "%dp_mem_18_load = load i10 %dp_mem_18"   --->   Operation 242 'load' 'dp_mem_18_load' <Predicate = (icmp_ln85)> <Delay = 0.00>
ST_1 : Operation 243 [1/1] (0.00ns)   --->   "%dp_mem_19_load = load i10 %dp_mem_19"   --->   Operation 243 'load' 'dp_mem_19_load' <Predicate = (icmp_ln85)> <Delay = 0.00>
ST_1 : Operation 244 [1/1] (0.00ns)   --->   "%dp_mem_20_load = load i10 %dp_mem_20"   --->   Operation 244 'load' 'dp_mem_20_load' <Predicate = (icmp_ln85)> <Delay = 0.00>
ST_1 : Operation 245 [1/1] (0.00ns)   --->   "%dp_mem_21_load = load i10 %dp_mem_21"   --->   Operation 245 'load' 'dp_mem_21_load' <Predicate = (icmp_ln85)> <Delay = 0.00>
ST_1 : Operation 246 [1/1] (0.00ns)   --->   "%dp_mem_22_load = load i10 %dp_mem_22"   --->   Operation 246 'load' 'dp_mem_22_load' <Predicate = (icmp_ln85)> <Delay = 0.00>
ST_1 : Operation 247 [1/1] (0.00ns)   --->   "%dp_mem_23_load = load i10 %dp_mem_23"   --->   Operation 247 'load' 'dp_mem_23_load' <Predicate = (icmp_ln85)> <Delay = 0.00>
ST_1 : Operation 248 [1/1] (0.00ns)   --->   "%dp_mem_24_load = load i10 %dp_mem_24"   --->   Operation 248 'load' 'dp_mem_24_load' <Predicate = (icmp_ln85)> <Delay = 0.00>
ST_1 : Operation 249 [1/1] (0.00ns)   --->   "%dp_mem_25_load = load i10 %dp_mem_25"   --->   Operation 249 'load' 'dp_mem_25_load' <Predicate = (icmp_ln85)> <Delay = 0.00>
ST_1 : Operation 250 [1/1] (0.00ns)   --->   "%dp_mem_26_load = load i10 %dp_mem_26"   --->   Operation 250 'load' 'dp_mem_26_load' <Predicate = (icmp_ln85)> <Delay = 0.00>
ST_1 : Operation 251 [1/1] (0.00ns)   --->   "%dp_mem_27_load = load i10 %dp_mem_27"   --->   Operation 251 'load' 'dp_mem_27_load' <Predicate = (icmp_ln85)> <Delay = 0.00>
ST_1 : Operation 252 [1/1] (0.00ns)   --->   "%dp_mem_28_load = load i10 %dp_mem_28"   --->   Operation 252 'load' 'dp_mem_28_load' <Predicate = (icmp_ln85)> <Delay = 0.00>
ST_1 : Operation 253 [1/1] (0.00ns)   --->   "%dp_mem_29_load = load i10 %dp_mem_29"   --->   Operation 253 'load' 'dp_mem_29_load' <Predicate = (icmp_ln85)> <Delay = 0.00>
ST_1 : Operation 254 [1/1] (0.00ns)   --->   "%dp_mem_30_load = load i10 %dp_mem_30"   --->   Operation 254 'load' 'dp_mem_30_load' <Predicate = (icmp_ln85)> <Delay = 0.00>
ST_1 : Operation 255 [1/1] (0.00ns)   --->   "%dp_mem_31_load = load i10 %dp_mem_31"   --->   Operation 255 'load' 'dp_mem_31_load' <Predicate = (icmp_ln85)> <Delay = 0.00>
ST_1 : Operation 256 [1/1] (0.00ns)   --->   "%dp_mem_32_load = load i10 %dp_mem_32"   --->   Operation 256 'load' 'dp_mem_32_load' <Predicate = (icmp_ln85)> <Delay = 0.00>
ST_1 : Operation 257 [1/1] (0.00ns)   --->   "%dp_mem_33_load = load i10 %dp_mem_33"   --->   Operation 257 'load' 'dp_mem_33_load' <Predicate = (icmp_ln85)> <Delay = 0.00>
ST_1 : Operation 258 [1/1] (0.00ns)   --->   "%dp_mem_34_load = load i10 %dp_mem_34"   --->   Operation 258 'load' 'dp_mem_34_load' <Predicate = (icmp_ln85)> <Delay = 0.00>
ST_1 : Operation 259 [1/1] (0.00ns)   --->   "%dp_mem_35_load = load i10 %dp_mem_35"   --->   Operation 259 'load' 'dp_mem_35_load' <Predicate = (icmp_ln85)> <Delay = 0.00>
ST_1 : Operation 260 [1/1] (0.00ns)   --->   "%dp_mem_36_load = load i10 %dp_mem_36"   --->   Operation 260 'load' 'dp_mem_36_load' <Predicate = (icmp_ln85)> <Delay = 0.00>
ST_1 : Operation 261 [1/1] (0.00ns)   --->   "%dp_mem_37_load = load i10 %dp_mem_37"   --->   Operation 261 'load' 'dp_mem_37_load' <Predicate = (icmp_ln85)> <Delay = 0.00>
ST_1 : Operation 262 [1/1] (0.00ns)   --->   "%dp_mem_38_load = load i10 %dp_mem_38"   --->   Operation 262 'load' 'dp_mem_38_load' <Predicate = (icmp_ln85)> <Delay = 0.00>
ST_1 : Operation 263 [1/1] (0.00ns)   --->   "%dp_mem_39_load = load i10 %dp_mem_39"   --->   Operation 263 'load' 'dp_mem_39_load' <Predicate = (icmp_ln85)> <Delay = 0.00>
ST_1 : Operation 264 [1/1] (0.00ns)   --->   "%dp_mem_40_load = load i10 %dp_mem_40"   --->   Operation 264 'load' 'dp_mem_40_load' <Predicate = (icmp_ln85)> <Delay = 0.00>
ST_1 : Operation 265 [1/1] (0.00ns)   --->   "%dp_mem_41_load = load i10 %dp_mem_41"   --->   Operation 265 'load' 'dp_mem_41_load' <Predicate = (icmp_ln85)> <Delay = 0.00>
ST_1 : Operation 266 [1/1] (0.00ns)   --->   "%dp_mem_42_load = load i10 %dp_mem_42"   --->   Operation 266 'load' 'dp_mem_42_load' <Predicate = (icmp_ln85)> <Delay = 0.00>
ST_1 : Operation 267 [1/1] (0.00ns)   --->   "%dp_mem_43_load = load i10 %dp_mem_43"   --->   Operation 267 'load' 'dp_mem_43_load' <Predicate = (icmp_ln85)> <Delay = 0.00>
ST_1 : Operation 268 [1/1] (0.00ns)   --->   "%dp_mem_44_load = load i10 %dp_mem_44"   --->   Operation 268 'load' 'dp_mem_44_load' <Predicate = (icmp_ln85)> <Delay = 0.00>
ST_1 : Operation 269 [1/1] (0.00ns)   --->   "%dp_mem_45_load = load i10 %dp_mem_45"   --->   Operation 269 'load' 'dp_mem_45_load' <Predicate = (icmp_ln85)> <Delay = 0.00>
ST_1 : Operation 270 [1/1] (0.00ns)   --->   "%dp_mem_46_load = load i10 %dp_mem_46"   --->   Operation 270 'load' 'dp_mem_46_load' <Predicate = (icmp_ln85)> <Delay = 0.00>
ST_1 : Operation 271 [1/1] (0.00ns)   --->   "%dp_mem_47_load = load i10 %dp_mem_47"   --->   Operation 271 'load' 'dp_mem_47_load' <Predicate = (icmp_ln85)> <Delay = 0.00>
ST_1 : Operation 272 [1/1] (0.00ns)   --->   "%dp_mem_48_load = load i10 %dp_mem_48"   --->   Operation 272 'load' 'dp_mem_48_load' <Predicate = (icmp_ln85)> <Delay = 0.00>
ST_1 : Operation 273 [1/1] (0.00ns)   --->   "%dp_mem_49_load = load i10 %dp_mem_49"   --->   Operation 273 'load' 'dp_mem_49_load' <Predicate = (icmp_ln85)> <Delay = 0.00>
ST_1 : Operation 274 [1/1] (0.00ns)   --->   "%dp_mem_50_load = load i10 %dp_mem_50"   --->   Operation 274 'load' 'dp_mem_50_load' <Predicate = (icmp_ln85)> <Delay = 0.00>
ST_1 : Operation 275 [1/1] (0.00ns)   --->   "%dp_mem_51_load = load i10 %dp_mem_51"   --->   Operation 275 'load' 'dp_mem_51_load' <Predicate = (icmp_ln85)> <Delay = 0.00>
ST_1 : Operation 276 [1/1] (0.00ns)   --->   "%dp_mem_52_load = load i10 %dp_mem_52"   --->   Operation 276 'load' 'dp_mem_52_load' <Predicate = (icmp_ln85)> <Delay = 0.00>
ST_1 : Operation 277 [1/1] (0.00ns)   --->   "%dp_mem_53_load = load i10 %dp_mem_53"   --->   Operation 277 'load' 'dp_mem_53_load' <Predicate = (icmp_ln85)> <Delay = 0.00>
ST_1 : Operation 278 [1/1] (0.00ns)   --->   "%dp_mem_54_load = load i10 %dp_mem_54"   --->   Operation 278 'load' 'dp_mem_54_load' <Predicate = (icmp_ln85)> <Delay = 0.00>
ST_1 : Operation 279 [1/1] (0.00ns)   --->   "%dp_mem_55_load = load i10 %dp_mem_55"   --->   Operation 279 'load' 'dp_mem_55_load' <Predicate = (icmp_ln85)> <Delay = 0.00>
ST_1 : Operation 280 [1/1] (0.00ns)   --->   "%dp_mem_56_load = load i10 %dp_mem_56"   --->   Operation 280 'load' 'dp_mem_56_load' <Predicate = (icmp_ln85)> <Delay = 0.00>
ST_1 : Operation 281 [1/1] (0.00ns)   --->   "%dp_mem_57_load = load i10 %dp_mem_57"   --->   Operation 281 'load' 'dp_mem_57_load' <Predicate = (icmp_ln85)> <Delay = 0.00>
ST_1 : Operation 282 [1/1] (0.00ns)   --->   "%dp_mem_58_load = load i10 %dp_mem_58"   --->   Operation 282 'load' 'dp_mem_58_load' <Predicate = (icmp_ln85)> <Delay = 0.00>
ST_1 : Operation 283 [1/1] (0.00ns)   --->   "%dp_mem_59_load = load i10 %dp_mem_59"   --->   Operation 283 'load' 'dp_mem_59_load' <Predicate = (icmp_ln85)> <Delay = 0.00>
ST_1 : Operation 284 [1/1] (0.00ns)   --->   "%dp_mem_60_load = load i10 %dp_mem_60"   --->   Operation 284 'load' 'dp_mem_60_load' <Predicate = (icmp_ln85)> <Delay = 0.00>
ST_1 : Operation 285 [1/1] (0.00ns)   --->   "%dp_mem_61_load = load i10 %dp_mem_61"   --->   Operation 285 'load' 'dp_mem_61_load' <Predicate = (icmp_ln85)> <Delay = 0.00>
ST_1 : Operation 286 [1/1] (0.00ns)   --->   "%dp_mem_62_load = load i10 %dp_mem_62"   --->   Operation 286 'load' 'dp_mem_62_load' <Predicate = (icmp_ln85)> <Delay = 0.00>
ST_1 : Operation 287 [1/1] (0.00ns)   --->   "%write_ln0 = write void @_ssdm_op_Write.ap_auto.i10P0A, i10 %p_out, i10 %dp_mem_62_load"   --->   Operation 287 'write' 'write_ln0' <Predicate = (icmp_ln85)> <Delay = 0.00>
ST_1 : Operation 288 [1/1] (0.00ns)   --->   "%write_ln0 = write void @_ssdm_op_Write.ap_auto.i10P0A, i10 %p_out1, i10 %dp_mem_61_load"   --->   Operation 288 'write' 'write_ln0' <Predicate = (icmp_ln85)> <Delay = 0.00>
ST_1 : Operation 289 [1/1] (0.00ns)   --->   "%write_ln0 = write void @_ssdm_op_Write.ap_auto.i10P0A, i10 %p_out2, i10 %dp_mem_60_load"   --->   Operation 289 'write' 'write_ln0' <Predicate = (icmp_ln85)> <Delay = 0.00>
ST_1 : Operation 290 [1/1] (0.00ns)   --->   "%write_ln0 = write void @_ssdm_op_Write.ap_auto.i10P0A, i10 %p_out3, i10 %dp_mem_59_load"   --->   Operation 290 'write' 'write_ln0' <Predicate = (icmp_ln85)> <Delay = 0.00>
ST_1 : Operation 291 [1/1] (0.00ns)   --->   "%write_ln0 = write void @_ssdm_op_Write.ap_auto.i10P0A, i10 %p_out4, i10 %dp_mem_58_load"   --->   Operation 291 'write' 'write_ln0' <Predicate = (icmp_ln85)> <Delay = 0.00>
ST_1 : Operation 292 [1/1] (0.00ns)   --->   "%write_ln0 = write void @_ssdm_op_Write.ap_auto.i10P0A, i10 %p_out5, i10 %dp_mem_57_load"   --->   Operation 292 'write' 'write_ln0' <Predicate = (icmp_ln85)> <Delay = 0.00>
ST_1 : Operation 293 [1/1] (0.00ns)   --->   "%write_ln0 = write void @_ssdm_op_Write.ap_auto.i10P0A, i10 %p_out6, i10 %dp_mem_56_load"   --->   Operation 293 'write' 'write_ln0' <Predicate = (icmp_ln85)> <Delay = 0.00>
ST_1 : Operation 294 [1/1] (0.00ns)   --->   "%write_ln0 = write void @_ssdm_op_Write.ap_auto.i10P0A, i10 %p_out7, i10 %dp_mem_55_load"   --->   Operation 294 'write' 'write_ln0' <Predicate = (icmp_ln85)> <Delay = 0.00>
ST_1 : Operation 295 [1/1] (0.00ns)   --->   "%write_ln0 = write void @_ssdm_op_Write.ap_auto.i10P0A, i10 %p_out8, i10 %dp_mem_54_load"   --->   Operation 295 'write' 'write_ln0' <Predicate = (icmp_ln85)> <Delay = 0.00>
ST_1 : Operation 296 [1/1] (0.00ns)   --->   "%write_ln0 = write void @_ssdm_op_Write.ap_auto.i10P0A, i10 %p_out9, i10 %dp_mem_53_load"   --->   Operation 296 'write' 'write_ln0' <Predicate = (icmp_ln85)> <Delay = 0.00>
ST_1 : Operation 297 [1/1] (0.00ns)   --->   "%write_ln0 = write void @_ssdm_op_Write.ap_auto.i10P0A, i10 %p_out10, i10 %dp_mem_52_load"   --->   Operation 297 'write' 'write_ln0' <Predicate = (icmp_ln85)> <Delay = 0.00>
ST_1 : Operation 298 [1/1] (0.00ns)   --->   "%write_ln0 = write void @_ssdm_op_Write.ap_auto.i10P0A, i10 %p_out11, i10 %dp_mem_51_load"   --->   Operation 298 'write' 'write_ln0' <Predicate = (icmp_ln85)> <Delay = 0.00>
ST_1 : Operation 299 [1/1] (0.00ns)   --->   "%write_ln0 = write void @_ssdm_op_Write.ap_auto.i10P0A, i10 %p_out12, i10 %dp_mem_50_load"   --->   Operation 299 'write' 'write_ln0' <Predicate = (icmp_ln85)> <Delay = 0.00>
ST_1 : Operation 300 [1/1] (0.00ns)   --->   "%write_ln0 = write void @_ssdm_op_Write.ap_auto.i10P0A, i10 %p_out13, i10 %dp_mem_49_load"   --->   Operation 300 'write' 'write_ln0' <Predicate = (icmp_ln85)> <Delay = 0.00>
ST_1 : Operation 301 [1/1] (0.00ns)   --->   "%write_ln0 = write void @_ssdm_op_Write.ap_auto.i10P0A, i10 %p_out14, i10 %dp_mem_48_load"   --->   Operation 301 'write' 'write_ln0' <Predicate = (icmp_ln85)> <Delay = 0.00>
ST_1 : Operation 302 [1/1] (0.00ns)   --->   "%write_ln0 = write void @_ssdm_op_Write.ap_auto.i10P0A, i10 %p_out15, i10 %dp_mem_47_load"   --->   Operation 302 'write' 'write_ln0' <Predicate = (icmp_ln85)> <Delay = 0.00>
ST_1 : Operation 303 [1/1] (0.00ns)   --->   "%write_ln0 = write void @_ssdm_op_Write.ap_auto.i10P0A, i10 %p_out16, i10 %dp_mem_46_load"   --->   Operation 303 'write' 'write_ln0' <Predicate = (icmp_ln85)> <Delay = 0.00>
ST_1 : Operation 304 [1/1] (0.00ns)   --->   "%write_ln0 = write void @_ssdm_op_Write.ap_auto.i10P0A, i10 %p_out17, i10 %dp_mem_45_load"   --->   Operation 304 'write' 'write_ln0' <Predicate = (icmp_ln85)> <Delay = 0.00>
ST_1 : Operation 305 [1/1] (0.00ns)   --->   "%write_ln0 = write void @_ssdm_op_Write.ap_auto.i10P0A, i10 %p_out18, i10 %dp_mem_44_load"   --->   Operation 305 'write' 'write_ln0' <Predicate = (icmp_ln85)> <Delay = 0.00>
ST_1 : Operation 306 [1/1] (0.00ns)   --->   "%write_ln0 = write void @_ssdm_op_Write.ap_auto.i10P0A, i10 %p_out19, i10 %dp_mem_43_load"   --->   Operation 306 'write' 'write_ln0' <Predicate = (icmp_ln85)> <Delay = 0.00>
ST_1 : Operation 307 [1/1] (0.00ns)   --->   "%write_ln0 = write void @_ssdm_op_Write.ap_auto.i10P0A, i10 %p_out20, i10 %dp_mem_42_load"   --->   Operation 307 'write' 'write_ln0' <Predicate = (icmp_ln85)> <Delay = 0.00>
ST_1 : Operation 308 [1/1] (0.00ns)   --->   "%write_ln0 = write void @_ssdm_op_Write.ap_auto.i10P0A, i10 %p_out21, i10 %dp_mem_41_load"   --->   Operation 308 'write' 'write_ln0' <Predicate = (icmp_ln85)> <Delay = 0.00>
ST_1 : Operation 309 [1/1] (0.00ns)   --->   "%write_ln0 = write void @_ssdm_op_Write.ap_auto.i10P0A, i10 %p_out22, i10 %dp_mem_40_load"   --->   Operation 309 'write' 'write_ln0' <Predicate = (icmp_ln85)> <Delay = 0.00>
ST_1 : Operation 310 [1/1] (0.00ns)   --->   "%write_ln0 = write void @_ssdm_op_Write.ap_auto.i10P0A, i10 %p_out23, i10 %dp_mem_39_load"   --->   Operation 310 'write' 'write_ln0' <Predicate = (icmp_ln85)> <Delay = 0.00>
ST_1 : Operation 311 [1/1] (0.00ns)   --->   "%write_ln0 = write void @_ssdm_op_Write.ap_auto.i10P0A, i10 %p_out24, i10 %dp_mem_38_load"   --->   Operation 311 'write' 'write_ln0' <Predicate = (icmp_ln85)> <Delay = 0.00>
ST_1 : Operation 312 [1/1] (0.00ns)   --->   "%write_ln0 = write void @_ssdm_op_Write.ap_auto.i10P0A, i10 %p_out25, i10 %dp_mem_37_load"   --->   Operation 312 'write' 'write_ln0' <Predicate = (icmp_ln85)> <Delay = 0.00>
ST_1 : Operation 313 [1/1] (0.00ns)   --->   "%write_ln0 = write void @_ssdm_op_Write.ap_auto.i10P0A, i10 %p_out26, i10 %dp_mem_36_load"   --->   Operation 313 'write' 'write_ln0' <Predicate = (icmp_ln85)> <Delay = 0.00>
ST_1 : Operation 314 [1/1] (0.00ns)   --->   "%write_ln0 = write void @_ssdm_op_Write.ap_auto.i10P0A, i10 %p_out27, i10 %dp_mem_35_load"   --->   Operation 314 'write' 'write_ln0' <Predicate = (icmp_ln85)> <Delay = 0.00>
ST_1 : Operation 315 [1/1] (0.00ns)   --->   "%write_ln0 = write void @_ssdm_op_Write.ap_auto.i10P0A, i10 %p_out28, i10 %dp_mem_34_load"   --->   Operation 315 'write' 'write_ln0' <Predicate = (icmp_ln85)> <Delay = 0.00>
ST_1 : Operation 316 [1/1] (0.00ns)   --->   "%write_ln0 = write void @_ssdm_op_Write.ap_auto.i10P0A, i10 %p_out29, i10 %dp_mem_33_load"   --->   Operation 316 'write' 'write_ln0' <Predicate = (icmp_ln85)> <Delay = 0.00>
ST_1 : Operation 317 [1/1] (0.00ns)   --->   "%write_ln0 = write void @_ssdm_op_Write.ap_auto.i10P0A, i10 %p_out30, i10 %dp_mem_32_load"   --->   Operation 317 'write' 'write_ln0' <Predicate = (icmp_ln85)> <Delay = 0.00>
ST_1 : Operation 318 [1/1] (0.00ns)   --->   "%write_ln0 = write void @_ssdm_op_Write.ap_auto.i10P0A, i10 %p_out31, i10 %dp_mem_31_load"   --->   Operation 318 'write' 'write_ln0' <Predicate = (icmp_ln85)> <Delay = 0.00>
ST_1 : Operation 319 [1/1] (0.00ns)   --->   "%write_ln0 = write void @_ssdm_op_Write.ap_auto.i10P0A, i10 %p_out32, i10 %dp_mem_30_load"   --->   Operation 319 'write' 'write_ln0' <Predicate = (icmp_ln85)> <Delay = 0.00>
ST_1 : Operation 320 [1/1] (0.00ns)   --->   "%write_ln0 = write void @_ssdm_op_Write.ap_auto.i10P0A, i10 %p_out33, i10 %dp_mem_29_load"   --->   Operation 320 'write' 'write_ln0' <Predicate = (icmp_ln85)> <Delay = 0.00>
ST_1 : Operation 321 [1/1] (0.00ns)   --->   "%write_ln0 = write void @_ssdm_op_Write.ap_auto.i10P0A, i10 %p_out34, i10 %dp_mem_28_load"   --->   Operation 321 'write' 'write_ln0' <Predicate = (icmp_ln85)> <Delay = 0.00>
ST_1 : Operation 322 [1/1] (0.00ns)   --->   "%write_ln0 = write void @_ssdm_op_Write.ap_auto.i10P0A, i10 %p_out35, i10 %dp_mem_27_load"   --->   Operation 322 'write' 'write_ln0' <Predicate = (icmp_ln85)> <Delay = 0.00>
ST_1 : Operation 323 [1/1] (0.00ns)   --->   "%write_ln0 = write void @_ssdm_op_Write.ap_auto.i10P0A, i10 %p_out36, i10 %dp_mem_26_load"   --->   Operation 323 'write' 'write_ln0' <Predicate = (icmp_ln85)> <Delay = 0.00>
ST_1 : Operation 324 [1/1] (0.00ns)   --->   "%write_ln0 = write void @_ssdm_op_Write.ap_auto.i10P0A, i10 %p_out37, i10 %dp_mem_25_load"   --->   Operation 324 'write' 'write_ln0' <Predicate = (icmp_ln85)> <Delay = 0.00>
ST_1 : Operation 325 [1/1] (0.00ns)   --->   "%write_ln0 = write void @_ssdm_op_Write.ap_auto.i10P0A, i10 %p_out38, i10 %dp_mem_24_load"   --->   Operation 325 'write' 'write_ln0' <Predicate = (icmp_ln85)> <Delay = 0.00>
ST_1 : Operation 326 [1/1] (0.00ns)   --->   "%write_ln0 = write void @_ssdm_op_Write.ap_auto.i10P0A, i10 %p_out39, i10 %dp_mem_23_load"   --->   Operation 326 'write' 'write_ln0' <Predicate = (icmp_ln85)> <Delay = 0.00>
ST_1 : Operation 327 [1/1] (0.00ns)   --->   "%write_ln0 = write void @_ssdm_op_Write.ap_auto.i10P0A, i10 %p_out40, i10 %dp_mem_22_load"   --->   Operation 327 'write' 'write_ln0' <Predicate = (icmp_ln85)> <Delay = 0.00>
ST_1 : Operation 328 [1/1] (0.00ns)   --->   "%write_ln0 = write void @_ssdm_op_Write.ap_auto.i10P0A, i10 %p_out41, i10 %dp_mem_21_load"   --->   Operation 328 'write' 'write_ln0' <Predicate = (icmp_ln85)> <Delay = 0.00>
ST_1 : Operation 329 [1/1] (0.00ns)   --->   "%write_ln0 = write void @_ssdm_op_Write.ap_auto.i10P0A, i10 %p_out42, i10 %dp_mem_20_load"   --->   Operation 329 'write' 'write_ln0' <Predicate = (icmp_ln85)> <Delay = 0.00>
ST_1 : Operation 330 [1/1] (0.00ns)   --->   "%write_ln0 = write void @_ssdm_op_Write.ap_auto.i10P0A, i10 %p_out43, i10 %dp_mem_19_load"   --->   Operation 330 'write' 'write_ln0' <Predicate = (icmp_ln85)> <Delay = 0.00>
ST_1 : Operation 331 [1/1] (0.00ns)   --->   "%write_ln0 = write void @_ssdm_op_Write.ap_auto.i10P0A, i10 %p_out44, i10 %dp_mem_18_load"   --->   Operation 331 'write' 'write_ln0' <Predicate = (icmp_ln85)> <Delay = 0.00>
ST_1 : Operation 332 [1/1] (0.00ns)   --->   "%write_ln0 = write void @_ssdm_op_Write.ap_auto.i10P0A, i10 %p_out45, i10 %dp_mem_17_load"   --->   Operation 332 'write' 'write_ln0' <Predicate = (icmp_ln85)> <Delay = 0.00>
ST_1 : Operation 333 [1/1] (0.00ns)   --->   "%write_ln0 = write void @_ssdm_op_Write.ap_auto.i10P0A, i10 %p_out46, i10 %dp_mem_16_load"   --->   Operation 333 'write' 'write_ln0' <Predicate = (icmp_ln85)> <Delay = 0.00>
ST_1 : Operation 334 [1/1] (0.00ns)   --->   "%write_ln0 = write void @_ssdm_op_Write.ap_auto.i10P0A, i10 %p_out47, i10 %dp_mem_15_load"   --->   Operation 334 'write' 'write_ln0' <Predicate = (icmp_ln85)> <Delay = 0.00>
ST_1 : Operation 335 [1/1] (0.00ns)   --->   "%write_ln0 = write void @_ssdm_op_Write.ap_auto.i10P0A, i10 %p_out48, i10 %dp_mem_14_load"   --->   Operation 335 'write' 'write_ln0' <Predicate = (icmp_ln85)> <Delay = 0.00>
ST_1 : Operation 336 [1/1] (0.00ns)   --->   "%write_ln0 = write void @_ssdm_op_Write.ap_auto.i10P0A, i10 %p_out49, i10 %dp_mem_13_load"   --->   Operation 336 'write' 'write_ln0' <Predicate = (icmp_ln85)> <Delay = 0.00>
ST_1 : Operation 337 [1/1] (0.00ns)   --->   "%write_ln0 = write void @_ssdm_op_Write.ap_auto.i10P0A, i10 %p_out50, i10 %dp_mem_12_load"   --->   Operation 337 'write' 'write_ln0' <Predicate = (icmp_ln85)> <Delay = 0.00>
ST_1 : Operation 338 [1/1] (0.00ns)   --->   "%write_ln0 = write void @_ssdm_op_Write.ap_auto.i10P0A, i10 %p_out51, i10 %dp_mem_11_load"   --->   Operation 338 'write' 'write_ln0' <Predicate = (icmp_ln85)> <Delay = 0.00>
ST_1 : Operation 339 [1/1] (0.00ns)   --->   "%write_ln0 = write void @_ssdm_op_Write.ap_auto.i10P0A, i10 %p_out52, i10 %dp_mem_10_load"   --->   Operation 339 'write' 'write_ln0' <Predicate = (icmp_ln85)> <Delay = 0.00>
ST_1 : Operation 340 [1/1] (0.00ns)   --->   "%write_ln0 = write void @_ssdm_op_Write.ap_auto.i10P0A, i10 %p_out53, i10 %dp_mem_9_load"   --->   Operation 340 'write' 'write_ln0' <Predicate = (icmp_ln85)> <Delay = 0.00>
ST_1 : Operation 341 [1/1] (0.00ns)   --->   "%write_ln0 = write void @_ssdm_op_Write.ap_auto.i10P0A, i10 %p_out54, i10 %dp_mem_8_load"   --->   Operation 341 'write' 'write_ln0' <Predicate = (icmp_ln85)> <Delay = 0.00>
ST_1 : Operation 342 [1/1] (0.00ns)   --->   "%write_ln0 = write void @_ssdm_op_Write.ap_auto.i10P0A, i10 %p_out55, i10 %dp_mem_7_load"   --->   Operation 342 'write' 'write_ln0' <Predicate = (icmp_ln85)> <Delay = 0.00>
ST_1 : Operation 343 [1/1] (0.00ns)   --->   "%write_ln0 = write void @_ssdm_op_Write.ap_auto.i10P0A, i10 %p_out56, i10 %dp_mem_6_load"   --->   Operation 343 'write' 'write_ln0' <Predicate = (icmp_ln85)> <Delay = 0.00>
ST_1 : Operation 344 [1/1] (0.00ns)   --->   "%write_ln0 = write void @_ssdm_op_Write.ap_auto.i10P0A, i10 %p_out57, i10 %dp_mem_5_load"   --->   Operation 344 'write' 'write_ln0' <Predicate = (icmp_ln85)> <Delay = 0.00>
ST_1 : Operation 345 [1/1] (0.00ns)   --->   "%write_ln0 = write void @_ssdm_op_Write.ap_auto.i10P0A, i10 %p_out58, i10 %dp_mem_4_load"   --->   Operation 345 'write' 'write_ln0' <Predicate = (icmp_ln85)> <Delay = 0.00>
ST_1 : Operation 346 [1/1] (0.00ns)   --->   "%write_ln0 = write void @_ssdm_op_Write.ap_auto.i10P0A, i10 %p_out59, i10 %dp_mem_3_load"   --->   Operation 346 'write' 'write_ln0' <Predicate = (icmp_ln85)> <Delay = 0.00>
ST_1 : Operation 347 [1/1] (0.00ns)   --->   "%write_ln0 = write void @_ssdm_op_Write.ap_auto.i10P0A, i10 %p_out60, i10 %dp_mem_2_load"   --->   Operation 347 'write' 'write_ln0' <Predicate = (icmp_ln85)> <Delay = 0.00>
ST_1 : Operation 348 [1/1] (0.00ns)   --->   "%write_ln0 = write void @_ssdm_op_Write.ap_auto.i10P0A, i10 %p_out61, i10 %dp_mem_1_load"   --->   Operation 348 'write' 'write_ln0' <Predicate = (icmp_ln85)> <Delay = 0.00>
ST_1 : Operation 349 [1/1] (0.00ns)   --->   "%write_ln0 = write void @_ssdm_op_Write.ap_auto.i10P0A, i10 %p_out62, i10 %dp_mem_load"   --->   Operation 349 'write' 'write_ln0' <Predicate = (icmp_ln85)> <Delay = 0.00>
ST_1 : Operation 350 [1/1] (0.00ns)   --->   "%ret_ln0 = ret"   --->   Operation 350 'ret' 'ret_ln0' <Predicate = (icmp_ln85)> <Delay = 0.00>


============================================================
+ Verbose Summary: Timing violations
============================================================
Target clock period: 4ns, clock uncertainty: 1.08ns.

 <State 1>: 2.38ns
The critical path consists of the following:
	'alloca' operation ('ij') [64]  (0 ns)
	'load' operation ('ij_load', seq_align_multiple.cpp:86) on local variable 'ij' [141]  (0 ns)
	'icmp' operation ('icmp_ln86', seq_align_multiple.cpp:86) [146]  (0.716 ns)
	'select' operation ('select_ln85', seq_align_multiple.cpp:85) [147]  (0.363 ns)
	'add' operation ('add_ln86', seq_align_multiple.cpp:86) [347]  (0.84 ns)
	'store' operation ('store_ln86', seq_align_multiple.cpp:86) of variable 'add_ln86', seq_align_multiple.cpp:86 on local variable 'ij' [350]  (0.46 ns)


============================================================
+ Verbose Summary: Binding
============================================================
N/A
* FSMD analyzer results:
  - Output states:
 - Input state : 
  - Chain level:
	State 1


============================================================
+ Verbose Summary: Datapath Resource usage 
============================================================
N/A
